{"C:\\Users\\danie\\OneDrive\\Documentos\\Daniel\\proyeto II\\DSVPayroll\\backend-nomina\\src\\middleware\\authMiddleware.js": {"path":"C:\\Users\\danie\\OneDrive\\Documentos\\Daniel\\proyeto II\\DSVPayroll\\backend-nomina\\src\\middleware\\authMiddleware.js","statementMap":{"0":{"start":{"line":1,"column":12},"end":{"line":1,"column":35}},"1":{"start":{"line":2,"column":17},"end":{"line":2,"column":46}},"2":{"start":{"line":5,"column":20},"end":{"line":82,"column":1}},"3":{"start":{"line":6,"column":2},"end":{"line":81,"column":3}},"4":{"start":{"line":7,"column":23},"end":{"line":7,"column":48}},"5":{"start":{"line":9,"column":4},"end":{"line":14,"column":5}},"6":{"start":{"line":10,"column":6},"end":{"line":13,"column":9}},"7":{"start":{"line":16,"column":18},"end":{"line":16,"column":42}},"8":{"start":{"line":18,"column":4},"end":{"line":23,"column":5}},"9":{"start":{"line":19,"column":6},"end":{"line":22,"column":9}},"10":{"start":{"line":25,"column":19},"end":{"line":25,"column":60}},"11":{"start":{"line":27,"column":20},"end":{"line":33,"column":5}},"12":{"start":{"line":35,"column":4},"end":{"line":40,"column":5}},"13":{"start":{"line":36,"column":6},"end":{"line":39,"column":9}},"14":{"start":{"line":42,"column":17},"end":{"line":42,"column":25}},"15":{"start":{"line":44,"column":4},"end":{"line":49,"column":5}},"16":{"start":{"line":45,"column":6},"end":{"line":48,"column":9}},"17":{"start":{"line":51,"column":4},"end":{"line":57,"column":6}},"18":{"start":{"line":59,"column":4},"end":{"line":59,"column":11}},"19":{"start":{"line":61,"column":4},"end":{"line":61,"column":58}},"20":{"start":{"line":63,"column":4},"end":{"line":68,"column":5}},"21":{"start":{"line":64,"column":6},"end":{"line":67,"column":9}},"22":{"start":{"line":70,"column":4},"end":{"line":75,"column":5}},"23":{"start":{"line":71,"column":6},"end":{"line":74,"column":9}},"24":{"start":{"line":77,"column":4},"end":{"line":80,"column":7}},"25":{"start":{"line":85,"column":20},"end":{"line":107,"column":1}},"26":{"start":{"line":86,"column":2},"end":{"line":106,"column":4}},"27":{"start":{"line":87,"column":4},"end":{"line":92,"column":5}},"28":{"start":{"line":88,"column":6},"end":{"line":91,"column":9}},"29":{"start":{"line":94,"column":26},"end":{"line":94,"column":61}},"30":{"start":{"line":96,"column":4},"end":{"line":103,"column":5}},"31":{"start":{"line":97,"column":6},"end":{"line":102,"column":9}},"32":{"start":{"line":105,"column":4},"end":{"line":105,"column":11}},"33":{"start":{"line":110,"column":26},"end":{"line":110,"column":62}},"34":{"start":{"line":113,"column":20},"end":{"line":113,"column":48}},"35":{"start":{"line":115,"column":0},"end":{"line":120,"column":2}}},"fnMap":{"0":{"name":"(anonymous_0)","decl":{"start":{"line":5,"column":20},"end":{"line":5,"column":21}},"loc":{"start":{"line":5,"column":46},"end":{"line":82,"column":1}},"line":5},"1":{"name":"(anonymous_1)","decl":{"start":{"line":85,"column":20},"end":{"line":85,"column":21}},"loc":{"start":{"line":85,"column":41},"end":{"line":107,"column":1}},"line":85},"2":{"name":"(anonymous_2)","decl":{"start":{"line":86,"column":9},"end":{"line":86,"column":10}},"loc":{"start":{"line":86,"column":29},"end":{"line":106,"column":3}},"line":86}},"branchMap":{"0":{"loc":{"start":{"line":9,"column":4},"end":{"line":14,"column":5}},"type":"if","locations":[{"start":{"line":9,"column":4},"end":{"line":14,"column":5}},{"start":{},"end":{}}],"line":9},"1":{"loc":{"start":{"line":18,"column":4},"end":{"line":23,"column":5}},"type":"if","locations":[{"start":{"line":18,"column":4},"end":{"line":23,"column":5}},{"start":{},"end":{}}],"line":18},"2":{"loc":{"start":{"line":35,"column":4},"end":{"line":40,"column":5}},"type":"if","locations":[{"start":{"line":35,"column":4},"end":{"line":40,"column":5}},{"start":{},"end":{}}],"line":35},"3":{"loc":{"start":{"line":44,"column":4},"end":{"line":49,"column":5}},"type":"if","locations":[{"start":{"line":44,"column":4},"end":{"line":49,"column":5}},{"start":{},"end":{}}],"line":44},"4":{"loc":{"start":{"line":63,"column":4},"end":{"line":68,"column":5}},"type":"if","locations":[{"start":{"line":63,"column":4},"end":{"line":68,"column":5}},{"start":{},"end":{}}],"line":63},"5":{"loc":{"start":{"line":70,"column":4},"end":{"line":75,"column":5}},"type":"if","locations":[{"start":{"line":70,"column":4},"end":{"line":75,"column":5}},{"start":{},"end":{}}],"line":70},"6":{"loc":{"start":{"line":87,"column":4},"end":{"line":92,"column":5}},"type":"if","locations":[{"start":{"line":87,"column":4},"end":{"line":92,"column":5}},{"start":{},"end":{}}],"line":87},"7":{"loc":{"start":{"line":96,"column":4},"end":{"line":103,"column":5}},"type":"if","locations":[{"start":{"line":96,"column":4},"end":{"line":103,"column":5}},{"start":{},"end":{}}],"line":96}},"s":{"0":0,"1":0,"2":0,"3":0,"4":0,"5":0,"6":0,"7":0,"8":0,"9":0,"10":0,"11":0,"12":0,"13":0,"14":0,"15":0,"16":0,"17":0,"18":0,"19":0,"20":0,"21":0,"22":0,"23":0,"24":0,"25":0,"26":0,"27":0,"28":0,"29":0,"30":0,"31":0,"32":0,"33":0,"34":0,"35":0},"f":{"0":0,"1":0,"2":0},"b":{"0":[0,0],"1":[0,0],"2":[0,0],"3":[0,0],"4":[0,0],"5":[0,0],"6":[0,0],"7":[0,0]}}
,"C:\\Users\\danie\\OneDrive\\Documentos\\Daniel\\proyeto II\\DSVPayroll\\backend-nomina\\src\\modules\\auth\\auth.constants.js": {"path":"C:\\Users\\danie\\OneDrive\\Documentos\\Daniel\\proyeto II\\DSVPayroll\\backend-nomina\\src\\modules\\auth\\auth.constants.js","statementMap":{"0":{"start":{"line":2,"column":28},"end":{"line":2,"column":29}},"1":{"start":{"line":3,"column":23},"end":{"line":3,"column":27}},"2":{"start":{"line":4,"column":42},"end":{"line":4,"column":44}},"3":{"start":{"line":6,"column":0},"end":{"line":10,"column":2}}},"fnMap":{},"branchMap":{},"s":{"0":0,"1":0,"2":0,"3":0},"f":{},"b":{}}
,"C:\\Users\\danie\\OneDrive\\Documentos\\Daniel\\proyeto II\\DSVPayroll\\backend-nomina\\src\\modules\\auth\\auth.controller.js": {"path":"C:\\Users\\danie\\OneDrive\\Documentos\\Daniel\\proyeto II\\DSVPayroll\\backend-nomina\\src\\modules\\auth\\auth.controller.js","statementMap":{"0":{"start":{"line":1,"column":15},"end":{"line":1,"column":32}},"1":{"start":{"line":2,"column":12},"end":{"line":2,"column":35}},"2":{"start":{"line":3,"column":17},"end":{"line":3,"column":52}},"3":{"start":{"line":4,"column":35},"end":{"line":4,"column":73}},"4":{"start":{"line":8,"column":4},"end":{"line":8,"column":31}},"5":{"start":{"line":13,"column":4},"end":{"line":13,"column":29}},"6":{"start":{"line":18,"column":4},"end":{"line":18,"column":37}},"7":{"start":{"line":21,"column":14},"end":{"line":101,"column":1}},"8":{"start":{"line":22,"column":2},"end":{"line":100,"column":3}},"9":{"start":{"line":23,"column":35},"end":{"line":23,"column":43}},"10":{"start":{"line":25,"column":4},"end":{"line":31,"column":5}},"11":{"start":{"line":26,"column":6},"end":{"line":30,"column":9}},"12":{"start":{"line":33,"column":20},"end":{"line":40,"column":5}},"13":{"start":{"line":42,"column":4},"end":{"line":48,"column":5}},"14":{"start":{"line":43,"column":6},"end":{"line":47,"column":9}},"15":{"start":{"line":50,"column":17},"end":{"line":50,"column":25}},"16":{"start":{"line":52,"column":4},"end":{"line":58,"column":5}},"17":{"start":{"line":53,"column":6},"end":{"line":57,"column":9}},"18":{"start":{"line":60,"column":26},"end":{"line":60,"column":71}},"19":{"start":{"line":62,"column":4},"end":{"line":68,"column":5}},"20":{"start":{"line":63,"column":6},"end":{"line":67,"column":9}},"21":{"start":{"line":70,"column":18},"end":{"line":78,"column":5}},"22":{"start":{"line":80,"column":4},"end":{"line":92,"column":7}},"23":{"start":{"line":94,"column":4},"end":{"line":94,"column":44}},"24":{"start":{"line":95,"column":4},"end":{"line":99,"column":7}},"25":{"start":{"line":104,"column":17},"end":{"line":201,"column":1}},"26":{"start":{"line":105,"column":2},"end":{"line":200,"column":3}},"27":{"start":{"line":106,"column":77},"end":{"line":106,"column":85}},"28":{"start":{"line":108,"column":4},"end":{"line":114,"column":5}},"29":{"start":{"line":109,"column":6},"end":{"line":113,"column":9}},"30":{"start":{"line":117,"column":28},"end":{"line":117,"column":48}},"31":{"start":{"line":118,"column":4},"end":{"line":124,"column":5}},"32":{"start":{"line":119,"column":6},"end":{"line":123,"column":9}},"33":{"start":{"line":127,"column":31},"end":{"line":127,"column":57}},"34":{"start":{"line":128,"column":4},"end":{"line":134,"column":5}},"35":{"start":{"line":129,"column":6},"end":{"line":133,"column":9}},"36":{"start":{"line":137,"column":4},"end":{"line":146,"column":5}},"37":{"start":{"line":138,"column":30},"end":{"line":138,"column":78}},"38":{"start":{"line":139,"column":6},"end":{"line":145,"column":7}},"39":{"start":{"line":140,"column":8},"end":{"line":144,"column":11}},"40":{"start":{"line":148,"column":28},"end":{"line":151,"column":5}},"41":{"start":{"line":153,"column":4},"end":{"line":159,"column":5}},"42":{"start":{"line":154,"column":6},"end":{"line":158,"column":9}},"43":{"start":{"line":161,"column":20},"end":{"line":164,"column":5}},"44":{"start":{"line":166,"column":4},"end":{"line":172,"column":5}},"45":{"start":{"line":167,"column":6},"end":{"line":171,"column":9}},"46":{"start":{"line":174,"column":27},"end":{"line":174,"column":58}},"47":{"start":{"line":176,"column":21},"end":{"line":180,"column":5}},"48":{"start":{"line":182,"column":4},"end":{"line":192,"column":7}},"49":{"start":{"line":194,"column":4},"end":{"line":194,"column":48}},"50":{"start":{"line":195,"column":4},"end":{"line":199,"column":7}},"51":{"start":{"line":204,"column":29},"end":{"line":267,"column":1}},"52":{"start":{"line":205,"column":2},"end":{"line":266,"column":3}},"53":{"start":{"line":206,"column":22},"end":{"line":206,"column":30}},"54":{"start":{"line":208,"column":4},"end":{"line":213,"column":5}},"55":{"start":{"line":209,"column":6},"end":{"line":212,"column":9}},"56":{"start":{"line":215,"column":20},"end":{"line":218,"column":5}},"57":{"start":{"line":220,"column":4},"end":{"line":225,"column":5}},"58":{"start":{"line":221,"column":6},"end":{"line":224,"column":9}},"59":{"start":{"line":227,"column":17},"end":{"line":227,"column":25}},"60":{"start":{"line":228,"column":23},"end":{"line":228,"column":51}},"61":{"start":{"line":229,"column":22},"end":{"line":229,"column":52}},"62":{"start":{"line":231,"column":4},"end":{"line":235,"column":6}},"63":{"start":{"line":237,"column":24},"end":{"line":241,"column":5}},"64":{"start":{"line":243,"column":4},"end":{"line":247,"column":5}},"65":{"start":{"line":244,"column":6},"end":{"line":244,"column":63}},"66":{"start":{"line":246,"column":6},"end":{"line":246,"column":65}},"67":{"start":{"line":249,"column":4},"end":{"line":259,"column":7}},"68":{"start":{"line":261,"column":4},"end":{"line":261,"column":59}},"69":{"start":{"line":262,"column":4},"end":{"line":265,"column":7}},"70":{"start":{"line":270,"column":22},"end":{"line":362,"column":1}},"71":{"start":{"line":271,"column":2},"end":{"line":361,"column":3}},"72":{"start":{"line":272,"column":42},"end":{"line":272,"column":50}},"73":{"start":{"line":274,"column":4},"end":{"line":280,"column":5}},"74":{"start":{"line":275,"column":6},"end":{"line":279,"column":9}},"75":{"start":{"line":282,"column":4},"end":{"line":288,"column":5}},"76":{"start":{"line":283,"column":6},"end":{"line":287,"column":9}},"77":{"start":{"line":290,"column":20},"end":{"line":293,"column":5}},"78":{"start":{"line":295,"column":4},"end":{"line":301,"column":5}},"79":{"start":{"line":296,"column":6},"end":{"line":300,"column":9}},"80":{"start":{"line":303,"column":19},"end":{"line":303,"column":38}},"81":{"start":{"line":305,"column":21},"end":{"line":312,"column":5}},"82":{"start":{"line":314,"column":4},"end":{"line":320,"column":5}},"83":{"start":{"line":315,"column":6},"end":{"line":319,"column":9}},"84":{"start":{"line":322,"column":23},"end":{"line":322,"column":32}},"85":{"start":{"line":324,"column":4},"end":{"line":329,"column":5}},"86":{"start":{"line":325,"column":6},"end":{"line":328,"column":9}},"87":{"start":{"line":331,"column":4},"end":{"line":336,"column":5}},"88":{"start":{"line":332,"column":6},"end":{"line":335,"column":9}},"89":{"start":{"line":338,"column":27},"end":{"line":338,"column":61}},"90":{"start":{"line":340,"column":4},"end":{"line":343,"column":7}},"91":{"start":{"line":345,"column":4},"end":{"line":348,"column":6}},"92":{"start":{"line":350,"column":4},"end":{"line":354,"column":7}},"93":{"start":{"line":356,"column":4},"end":{"line":356,"column":53}},"94":{"start":{"line":357,"column":4},"end":{"line":360,"column":7}},"95":{"start":{"line":365,"column":19},"end":{"line":402,"column":1}},"96":{"start":{"line":366,"column":2},"end":{"line":401,"column":3}},"97":{"start":{"line":367,"column":20},"end":{"line":380,"column":5}},"98":{"start":{"line":382,"column":4},"end":{"line":388,"column":5}},"99":{"start":{"line":383,"column":6},"end":{"line":387,"column":9}},"100":{"start":{"line":390,"column":4},"end":{"line":394,"column":7}},"101":{"start":{"line":396,"column":4},"end":{"line":396,"column":49}},"102":{"start":{"line":397,"column":4},"end":{"line":400,"column":7}},"103":{"start":{"line":404,"column":0},"end":{"line":410,"column":2}}},"fnMap":{"0":{"name":"(anonymous_0)","decl":{"start":{"line":21,"column":14},"end":{"line":21,"column":15}},"loc":{"start":{"line":21,"column":34},"end":{"line":101,"column":1}},"line":21},"1":{"name":"(anonymous_1)","decl":{"start":{"line":104,"column":17},"end":{"line":104,"column":18}},"loc":{"start":{"line":104,"column":37},"end":{"line":201,"column":1}},"line":104},"2":{"name":"(anonymous_2)","decl":{"start":{"line":204,"column":29},"end":{"line":204,"column":30}},"loc":{"start":{"line":204,"column":49},"end":{"line":267,"column":1}},"line":204},"3":{"name":"(anonymous_3)","decl":{"start":{"line":270,"column":22},"end":{"line":270,"column":23}},"loc":{"start":{"line":270,"column":42},"end":{"line":362,"column":1}},"line":270},"4":{"name":"(anonymous_4)","decl":{"start":{"line":365,"column":19},"end":{"line":365,"column":20}},"loc":{"start":{"line":365,"column":39},"end":{"line":402,"column":1}},"line":365}},"branchMap":{"0":{"loc":{"start":{"line":25,"column":4},"end":{"line":31,"column":5}},"type":"if","locations":[{"start":{"line":25,"column":4},"end":{"line":31,"column":5}},{"start":{},"end":{}}],"line":25},"1":{"loc":{"start":{"line":25,"column":8},"end":{"line":25,"column":30}},"type":"binary-expr","locations":[{"start":{"line":25,"column":8},"end":{"line":25,"column":17}},{"start":{"line":25,"column":21},"end":{"line":25,"column":30}}],"line":25},"2":{"loc":{"start":{"line":42,"column":4},"end":{"line":48,"column":5}},"type":"if","locations":[{"start":{"line":42,"column":4},"end":{"line":48,"column":5}},{"start":{},"end":{}}],"line":42},"3":{"loc":{"start":{"line":52,"column":4},"end":{"line":58,"column":5}},"type":"if","locations":[{"start":{"line":52,"column":4},"end":{"line":58,"column":5}},{"start":{},"end":{}}],"line":52},"4":{"loc":{"start":{"line":62,"column":4},"end":{"line":68,"column":5}},"type":"if","locations":[{"start":{"line":62,"column":4},"end":{"line":68,"column":5}},{"start":{},"end":{}}],"line":62},"5":{"loc":{"start":{"line":108,"column":4},"end":{"line":114,"column":5}},"type":"if","locations":[{"start":{"line":108,"column":4},"end":{"line":114,"column":5}},{"start":{},"end":{}}],"line":108},"6":{"loc":{"start":{"line":108,"column":8},"end":{"line":108,"column":48}},"type":"binary-expr","locations":[{"start":{"line":108,"column":8},"end":{"line":108,"column":17}},{"start":{"line":108,"column":21},"end":{"line":108,"column":30}},{"start":{"line":108,"column":34},"end":{"line":108,"column":40}},{"start":{"line":108,"column":44},"end":{"line":108,"column":48}}],"line":108},"7":{"loc":{"start":{"line":118,"column":4},"end":{"line":124,"column":5}},"type":"if","locations":[{"start":{"line":118,"column":4},"end":{"line":124,"column":5}},{"start":{},"end":{}}],"line":118},"8":{"loc":{"start":{"line":128,"column":4},"end":{"line":134,"column":5}},"type":"if","locations":[{"start":{"line":128,"column":4},"end":{"line":134,"column":5}},{"start":{},"end":{}}],"line":128},"9":{"loc":{"start":{"line":137,"column":4},"end":{"line":146,"column":5}},"type":"if","locations":[{"start":{"line":137,"column":4},"end":{"line":146,"column":5}},{"start":{},"end":{}}],"line":137},"10":{"loc":{"start":{"line":139,"column":6},"end":{"line":145,"column":7}},"type":"if","locations":[{"start":{"line":139,"column":6},"end":{"line":145,"column":7}},{"start":{},"end":{}}],"line":139},"11":{"loc":{"start":{"line":153,"column":4},"end":{"line":159,"column":5}},"type":"if","locations":[{"start":{"line":153,"column":4},"end":{"line":159,"column":5}},{"start":{},"end":{}}],"line":153},"12":{"loc":{"start":{"line":166,"column":4},"end":{"line":172,"column":5}},"type":"if","locations":[{"start":{"line":166,"column":4},"end":{"line":172,"column":5}},{"start":{},"end":{}}],"line":166},"13":{"loc":{"start":{"line":179,"column":57},"end":{"line":179,"column":76}},"type":"binary-expr","locations":[{"start":{"line":179,"column":57},"end":{"line":179,"column":68}},{"start":{"line":179,"column":72},"end":{"line":179,"column":76}}],"line":179},"14":{"loc":{"start":{"line":208,"column":4},"end":{"line":213,"column":5}},"type":"if","locations":[{"start":{"line":208,"column":4},"end":{"line":213,"column":5}},{"start":{},"end":{}}],"line":208},"15":{"loc":{"start":{"line":220,"column":4},"end":{"line":225,"column":5}},"type":"if","locations":[{"start":{"line":220,"column":4},"end":{"line":225,"column":5}},{"start":{},"end":{}}],"line":220},"16":{"loc":{"start":{"line":243,"column":4},"end":{"line":247,"column":5}},"type":"if","locations":[{"start":{"line":243,"column":4},"end":{"line":247,"column":5}},{"start":{"line":245,"column":11},"end":{"line":247,"column":5}}],"line":243},"17":{"loc":{"start":{"line":252,"column":10},"end":{"line":258,"column":7}},"type":"binary-expr","locations":[{"start":{"line":252,"column":10},"end":{"line":252,"column":48}},{"start":{"line":252,"column":52},"end":{"line":258,"column":7}}],"line":252},"18":{"loc":{"start":{"line":274,"column":4},"end":{"line":280,"column":5}},"type":"if","locations":[{"start":{"line":274,"column":4},"end":{"line":280,"column":5}},{"start":{},"end":{}}],"line":274},"19":{"loc":{"start":{"line":274,"column":8},"end":{"line":274,"column":40}},"type":"binary-expr","locations":[{"start":{"line":274,"column":8},"end":{"line":274,"column":14}},{"start":{"line":274,"column":18},"end":{"line":274,"column":24}},{"start":{"line":274,"column":28},"end":{"line":274,"column":40}}],"line":274},"20":{"loc":{"start":{"line":282,"column":4},"end":{"line":288,"column":5}},"type":"if","locations":[{"start":{"line":282,"column":4},"end":{"line":288,"column":5}},{"start":{},"end":{}}],"line":282},"21":{"loc":{"start":{"line":295,"column":4},"end":{"line":301,"column":5}},"type":"if","locations":[{"start":{"line":295,"column":4},"end":{"line":301,"column":5}},{"start":{},"end":{}}],"line":295},"22":{"loc":{"start":{"line":314,"column":4},"end":{"line":320,"column":5}},"type":"if","locations":[{"start":{"line":314,"column":4},"end":{"line":320,"column":5}},{"start":{},"end":{}}],"line":314},"23":{"loc":{"start":{"line":324,"column":4},"end":{"line":329,"column":5}},"type":"if","locations":[{"start":{"line":324,"column":4},"end":{"line":329,"column":5}},{"start":{},"end":{}}],"line":324},"24":{"loc":{"start":{"line":331,"column":4},"end":{"line":336,"column":5}},"type":"if","locations":[{"start":{"line":331,"column":4},"end":{"line":336,"column":5}},{"start":{},"end":{}}],"line":331},"25":{"loc":{"start":{"line":382,"column":4},"end":{"line":388,"column":5}},"type":"if","locations":[{"start":{"line":382,"column":4},"end":{"line":388,"column":5}},{"start":{},"end":{}}],"line":382}},"s":{"0":0,"1":0,"2":0,"3":0,"4":0,"5":0,"6":0,"7":0,"8":0,"9":0,"10":0,"11":0,"12":0,"13":0,"14":0,"15":0,"16":0,"17":0,"18":0,"19":0,"20":0,"21":0,"22":0,"23":0,"24":0,"25":0,"26":0,"27":0,"28":0,"29":0,"30":0,"31":0,"32":0,"33":0,"34":0,"35":0,"36":0,"37":0,"38":0,"39":0,"40":0,"41":0,"42":0,"43":0,"44":0,"45":0,"46":0,"47":0,"48":0,"49":0,"50":0,"51":0,"52":0,"53":0,"54":0,"55":0,"56":0,"57":0,"58":0,"59":0,"60":0,"61":0,"62":0,"63":0,"64":0,"65":0,"66":0,"67":0,"68":0,"69":0,"70":0,"71":0,"72":0,"73":0,"74":0,"75":0,"76":0,"77":0,"78":0,"79":0,"80":0,"81":0,"82":0,"83":0,"84":0,"85":0,"86":0,"87":0,"88":0,"89":0,"90":0,"91":0,"92":0,"93":0,"94":0,"95":0,"96":0,"97":0,"98":0,"99":0,"100":0,"101":0,"102":0,"103":0},"f":{"0":0,"1":0,"2":0,"3":0,"4":0},"b":{"0":[0,0],"1":[0,0],"2":[0,0],"3":[0,0],"4":[0,0],"5":[0,0],"6":[0,0,0,0],"7":[0,0],"8":[0,0],"9":[0,0],"10":[0,0],"11":[0,0],"12":[0,0],"13":[0,0],"14":[0,0],"15":[0,0],"16":[0,0],"17":[0,0],"18":[0,0],"19":[0,0,0],"20":[0,0],"21":[0,0],"22":[0,0],"23":[0,0],"24":[0,0],"25":[0,0]}}
,"C:\\Users\\danie\\OneDrive\\Documentos\\Daniel\\proyeto II\\DSVPayroll\\backend-nomina\\src\\modules\\auth\\auth.helpers.js": {"path":"C:\\Users\\danie\\OneDrive\\Documentos\\Daniel\\proyeto II\\DSVPayroll\\backend-nomina\\src\\modules\\auth\\auth.helpers.js","statementMap":{"0":{"start":{"line":1,"column":15},"end":{"line":1,"column":32}},"1":{"start":{"line":4,"column":4},"end":{"line":4,"column":31}},"2":{"start":{"line":7,"column":21},"end":{"line":7,"column":72}},"3":{"start":{"line":7,"column":32},"end":{"line":7,"column":72}},"4":{"start":{"line":10,"column":35},"end":{"line":11,"column":45}},"5":{"start":{"line":11,"column":2},"end":{"line":11,"column":45}},"6":{"start":{"line":14,"column":37},"end":{"line":15,"column":70}},"7":{"start":{"line":15,"column":2},"end":{"line":15,"column":70}},"8":{"start":{"line":17,"column":0},"end":{"line":21,"column":2}}},"fnMap":{"0":{"name":"(anonymous_0)","decl":{"start":{"line":7,"column":21},"end":{"line":7,"column":22}},"loc":{"start":{"line":7,"column":32},"end":{"line":7,"column":72}},"line":7},"1":{"name":"(anonymous_1)","decl":{"start":{"line":10,"column":35},"end":{"line":10,"column":36}},"loc":{"start":{"line":11,"column":2},"end":{"line":11,"column":45}},"line":11},"2":{"name":"(anonymous_2)","decl":{"start":{"line":14,"column":37},"end":{"line":14,"column":38}},"loc":{"start":{"line":15,"column":2},"end":{"line":15,"column":70}},"line":15}},"branchMap":{},"s":{"0":0,"1":0,"2":0,"3":0,"4":0,"5":0,"6":0,"7":0,"8":0},"f":{"0":0,"1":0,"2":0},"b":{}}
,"C:\\Users\\danie\\OneDrive\\Documentos\\Daniel\\proyeto II\\DSVPayroll\\backend-nomina\\src\\modules\\auth\\auth.routes.js": {"path":"C:\\Users\\danie\\OneDrive\\Documentos\\Daniel\\proyeto II\\DSVPayroll\\backend-nomina\\src\\modules\\auth\\auth.routes.js","statementMap":{"0":{"start":{"line":1,"column":16},"end":{"line":1,"column":34}},"1":{"start":{"line":2,"column":15},"end":{"line":2,"column":31}},"2":{"start":{"line":10,"column":4},"end":{"line":10,"column":35}},"3":{"start":{"line":15,"column":4},"end":{"line":15,"column":49}},"4":{"start":{"line":18,"column":0},"end":{"line":18,"column":29}},"5":{"start":{"line":19,"column":0},"end":{"line":19,"column":52}},"6":{"start":{"line":20,"column":0},"end":{"line":20,"column":46}},"7":{"start":{"line":23,"column":0},"end":{"line":23,"column":67}},"8":{"start":{"line":24,"column":0},"end":{"line":24,"column":48}},"9":{"start":{"line":27,"column":0},"end":{"line":43,"column":3}},"10":{"start":{"line":28,"column":2},"end":{"line":42,"column":5}},"11":{"start":{"line":45,"column":0},"end":{"line":45,"column":24}}},"fnMap":{"0":{"name":"(anonymous_0)","decl":{"start":{"line":27,"column":20},"end":{"line":27,"column":21}},"loc":{"start":{"line":27,"column":34},"end":{"line":43,"column":1}},"line":27}},"branchMap":{},"s":{"0":0,"1":0,"2":0,"3":0,"4":0,"5":0,"6":0,"7":0,"8":0,"9":0,"10":0,"11":0},"f":{"0":0},"b":{}}
,"C:\\Users\\danie\\OneDrive\\Documentos\\Daniel\\proyeto II\\DSVPayroll\\backend-nomina\\src\\modules\\catalogs\\catalogs.controller.js": {"path":"C:\\Users\\danie\\OneDrive\\Documentos\\Daniel\\proyeto II\\DSVPayroll\\backend-nomina\\src\\modules\\catalogs\\catalogs.controller.js","statementMap":{"0":{"start":{"line":1,"column":29},"end":{"line":1,"column":58}},"1":{"start":{"line":4,"column":21},"end":{"line":24,"column":1}},"2":{"start":{"line":5,"column":2},"end":{"line":23,"column":3}},"3":{"start":{"line":6,"column":19},"end":{"line":10,"column":5}},"4":{"start":{"line":12,"column":4},"end":{"line":16,"column":7}},"5":{"start":{"line":18,"column":4},"end":{"line":18,"column":53}},"6":{"start":{"line":19,"column":4},"end":{"line":22,"column":7}},"7":{"start":{"line":27,"column":28},"end":{"line":47,"column":1}},"8":{"start":{"line":28,"column":2},"end":{"line":46,"column":3}},"9":{"start":{"line":29,"column":19},"end":{"line":33,"column":5}},"10":{"start":{"line":35,"column":4},"end":{"line":39,"column":7}},"11":{"start":{"line":41,"column":4},"end":{"line":41,"column":60}},"12":{"start":{"line":42,"column":4},"end":{"line":45,"column":7}},"13":{"start":{"line":50,"column":20},"end":{"line":70,"column":1}},"14":{"start":{"line":51,"column":2},"end":{"line":69,"column":3}},"15":{"start":{"line":52,"column":19},"end":{"line":56,"column":5}},"16":{"start":{"line":58,"column":4},"end":{"line":62,"column":7}},"17":{"start":{"line":64,"column":4},"end":{"line":64,"column":52}},"18":{"start":{"line":65,"column":4},"end":{"line":68,"column":7}},"19":{"start":{"line":72,"column":0},"end":{"line":76,"column":2}}},"fnMap":{"0":{"name":"(anonymous_0)","decl":{"start":{"line":4,"column":21},"end":{"line":4,"column":22}},"loc":{"start":{"line":4,"column":41},"end":{"line":24,"column":1}},"line":4},"1":{"name":"(anonymous_1)","decl":{"start":{"line":27,"column":28},"end":{"line":27,"column":29}},"loc":{"start":{"line":27,"column":48},"end":{"line":47,"column":1}},"line":27},"2":{"name":"(anonymous_2)","decl":{"start":{"line":50,"column":20},"end":{"line":50,"column":21}},"loc":{"start":{"line":50,"column":40},"end":{"line":70,"column":1}},"line":50}},"branchMap":{},"s":{"0":0,"1":0,"2":0,"3":0,"4":0,"5":0,"6":0,"7":0,"8":0,"9":0,"10":0,"11":0,"12":0,"13":0,"14":0,"15":0,"16":0,"17":0,"18":0,"19":0},"f":{"0":0,"1":0,"2":0},"b":{}}
,"C:\\Users\\danie\\OneDrive\\Documentos\\Daniel\\proyeto II\\DSVPayroll\\backend-nomina\\src\\modules\\catalogs\\catalogs.helpers.js": {"path":"C:\\Users\\danie\\OneDrive\\Documentos\\Daniel\\proyeto II\\DSVPayroll\\backend-nomina\\src\\modules\\catalogs\\catalogs.helpers.js","statementMap":{"0":{"start":{"line":1,"column":17},"end":{"line":1,"column":52}},"1":{"start":{"line":4,"column":25},"end":{"line":11,"column":1}},"2":{"start":{"line":5,"column":17},"end":{"line":5,"column":40}},"3":{"start":{"line":7,"column":2},"end":{"line":10,"column":4}},"4":{"start":{"line":13,"column":0},"end":{"line":15,"column":2}}},"fnMap":{"0":{"name":"(anonymous_0)","decl":{"start":{"line":4,"column":25},"end":{"line":4,"column":26}},"loc":{"start":{"line":4,"column":42},"end":{"line":11,"column":1}},"line":4}},"branchMap":{},"s":{"0":0,"1":0,"2":0,"3":0,"4":0},"f":{"0":0},"b":{}}
,"C:\\Users\\danie\\OneDrive\\Documentos\\Daniel\\proyeto II\\DSVPayroll\\backend-nomina\\src\\modules\\catalogs\\catalogs.routes.js": {"path":"C:\\Users\\danie\\OneDrive\\Documentos\\Daniel\\proyeto II\\DSVPayroll\\backend-nomina\\src\\modules\\catalogs\\catalogs.routes.js","statementMap":{"0":{"start":{"line":1,"column":16},"end":{"line":1,"column":34}},"1":{"start":{"line":2,"column":15},"end":{"line":2,"column":31}},"2":{"start":{"line":8,"column":4},"end":{"line":8,"column":36}},"3":{"start":{"line":10,"column":24},"end":{"line":10,"column":66}},"4":{"start":{"line":13,"column":0},"end":{"line":13,"column":24}},"5":{"start":{"line":15,"column":0},"end":{"line":15,"column":36}},"6":{"start":{"line":16,"column":0},"end":{"line":16,"column":50}},"7":{"start":{"line":17,"column":0},"end":{"line":17,"column":34}},"8":{"start":{"line":19,"column":0},"end":{"line":19,"column":24}}},"fnMap":{},"branchMap":{},"s":{"0":0,"1":0,"2":0,"3":0,"4":0,"5":0,"6":0,"7":0,"8":0},"f":{},"b":{}}
,"C:\\Users\\danie\\OneDrive\\Documentos\\Daniel\\proyeto II\\DSVPayroll\\backend-nomina\\src\\modules\\employees\\employees.constants.js": {"path":"C:\\Users\\danie\\OneDrive\\Documentos\\Daniel\\proyeto II\\DSVPayroll\\backend-nomina\\src\\modules\\employees\\employees.constants.js","statementMap":{"0":{"start":{"line":2,"column":31},"end":{"line":2,"column":32}},"1":{"start":{"line":3,"column":32},"end":{"line":3,"column":35}},"2":{"start":{"line":4,"column":30},"end":{"line":4,"column":32}},"3":{"start":{"line":5,"column":30},"end":{"line":5,"column":32}},"4":{"start":{"line":7,"column":0},"end":{"line":12,"column":2}}},"fnMap":{},"branchMap":{},"s":{"0":0,"1":0,"2":0,"3":0,"4":0},"f":{},"b":{}}
,"C:\\Users\\danie\\OneDrive\\Documentos\\Daniel\\proyeto II\\DSVPayroll\\backend-nomina\\src\\modules\\employees\\employees.controller.js": {"path":"C:\\Users\\danie\\OneDrive\\Documentos\\Daniel\\proyeto II\\DSVPayroll\\backend-nomina\\src\\modules\\employees\\employees.controller.js","statementMap":{"0":{"start":{"line":1,"column":17},"end":{"line":1,"column":52}},"1":{"start":{"line":5,"column":4},"end":{"line":5,"column":36}},"2":{"start":{"line":11,"column":4},"end":{"line":11,"column":34}},"3":{"start":{"line":18,"column":4},"end":{"line":18,"column":37}},"4":{"start":{"line":21,"column":24},"end":{"line":94,"column":1}},"5":{"start":{"line":22,"column":2},"end":{"line":93,"column":3}},"6":{"start":{"line":23,"column":27},"end":{"line":23,"column":51}},"7":{"start":{"line":24,"column":29},"end":{"line":24,"column":66}},"8":{"start":{"line":26,"column":4},"end":{"line":31,"column":5}},"9":{"start":{"line":27,"column":6},"end":{"line":30,"column":9}},"10":{"start":{"line":33,"column":36},"end":{"line":33,"column":62}},"11":{"start":{"line":35,"column":26},"end":{"line":40,"column":67}},"12":{"start":{"line":42,"column":18},"end":{"line":42,"column":38}},"13":{"start":{"line":44,"column":27},"end":{"line":68,"column":23}},"14":{"start":{"line":70,"column":24},"end":{"line":72,"column":23}},"15":{"start":{"line":74,"column":24},"end":{"line":74,"column":69}},"16":{"start":{"line":76,"column":4},"end":{"line":86,"column":7}},"17":{"start":{"line":88,"column":4},"end":{"line":88,"column":54}},"18":{"start":{"line":89,"column":4},"end":{"line":92,"column":7}},"19":{"start":{"line":97,"column":24},"end":{"line":156,"column":1}},"20":{"start":{"line":98,"column":2},"end":{"line":155,"column":3}},"21":{"start":{"line":99,"column":19},"end":{"line":99,"column":29}},"22":{"start":{"line":100,"column":27},"end":{"line":100,"column":51}},"23":{"start":{"line":101,"column":29},"end":{"line":101,"column":66}},"24":{"start":{"line":103,"column":4},"end":{"line":108,"column":5}},"25":{"start":{"line":104,"column":6},"end":{"line":107,"column":9}},"26":{"start":{"line":110,"column":4},"end":{"line":115,"column":5}},"27":{"start":{"line":111,"column":6},"end":{"line":114,"column":9}},"28":{"start":{"line":117,"column":24},"end":{"line":136,"column":5}},"29":{"start":{"line":138,"column":4},"end":{"line":143,"column":5}},"30":{"start":{"line":139,"column":6},"end":{"line":142,"column":9}},"31":{"start":{"line":145,"column":4},"end":{"line":148,"column":7}},"32":{"start":{"line":150,"column":4},"end":{"line":150,"column":54}},"33":{"start":{"line":151,"column":4},"end":{"line":154,"column":7}},"34":{"start":{"line":159,"column":23},"end":{"line":343,"column":1}},"35":{"start":{"line":160,"column":21},"end":{"line":160,"column":47}},"36":{"start":{"line":162,"column":2},"end":{"line":342,"column":3}},"37":{"start":{"line":173,"column":8},"end":{"line":173,"column":16}},"38":{"start":{"line":176,"column":4},"end":{"line":190,"column":5}},"39":{"start":{"line":186,"column":6},"end":{"line":189,"column":9}},"40":{"start":{"line":193,"column":30},"end":{"line":193,"column":51}},"41":{"start":{"line":194,"column":4},"end":{"line":199,"column":5}},"42":{"start":{"line":195,"column":6},"end":{"line":198,"column":9}},"43":{"start":{"line":202,"column":32},"end":{"line":202,"column":55}},"44":{"start":{"line":203,"column":4},"end":{"line":208,"column":5}},"45":{"start":{"line":204,"column":6},"end":{"line":207,"column":9}},"46":{"start":{"line":211,"column":25},"end":{"line":211,"column":76}},"47":{"start":{"line":212,"column":4},"end":{"line":217,"column":5}},"48":{"start":{"line":213,"column":6},"end":{"line":216,"column":9}},"49":{"start":{"line":220,"column":29},"end":{"line":220,"column":60}},"50":{"start":{"line":221,"column":4},"end":{"line":226,"column":5}},"51":{"start":{"line":222,"column":6},"end":{"line":225,"column":9}},"52":{"start":{"line":229,"column":28},"end":{"line":229,"column":54}},"53":{"start":{"line":230,"column":4},"end":{"line":235,"column":5}},"54":{"start":{"line":231,"column":6},"end":{"line":234,"column":9}},"55":{"start":{"line":238,"column":4},"end":{"line":254,"column":5}},"56":{"start":{"line":239,"column":34},"end":{"line":239,"column":64}},"57":{"start":{"line":240,"column":6},"end":{"line":245,"column":7}},"58":{"start":{"line":241,"column":8},"end":{"line":244,"column":11}},"59":{"start":{"line":247,"column":28},"end":{"line":247,"column":68}},"60":{"start":{"line":248,"column":6},"end":{"line":253,"column":7}},"61":{"start":{"line":249,"column":8},"end":{"line":252,"column":11}},"62":{"start":{"line":257,"column":4},"end":{"line":265,"column":5}},"63":{"start":{"line":258,"column":36},"end":{"line":258,"column":63}},"64":{"start":{"line":259,"column":6},"end":{"line":264,"column":7}},"65":{"start":{"line":260,"column":8},"end":{"line":263,"column":11}},"66":{"start":{"line":267,"column":23},"end":{"line":270,"column":5}},"67":{"start":{"line":272,"column":4},"end":{"line":277,"column":5}},"68":{"start":{"line":273,"column":6},"end":{"line":276,"column":9}},"69":{"start":{"line":279,"column":28},"end":{"line":279,"column":80}},"70":{"start":{"line":280,"column":24},"end":{"line":280,"column":51}},"71":{"start":{"line":282,"column":4},"end":{"line":282,"column":40}},"72":{"start":{"line":284,"column":21},"end":{"line":300,"column":5}},"73":{"start":{"line":302,"column":4},"end":{"line":307,"column":6}},"74":{"start":{"line":309,"column":4},"end":{"line":309,"column":30}},"75":{"start":{"line":311,"column":26},"end":{"line":326,"column":5}},"76":{"start":{"line":328,"column":4},"end":{"line":332,"column":7}},"77":{"start":{"line":334,"column":4},"end":{"line":334,"column":32}},"78":{"start":{"line":335,"column":4},"end":{"line":335,"column":53}},"79":{"start":{"line":336,"column":4},"end":{"line":339,"column":7}},"80":{"start":{"line":341,"column":4},"end":{"line":341,"column":25}},"81":{"start":{"line":346,"column":23},"end":{"line":447,"column":1}},"82":{"start":{"line":347,"column":2},"end":{"line":446,"column":3}},"83":{"start":{"line":348,"column":19},"end":{"line":348,"column":29}},"84":{"start":{"line":359,"column":8},"end":{"line":359,"column":16}},"85":{"start":{"line":361,"column":23},"end":{"line":364,"column":5}},"86":{"start":{"line":366,"column":4},"end":{"line":371,"column":5}},"87":{"start":{"line":367,"column":6},"end":{"line":370,"column":9}},"88":{"start":{"line":373,"column":4},"end":{"line":385,"column":5}},"89":{"start":{"line":374,"column":26},"end":{"line":377,"column":7}},"90":{"start":{"line":379,"column":6},"end":{"line":384,"column":7}},"91":{"start":{"line":380,"column":8},"end":{"line":383,"column":11}},"92":{"start":{"line":388,"column":6},"end":{"line":390,"column":19}},"93":{"start":{"line":392,"column":4},"end":{"line":416,"column":6}},"94":{"start":{"line":418,"column":22},"end":{"line":433,"column":5}},"95":{"start":{"line":435,"column":4},"end":{"line":439,"column":7}},"96":{"start":{"line":441,"column":4},"end":{"line":441,"column":53}},"97":{"start":{"line":442,"column":4},"end":{"line":445,"column":7}},"98":{"start":{"line":450,"column":23},"end":{"line":503,"column":1}},"99":{"start":{"line":451,"column":2},"end":{"line":502,"column":3}},"100":{"start":{"line":452,"column":19},"end":{"line":452,"column":29}},"101":{"start":{"line":454,"column":23},"end":{"line":457,"column":5}},"102":{"start":{"line":459,"column":4},"end":{"line":464,"column":5}},"103":{"start":{"line":460,"column":6},"end":{"line":463,"column":9}},"104":{"start":{"line":466,"column":22},"end":{"line":469,"column":5}},"105":{"start":{"line":471,"column":4},"end":{"line":476,"column":5}},"106":{"start":{"line":472,"column":6},"end":{"line":475,"column":9}},"107":{"start":{"line":478,"column":24},"end":{"line":481,"column":5}},"108":{"start":{"line":483,"column":4},"end":{"line":488,"column":5}},"109":{"start":{"line":484,"column":6},"end":{"line":487,"column":9}},"110":{"start":{"line":490,"column":4},"end":{"line":490,"column":74}},"111":{"start":{"line":492,"column":4},"end":{"line":495,"column":7}},"112":{"start":{"line":497,"column":4},"end":{"line":497,"column":53}},"113":{"start":{"line":498,"column":4},"end":{"line":501,"column":7}},"114":{"start":{"line":506,"column":24},"end":{"line":566,"column":1}},"115":{"start":{"line":507,"column":2},"end":{"line":565,"column":3}},"116":{"start":{"line":508,"column":18},"end":{"line":508,"column":27}},"117":{"start":{"line":509,"column":27},"end":{"line":509,"column":51}},"118":{"start":{"line":510,"column":29},"end":{"line":510,"column":66}},"119":{"start":{"line":512,"column":4},"end":{"line":517,"column":5}},"120":{"start":{"line":513,"column":6},"end":{"line":516,"column":9}},"121":{"start":{"line":519,"column":4},"end":{"line":524,"column":5}},"122":{"start":{"line":520,"column":6},"end":{"line":523,"column":9}},"123":{"start":{"line":526,"column":23},"end":{"line":526,"column":31}},"124":{"start":{"line":528,"column":24},"end":{"line":552,"column":5}},"125":{"start":{"line":554,"column":4},"end":{"line":558,"column":7}},"126":{"start":{"line":560,"column":4},"end":{"line":560,"column":54}},"127":{"start":{"line":561,"column":4},"end":{"line":564,"column":7}},"128":{"start":{"line":568,"column":0},"end":{"line":575,"column":2}}},"fnMap":{"0":{"name":"(anonymous_0)","decl":{"start":{"line":21,"column":24},"end":{"line":21,"column":25}},"loc":{"start":{"line":21,"column":44},"end":{"line":94,"column":1}},"line":21},"1":{"name":"(anonymous_1)","decl":{"start":{"line":97,"column":24},"end":{"line":97,"column":25}},"loc":{"start":{"line":97,"column":44},"end":{"line":156,"column":1}},"line":97},"2":{"name":"(anonymous_2)","decl":{"start":{"line":159,"column":23},"end":{"line":159,"column":24}},"loc":{"start":{"line":159,"column":43},"end":{"line":343,"column":1}},"line":159},"3":{"name":"(anonymous_3)","decl":{"start":{"line":346,"column":23},"end":{"line":346,"column":24}},"loc":{"start":{"line":346,"column":43},"end":{"line":447,"column":1}},"line":346},"4":{"name":"(anonymous_4)","decl":{"start":{"line":450,"column":23},"end":{"line":450,"column":24}},"loc":{"start":{"line":450,"column":43},"end":{"line":503,"column":1}},"line":450},"5":{"name":"(anonymous_5)","decl":{"start":{"line":506,"column":24},"end":{"line":506,"column":25}},"loc":{"start":{"line":506,"column":44},"end":{"line":566,"column":1}},"line":506}},"branchMap":{"0":{"loc":{"start":{"line":26,"column":4},"end":{"line":31,"column":5}},"type":"if","locations":[{"start":{"line":26,"column":4},"end":{"line":31,"column":5}},{"start":{},"end":{}}],"line":26},"1":{"loc":{"start":{"line":35,"column":26},"end":{"line":40,"column":67}},"type":"cond-expr","locations":[{"start":{"line":36,"column":8},"end":{"line":39,"column":9}},{"start":{"line":40,"column":8},"end":{"line":40,"column":67}}],"line":35},"2":{"loc":{"start":{"line":66,"column":8},"end":{"line":66,"column":55}},"type":"cond-expr","locations":[{"start":{"line":66,"column":25},"end":{"line":66,"column":50}},{"start":{"line":66,"column":53},"end":{"line":66,"column":55}}],"line":66},"3":{"loc":{"start":{"line":70,"column":24},"end":{"line":72,"column":23}},"type":"cond-expr","locations":[{"start":{"line":71,"column":8},"end":{"line":71,"column":45}},{"start":{"line":72,"column":8},"end":{"line":72,"column":23}}],"line":70},"4":{"loc":{"start":{"line":103,"column":4},"end":{"line":108,"column":5}},"type":"if","locations":[{"start":{"line":103,"column":4},"end":{"line":108,"column":5}},{"start":{},"end":{}}],"line":103},"5":{"loc":{"start":{"line":110,"column":4},"end":{"line":115,"column":5}},"type":"if","locations":[{"start":{"line":110,"column":4},"end":{"line":115,"column":5}},{"start":{},"end":{}}],"line":110},"6":{"loc":{"start":{"line":110,"column":8},"end":{"line":110,"column":69}},"type":"binary-expr","locations":[{"start":{"line":110,"column":8},"end":{"line":110,"column":22}},{"start":{"line":110,"column":26},"end":{"line":110,"column":69}}],"line":110},"7":{"loc":{"start":{"line":138,"column":4},"end":{"line":143,"column":5}},"type":"if","locations":[{"start":{"line":138,"column":4},"end":{"line":143,"column":5}},{"start":{},"end":{}}],"line":138},"8":{"loc":{"start":{"line":176,"column":4},"end":{"line":190,"column":5}},"type":"if","locations":[{"start":{"line":176,"column":4},"end":{"line":190,"column":5}},{"start":{},"end":{}}],"line":176},"9":{"loc":{"start":{"line":177,"column":6},"end":{"line":184,"column":27}},"type":"binary-expr","locations":[{"start":{"line":177,"column":6},"end":{"line":177,"column":14}},{"start":{"line":178,"column":6},"end":{"line":178,"column":16}},{"start":{"line":179,"column":6},"end":{"line":179,"column":26}},{"start":{"line":180,"column":6},"end":{"line":180,"column":28}},{"start":{"line":181,"column":6},"end":{"line":181,"column":26}},{"start":{"line":182,"column":6},"end":{"line":182,"column":21}},{"start":{"line":183,"column":6},"end":{"line":183,"column":19}},{"start":{"line":184,"column":6},"end":{"line":184,"column":27}}],"line":177},"10":{"loc":{"start":{"line":194,"column":4},"end":{"line":199,"column":5}},"type":"if","locations":[{"start":{"line":194,"column":4},"end":{"line":199,"column":5}},{"start":{},"end":{}}],"line":194},"11":{"loc":{"start":{"line":203,"column":4},"end":{"line":208,"column":5}},"type":"if","locations":[{"start":{"line":203,"column":4},"end":{"line":208,"column":5}},{"start":{},"end":{}}],"line":203},"12":{"loc":{"start":{"line":212,"column":4},"end":{"line":217,"column":5}},"type":"if","locations":[{"start":{"line":212,"column":4},"end":{"line":217,"column":5}},{"start":{},"end":{}}],"line":212},"13":{"loc":{"start":{"line":221,"column":4},"end":{"line":226,"column":5}},"type":"if","locations":[{"start":{"line":221,"column":4},"end":{"line":226,"column":5}},{"start":{},"end":{}}],"line":221},"14":{"loc":{"start":{"line":230,"column":4},"end":{"line":235,"column":5}},"type":"if","locations":[{"start":{"line":230,"column":4},"end":{"line":235,"column":5}},{"start":{},"end":{}}],"line":230},"15":{"loc":{"start":{"line":238,"column":4},"end":{"line":254,"column":5}},"type":"if","locations":[{"start":{"line":238,"column":4},"end":{"line":254,"column":5}},{"start":{},"end":{}}],"line":238},"16":{"loc":{"start":{"line":240,"column":6},"end":{"line":245,"column":7}},"type":"if","locations":[{"start":{"line":240,"column":6},"end":{"line":245,"column":7}},{"start":{},"end":{}}],"line":240},"17":{"loc":{"start":{"line":248,"column":6},"end":{"line":253,"column":7}},"type":"if","locations":[{"start":{"line":248,"column":6},"end":{"line":253,"column":7}},{"start":{},"end":{}}],"line":248},"18":{"loc":{"start":{"line":257,"column":4},"end":{"line":265,"column":5}},"type":"if","locations":[{"start":{"line":257,"column":4},"end":{"line":265,"column":5}},{"start":{},"end":{}}],"line":257},"19":{"loc":{"start":{"line":259,"column":6},"end":{"line":264,"column":7}},"type":"if","locations":[{"start":{"line":259,"column":6},"end":{"line":264,"column":7}},{"start":{},"end":{}}],"line":259},"20":{"loc":{"start":{"line":272,"column":4},"end":{"line":277,"column":5}},"type":"if","locations":[{"start":{"line":272,"column":4},"end":{"line":277,"column":5}},{"start":{},"end":{}}],"line":272},"21":{"loc":{"start":{"line":295,"column":8},"end":{"line":295,"column":32}},"type":"binary-expr","locations":[{"start":{"line":295,"column":8},"end":{"line":295,"column":24}},{"start":{"line":295,"column":28},"end":{"line":295,"column":32}}],"line":295},"22":{"loc":{"start":{"line":296,"column":8},"end":{"line":296,"column":35}},"type":"binary-expr","locations":[{"start":{"line":296,"column":8},"end":{"line":296,"column":21}},{"start":{"line":296,"column":25},"end":{"line":296,"column":35}}],"line":296},"23":{"loc":{"start":{"line":366,"column":4},"end":{"line":371,"column":5}},"type":"if","locations":[{"start":{"line":366,"column":4},"end":{"line":371,"column":5}},{"start":{},"end":{}}],"line":366},"24":{"loc":{"start":{"line":373,"column":4},"end":{"line":385,"column":5}},"type":"if","locations":[{"start":{"line":373,"column":4},"end":{"line":385,"column":5}},{"start":{},"end":{}}],"line":373},"25":{"loc":{"start":{"line":379,"column":6},"end":{"line":384,"column":7}},"type":"if","locations":[{"start":{"line":379,"column":6},"end":{"line":384,"column":7}},{"start":{},"end":{}}],"line":379},"26":{"loc":{"start":{"line":388,"column":6},"end":{"line":390,"column":19}},"type":"cond-expr","locations":[{"start":{"line":389,"column":10},"end":{"line":389,"column":50}},{"start":{"line":390,"column":10},"end":{"line":390,"column":19}}],"line":388},"27":{"loc":{"start":{"line":459,"column":4},"end":{"line":464,"column":5}},"type":"if","locations":[{"start":{"line":459,"column":4},"end":{"line":464,"column":5}},{"start":{},"end":{}}],"line":459},"28":{"loc":{"start":{"line":471,"column":4},"end":{"line":476,"column":5}},"type":"if","locations":[{"start":{"line":471,"column":4},"end":{"line":476,"column":5}},{"start":{},"end":{}}],"line":471},"29":{"loc":{"start":{"line":483,"column":4},"end":{"line":488,"column":5}},"type":"if","locations":[{"start":{"line":483,"column":4},"end":{"line":488,"column":5}},{"start":{},"end":{}}],"line":483},"30":{"loc":{"start":{"line":512,"column":4},"end":{"line":517,"column":5}},"type":"if","locations":[{"start":{"line":512,"column":4},"end":{"line":517,"column":5}},{"start":{},"end":{}}],"line":512},"31":{"loc":{"start":{"line":519,"column":4},"end":{"line":524,"column":5}},"type":"if","locations":[{"start":{"line":519,"column":4},"end":{"line":524,"column":5}},{"start":{},"end":{}}],"line":519},"32":{"loc":{"start":{"line":519,"column":8},"end":{"line":519,"column":29}},"type":"binary-expr","locations":[{"start":{"line":519,"column":8},"end":{"line":519,"column":10}},{"start":{"line":519,"column":14},"end":{"line":519,"column":29}}],"line":519},"33":{"loc":{"start":{"line":546,"column":10},"end":{"line":546,"column":55}},"type":"cond-expr","locations":[{"start":{"line":546,"column":27},"end":{"line":546,"column":50}},{"start":{"line":546,"column":53},"end":{"line":546,"column":55}}],"line":546},"34":{"loc":{"start":{"line":549,"column":6},"end":{"line":551,"column":69}},"type":"cond-expr","locations":[{"start":{"line":550,"column":10},"end":{"line":550,"column":91}},{"start":{"line":551,"column":10},"end":{"line":551,"column":69}}],"line":549}},"s":{"0":0,"1":0,"2":0,"3":0,"4":0,"5":0,"6":0,"7":0,"8":0,"9":0,"10":0,"11":0,"12":0,"13":0,"14":0,"15":0,"16":0,"17":0,"18":0,"19":0,"20":0,"21":0,"22":0,"23":0,"24":0,"25":0,"26":0,"27":0,"28":0,"29":0,"30":0,"31":0,"32":0,"33":0,"34":0,"35":0,"36":0,"37":0,"38":0,"39":0,"40":0,"41":0,"42":0,"43":0,"44":0,"45":0,"46":0,"47":0,"48":0,"49":0,"50":0,"51":0,"52":0,"53":0,"54":0,"55":0,"56":0,"57":0,"58":0,"59":0,"60":0,"61":0,"62":0,"63":0,"64":0,"65":0,"66":0,"67":0,"68":0,"69":0,"70":0,"71":0,"72":0,"73":0,"74":0,"75":0,"76":0,"77":0,"78":0,"79":0,"80":0,"81":0,"82":0,"83":0,"84":0,"85":0,"86":0,"87":0,"88":0,"89":0,"90":0,"91":0,"92":0,"93":0,"94":0,"95":0,"96":0,"97":0,"98":0,"99":0,"100":0,"101":0,"102":0,"103":0,"104":0,"105":0,"106":0,"107":0,"108":0,"109":0,"110":0,"111":0,"112":0,"113":0,"114":0,"115":0,"116":0,"117":0,"118":0,"119":0,"120":0,"121":0,"122":0,"123":0,"124":0,"125":0,"126":0,"127":0,"128":0},"f":{"0":0,"1":0,"2":0,"3":0,"4":0,"5":0},"b":{"0":[0,0],"1":[0,0],"2":[0,0],"3":[0,0],"4":[0,0],"5":[0,0],"6":[0,0],"7":[0,0],"8":[0,0],"9":[0,0,0,0,0,0,0,0],"10":[0,0],"11":[0,0],"12":[0,0],"13":[0,0],"14":[0,0],"15":[0,0],"16":[0,0],"17":[0,0],"18":[0,0],"19":[0,0],"20":[0,0],"21":[0,0],"22":[0,0],"23":[0,0],"24":[0,0],"25":[0,0],"26":[0,0],"27":[0,0],"28":[0,0],"29":[0,0],"30":[0,0],"31":[0,0],"32":[0,0],"33":[0,0],"34":[0,0]}}
,"C:\\Users\\danie\\OneDrive\\Documentos\\Daniel\\proyeto II\\DSVPayroll\\backend-nomina\\src\\modules\\employees\\employees.helpers.js": {"path":"C:\\Users\\danie\\OneDrive\\Documentos\\Daniel\\proyeto II\\DSVPayroll\\backend-nomina\\src\\modules\\employees\\employees.helpers.js","statementMap":{"0":{"start":{"line":1,"column":17},"end":{"line":1,"column":52}},"1":{"start":{"line":5,"column":4},"end":{"line":5,"column":36}},"2":{"start":{"line":8,"column":29},"end":{"line":28,"column":1}},"3":{"start":{"line":9,"column":22},"end":{"line":9,"column":41}},"4":{"start":{"line":11,"column":2},"end":{"line":11,"column":32}},"5":{"start":{"line":11,"column":20},"end":{"line":11,"column":32}},"6":{"start":{"line":13,"column":26},"end":{"line":16,"column":3}},"7":{"start":{"line":18,"column":2},"end":{"line":20,"column":3}},"8":{"start":{"line":19,"column":4},"end":{"line":19,"column":37}},"9":{"start":{"line":22,"column":19},"end":{"line":25,"column":3}},"10":{"start":{"line":27,"column":2},"end":{"line":27,"column":25}},"11":{"start":{"line":31,"column":23},"end":{"line":31,"column":57}},"12":{"start":{"line":31,"column":33},"end":{"line":31,"column":57}},"13":{"start":{"line":34,"column":36},"end":{"line":44,"column":1}},"14":{"start":{"line":35,"column":2},"end":{"line":41,"column":3}},"15":{"start":{"line":36,"column":4},"end":{"line":40,"column":6}},"16":{"start":{"line":43,"column":2},"end":{"line":43,"column":27}},"17":{"start":{"line":47,"column":24},"end":{"line":56,"column":1}},"18":{"start":{"line":48,"column":15},"end":{"line":48,"column":65}},"19":{"start":{"line":49,"column":16},"end":{"line":49,"column":68}},"20":{"start":{"line":51,"column":2},"end":{"line":55,"column":4}},"21":{"start":{"line":58,"column":0},"end":{"line":63,"column":2}}},"fnMap":{"0":{"name":"(anonymous_0)","decl":{"start":{"line":8,"column":29},"end":{"line":8,"column":30}},"loc":{"start":{"line":8,"column":71},"end":{"line":28,"column":1}},"line":8},"1":{"name":"(anonymous_1)","decl":{"start":{"line":31,"column":23},"end":{"line":31,"column":24}},"loc":{"start":{"line":31,"column":33},"end":{"line":31,"column":57}},"line":31},"2":{"name":"(anonymous_2)","decl":{"start":{"line":34,"column":36},"end":{"line":34,"column":37}},"loc":{"start":{"line":34,"column":46},"end":{"line":44,"column":1}},"line":34},"3":{"name":"(anonymous_3)","decl":{"start":{"line":47,"column":24},"end":{"line":47,"column":25}},"loc":{"start":{"line":47,"column":35},"end":{"line":56,"column":1}},"line":47}},"branchMap":{"0":{"loc":{"start":{"line":8,"column":49},"end":{"line":8,"column":66}},"type":"default-arg","locations":[{"start":{"line":8,"column":62},"end":{"line":8,"column":66}}],"line":8},"1":{"loc":{"start":{"line":11,"column":2},"end":{"line":11,"column":32}},"type":"if","locations":[{"start":{"line":11,"column":2},"end":{"line":11,"column":32}},{"start":{},"end":{}}],"line":11},"2":{"loc":{"start":{"line":18,"column":2},"end":{"line":20,"column":3}},"type":"if","locations":[{"start":{"line":18,"column":2},"end":{"line":20,"column":3}},{"start":{},"end":{}}],"line":18},"3":{"loc":{"start":{"line":35,"column":2},"end":{"line":41,"column":3}},"type":"if","locations":[{"start":{"line":35,"column":2},"end":{"line":41,"column":3}},{"start":{},"end":{}}],"line":35},"4":{"loc":{"start":{"line":35,"column":6},"end":{"line":35,"column":48}},"type":"binary-expr","locations":[{"start":{"line":35,"column":6},"end":{"line":35,"column":26}},{"start":{"line":35,"column":30},"end":{"line":35,"column":48}}],"line":35},"5":{"loc":{"start":{"line":48,"column":15},"end":{"line":48,"column":65}},"type":"binary-expr","locations":[{"start":{"line":48,"column":15},"end":{"line":48,"column":39}},{"start":{"line":48,"column":43},"end":{"line":48,"column":65}}],"line":48},"6":{"loc":{"start":{"line":49,"column":16},"end":{"line":49,"column":68}},"type":"binary-expr","locations":[{"start":{"line":49,"column":16},"end":{"line":49,"column":41}},{"start":{"line":49,"column":45},"end":{"line":49,"column":68}}],"line":49}},"s":{"0":0,"1":0,"2":0,"3":0,"4":0,"5":0,"6":0,"7":0,"8":0,"9":0,"10":0,"11":0,"12":0,"13":0,"14":0,"15":0,"16":0,"17":0,"18":0,"19":0,"20":0,"21":0},"f":{"0":0,"1":0,"2":0,"3":0},"b":{"0":[0],"1":[0,0],"2":[0,0],"3":[0,0],"4":[0,0],"5":[0,0],"6":[0,0]}}
,"C:\\Users\\danie\\OneDrive\\Documentos\\Daniel\\proyeto II\\DSVPayroll\\backend-nomina\\src\\modules\\employees\\employees.routes.js": {"path":"C:\\Users\\danie\\OneDrive\\Documentos\\Daniel\\proyeto II\\DSVPayroll\\backend-nomina\\src\\modules\\employees\\employees.routes.js","statementMap":{"0":{"start":{"line":1,"column":16},"end":{"line":1,"column":34}},"1":{"start":{"line":2,"column":15},"end":{"line":2,"column":31}},"2":{"start":{"line":11,"column":4},"end":{"line":11,"column":37}},"3":{"start":{"line":16,"column":4},"end":{"line":16,"column":46}},"4":{"start":{"line":19,"column":0},"end":{"line":19,"column":24}},"5":{"start":{"line":22,"column":0},"end":{"line":22,"column":33}},"6":{"start":{"line":23,"column":0},"end":{"line":23,"column":39}},"7":{"start":{"line":24,"column":0},"end":{"line":24,"column":36}},"8":{"start":{"line":27,"column":0},"end":{"line":27,"column":52}},"9":{"start":{"line":28,"column":0},"end":{"line":28,"column":54}},"10":{"start":{"line":29,"column":0},"end":{"line":29,"column":57}},"11":{"start":{"line":31,"column":0},"end":{"line":31,"column":24}}},"fnMap":{},"branchMap":{},"s":{"0":0,"1":0,"2":0,"3":0,"4":0,"5":0,"6":0,"7":0,"8":0,"9":0,"10":0,"11":0},"f":{},"b":{}}
,"C:\\Users\\danie\\OneDrive\\Documentos\\Daniel\\proyeto II\\DSVPayroll\\backend-nomina\\src\\modules\\payroll\\payroll-pdf.service.js": {"path":"C:\\Users\\danie\\OneDrive\\Documentos\\Daniel\\proyeto II\\DSVPayroll\\backend-nomina\\src\\modules\\payroll\\payroll-pdf.service.js","statementMap":{"0":{"start":{"line":1,"column":18},"end":{"line":1,"column":38}},"1":{"start":{"line":2,"column":36},"end":{"line":2,"column":69}},"2":{"start":{"line":4,"column":33},"end":{"line":35,"column":1}},"3":{"start":{"line":7,"column":2},"end":{"line":34,"column":3}},"4":{"start":{"line":8,"column":17},"end":{"line":8,"column":79}},"5":{"start":{"line":10,"column":4},"end":{"line":12,"column":7}},"6":{"start":{"line":14,"column":17},"end":{"line":14,"column":40}},"7":{"start":{"line":16,"column":4},"end":{"line":18,"column":7}},"8":{"start":{"line":20,"column":4},"end":{"line":29,"column":7}},"9":{"start":{"line":31,"column":4},"end":{"line":33,"column":5}},"10":{"start":{"line":32,"column":6},"end":{"line":32,"column":28}},"11":{"start":{"line":37,"column":0},"end":{"line":39,"column":2}}},"fnMap":{"0":{"name":"(anonymous_0)","decl":{"start":{"line":4,"column":33},"end":{"line":4,"column":34}},"loc":{"start":{"line":4,"column":82},"end":{"line":35,"column":1}},"line":4}},"branchMap":{"0":{"loc":{"start":{"line":31,"column":4},"end":{"line":33,"column":5}},"type":"if","locations":[{"start":{"line":31,"column":4},"end":{"line":33,"column":5}},{"start":{},"end":{}}],"line":31}},"s":{"0":0,"1":0,"2":0,"3":0,"4":0,"5":0,"6":0,"7":0,"8":0,"9":0,"10":0,"11":0},"f":{"0":0},"b":{"0":[0,0]}}
,"C:\\Users\\danie\\OneDrive\\Documentos\\Daniel\\proyeto II\\DSVPayroll\\backend-nomina\\src\\modules\\payroll\\payroll-pdf.template.js": {"path":"C:\\Users\\danie\\OneDrive\\Documentos\\Daniel\\proyeto II\\DSVPayroll\\backend-nomina\\src\\modules\\payroll\\payroll-pdf.template.js","statementMap":{"0":{"start":{"line":1,"column":23},"end":{"line":8,"column":1}},"1":{"start":{"line":2,"column":2},"end":{"line":7,"column":32}},"2":{"start":{"line":10,"column":23},"end":{"line":34,"column":1}},"3":{"start":{"line":11,"column":28},"end":{"line":11,"column":70}},"4":{"start":{"line":13,"column":2},"end":{"line":22,"column":3}},"5":{"start":{"line":21,"column":4},"end":{"line":21,"column":23}},"6":{"start":{"line":24,"column":2},"end":{"line":31,"column":3}},"7":{"start":{"line":30,"column":4},"end":{"line":30,"column":21}},"8":{"start":{"line":33,"column":2},"end":{"line":33,"column":21}},"9":{"start":{"line":36,"column":32},"end":{"line":364,"column":1}},"10":{"start":{"line":37,"column":33},"end":{"line":40,"column":5}},"11":{"start":{"line":37,"column":59},"end":{"line":40,"column":3}},"12":{"start":{"line":42,"column":25},"end":{"line":60,"column":3}},"13":{"start":{"line":43,"column":4},"end":{"line":59,"column":5}},"14":{"start":{"line":44,"column":27},"end":{"line":52,"column":5}},"15":{"start":{"line":62,"column":24},"end":{"line":62,"column":94}},"16":{"start":{"line":62,"column":64},"end":{"line":62,"column":93}},"17":{"start":{"line":63,"column":22},"end":{"line":63,"column":90}},"18":{"start":{"line":63,"column":62},"end":{"line":63,"column":89}},"19":{"start":{"line":64,"column":24},"end":{"line":64,"column":94}},"20":{"start":{"line":64,"column":64},"end":{"line":64,"column":93}},"21":{"start":{"line":66,"column":25},"end":{"line":66,"column":112}},"22":{"start":{"line":67,"column":24},"end":{"line":67,"column":107}},"23":{"start":{"line":68,"column":26},"end":{"line":68,"column":102}},"24":{"start":{"line":70,"column":23},"end":{"line":84,"column":5}},"25":{"start":{"line":71,"column":33},"end":{"line":77,"column":5}},"26":{"start":{"line":86,"column":2},"end":{"line":363,"column":4}},"27":{"start":{"line":366,"column":0},"end":{"line":368,"column":2}}},"fnMap":{"0":{"name":"(anonymous_0)","decl":{"start":{"line":1,"column":23},"end":{"line":1,"column":24}},"loc":{"start":{"line":1,"column":34},"end":{"line":8,"column":1}},"line":1},"1":{"name":"(anonymous_1)","decl":{"start":{"line":10,"column":23},"end":{"line":10,"column":24}},"loc":{"start":{"line":10,"column":36},"end":{"line":34,"column":1}},"line":10},"2":{"name":"(anonymous_2)","decl":{"start":{"line":36,"column":32},"end":{"line":36,"column":33}},"loc":{"start":{"line":36,"column":75},"end":{"line":364,"column":1}},"line":36},"3":{"name":"(anonymous_3)","decl":{"start":{"line":37,"column":48},"end":{"line":37,"column":49}},"loc":{"start":{"line":37,"column":59},"end":{"line":40,"column":3}},"line":37},"4":{"name":"(anonymous_4)","decl":{"start":{"line":42,"column":25},"end":{"line":42,"column":26}},"loc":{"start":{"line":43,"column":4},"end":{"line":59,"column":5}},"line":43},"5":{"name":"(anonymous_5)","decl":{"start":{"line":44,"column":17},"end":{"line":44,"column":18}},"loc":{"start":{"line":44,"column":27},"end":{"line":52,"column":5}},"line":44},"6":{"name":"(anonymous_6)","decl":{"start":{"line":62,"column":54},"end":{"line":62,"column":55}},"loc":{"start":{"line":62,"column":64},"end":{"line":62,"column":93}},"line":62},"7":{"name":"(anonymous_7)","decl":{"start":{"line":63,"column":52},"end":{"line":63,"column":53}},"loc":{"start":{"line":63,"column":62},"end":{"line":63,"column":89}},"line":63},"8":{"name":"(anonymous_8)","decl":{"start":{"line":64,"column":54},"end":{"line":64,"column":55}},"loc":{"start":{"line":64,"column":64},"end":{"line":64,"column":93}},"line":64},"9":{"name":"(anonymous_9)","decl":{"start":{"line":71,"column":23},"end":{"line":71,"column":24}},"loc":{"start":{"line":71,"column":33},"end":{"line":77,"column":5}},"line":71}},"branchMap":{"0":{"loc":{"start":{"line":7,"column":12},"end":{"line":7,"column":30}},"type":"binary-expr","locations":[{"start":{"line":7,"column":12},"end":{"line":7,"column":25}},{"start":{"line":7,"column":29},"end":{"line":7,"column":30}}],"line":7},"1":{"loc":{"start":{"line":11,"column":35},"end":{"line":11,"column":48}},"type":"binary-expr","locations":[{"start":{"line":11,"column":35},"end":{"line":11,"column":42}},{"start":{"line":11,"column":46},"end":{"line":11,"column":48}}],"line":11},"2":{"loc":{"start":{"line":13,"column":2},"end":{"line":22,"column":3}},"type":"if","locations":[{"start":{"line":13,"column":2},"end":{"line":22,"column":3}},{"start":{},"end":{}}],"line":13},"3":{"loc":{"start":{"line":14,"column":4},"end":{"line":19,"column":48}},"type":"binary-expr","locations":[{"start":{"line":14,"column":4},"end":{"line":14,"column":43}},{"start":{"line":15,"column":4},"end":{"line":15,"column":39}},{"start":{"line":16,"column":4},"end":{"line":16,"column":41}},{"start":{"line":17,"column":4},"end":{"line":17,"column":52}},{"start":{"line":18,"column":4},"end":{"line":18,"column":49}},{"start":{"line":19,"column":4},"end":{"line":19,"column":48}}],"line":14},"4":{"loc":{"start":{"line":24,"column":2},"end":{"line":31,"column":3}},"type":"if","locations":[{"start":{"line":24,"column":2},"end":{"line":31,"column":3}},{"start":{},"end":{}}],"line":24},"5":{"loc":{"start":{"line":25,"column":4},"end":{"line":28,"column":41}},"type":"binary-expr","locations":[{"start":{"line":25,"column":4},"end":{"line":25,"column":44}},{"start":{"line":26,"column":4},"end":{"line":26,"column":42}},{"start":{"line":27,"column":4},"end":{"line":27,"column":45}},{"start":{"line":28,"column":4},"end":{"line":28,"column":41}}],"line":25},"6":{"loc":{"start":{"line":43,"column":4},"end":{"line":59,"column":5}},"type":"cond-expr","locations":[{"start":{"line":44,"column":8},"end":{"line":52,"column":15}},{"start":{"line":53,"column":8},"end":{"line":59,"column":5}}],"line":43},"7":{"loc":{"start":{"line":70,"column":23},"end":{"line":84,"column":5}},"type":"cond-expr","locations":[{"start":{"line":71,"column":6},"end":{"line":77,"column":15}},{"start":{"line":78,"column":6},"end":{"line":84,"column":5}}],"line":70}},"s":{"0":0,"1":0,"2":0,"3":0,"4":0,"5":0,"6":0,"7":0,"8":0,"9":0,"10":0,"11":0,"12":0,"13":0,"14":0,"15":0,"16":0,"17":0,"18":0,"19":0,"20":0,"21":0,"22":0,"23":0,"24":0,"25":0,"26":0,"27":0},"f":{"0":0,"1":0,"2":0,"3":0,"4":0,"5":0,"6":0,"7":0,"8":0,"9":0},"b":{"0":[0,0],"1":[0,0],"2":[0,0],"3":[0,0,0,0,0,0],"4":[0,0],"5":[0,0,0,0],"6":[0,0],"7":[0,0]}}
,"C:\\Users\\danie\\OneDrive\\Documentos\\Daniel\\proyeto II\\DSVPayroll\\backend-nomina\\src\\modules\\payroll\\payroll.constants.js": {"path":"C:\\Users\\danie\\OneDrive\\Documentos\\Daniel\\proyeto II\\DSVPayroll\\backend-nomina\\src\\modules\\payroll\\payroll.constants.js","statementMap":{"0":{"start":{"line":1,"column":28},"end":{"line":1,"column":61}},"1":{"start":{"line":2,"column":29},"end":{"line":7,"column":2}},"2":{"start":{"line":8,"column":24},"end":{"line":8,"column":34}},"3":{"start":{"line":9,"column":19},"end":{"line":9,"column":38}},"4":{"start":{"line":11,"column":0},"end":{"line":16,"column":2}}},"fnMap":{},"branchMap":{},"s":{"0":0,"1":0,"2":0,"3":0,"4":0},"f":{},"b":{}}
,"C:\\Users\\danie\\OneDrive\\Documentos\\Daniel\\proyeto II\\DSVPayroll\\backend-nomina\\src\\modules\\payroll\\payroll.controller.js": {"path":"C:\\Users\\danie\\OneDrive\\Documentos\\Daniel\\proyeto II\\DSVPayroll\\backend-nomina\\src\\modules\\payroll\\payroll.controller.js","statementMap":{"0":{"start":{"line":1,"column":17},"end":{"line":1,"column":49}},"1":{"start":{"line":2,"column":37},"end":{"line":2,"column":69}},"2":{"start":{"line":3,"column":54},"end":{"line":3,"column":84}},"3":{"start":{"line":7,"column":4},"end":{"line":7,"column":32}},"4":{"start":{"line":9,"column":22},"end":{"line":192,"column":1}},"5":{"start":{"line":10,"column":21},"end":{"line":10,"column":47}},"6":{"start":{"line":12,"column":2},"end":{"line":191,"column":3}},"7":{"start":{"line":22,"column":8},"end":{"line":22,"column":16}},"8":{"start":{"line":24,"column":4},"end":{"line":29,"column":5}},"9":{"start":{"line":25,"column":6},"end":{"line":28,"column":9}},"10":{"start":{"line":31,"column":4},"end":{"line":36,"column":5}},"11":{"start":{"line":32,"column":6},"end":{"line":35,"column":9}},"12":{"start":{"line":38,"column":24},"end":{"line":38,"column":82}},"13":{"start":{"line":39,"column":26},"end":{"line":39,"column":54}},"14":{"start":{"line":40,"column":28},"end":{"line":40,"column":58}},"15":{"start":{"line":42,"column":4},"end":{"line":47,"column":5}},"16":{"start":{"line":43,"column":6},"end":{"line":46,"column":9}},"17":{"start":{"line":49,"column":25},"end":{"line":61,"column":10}},"18":{"start":{"line":51,"column":26},"end":{"line":51,"column":74}},"19":{"start":{"line":52,"column":24},"end":{"line":59,"column":9}},"20":{"start":{"line":60,"column":26},"end":{"line":60,"column":65}},"21":{"start":{"line":65,"column":29},"end":{"line":70,"column":6}},"22":{"start":{"line":72,"column":22},"end":{"line":72,"column":54}},"23":{"start":{"line":73,"column":27},"end":{"line":76,"column":5}},"24":{"start":{"line":77,"column":27},"end":{"line":77,"column":106}},"25":{"start":{"line":78,"column":29},"end":{"line":78,"column":112}},"26":{"start":{"line":80,"column":4},"end":{"line":80,"column":40}},"27":{"start":{"line":83,"column":34},"end":{"line":92,"column":5}},"28":{"start":{"line":94,"column":4},"end":{"line":100,"column":5}},"29":{"start":{"line":95,"column":6},"end":{"line":95,"column":34}},"30":{"start":{"line":96,"column":6},"end":{"line":99,"column":9}},"31":{"start":{"line":102,"column":28},"end":{"line":106,"column":5}},"32":{"start":{"line":108,"column":21},"end":{"line":108,"column":43}},"33":{"start":{"line":109,"column":29},"end":{"line":113,"column":10}},"34":{"start":{"line":111,"column":28},"end":{"line":111,"column":76}},"35":{"start":{"line":112,"column":25},"end":{"line":112,"column":92}},"36":{"start":{"line":114,"column":30},"end":{"line":114,"column":80}},"37":{"start":{"line":115,"column":29},"end":{"line":115,"column":72}},"38":{"start":{"line":117,"column":4},"end":{"line":122,"column":5}},"39":{"start":{"line":118,"column":6},"end":{"line":121,"column":8}},"40":{"start":{"line":124,"column":4},"end":{"line":141,"column":5}},"41":{"start":{"line":125,"column":33},"end":{"line":133,"column":8}},"42":{"start":{"line":125,"column":59},"end":{"line":133,"column":7}},"43":{"start":{"line":135,"column":6},"end":{"line":140,"column":8}},"44":{"start":{"line":143,"column":22},"end":{"line":143,"column":43}},"45":{"start":{"line":144,"column":17},"end":{"line":144,"column":43}},"46":{"start":{"line":145,"column":16},"end":{"line":145,"column":43}},"47":{"start":{"line":146,"column":28},"end":{"line":146,"column":81}},"48":{"start":{"line":146,"column":62},"end":{"line":146,"column":77}},"49":{"start":{"line":147,"column":28},"end":{"line":147,"column":87}},"50":{"start":{"line":147,"column":62},"end":{"line":147,"column":83}},"51":{"start":{"line":149,"column":4},"end":{"line":161,"column":6}},"52":{"start":{"line":163,"column":4},"end":{"line":163,"column":30}},"53":{"start":{"line":165,"column":31},"end":{"line":170,"column":5}},"54":{"start":{"line":172,"column":4},"end":{"line":180,"column":7}},"55":{"start":{"line":182,"column":4},"end":{"line":182,"column":32}},"56":{"start":{"line":183,"column":4},"end":{"line":183,"column":58}},"57":{"start":{"line":185,"column":4},"end":{"line":188,"column":7}},"58":{"start":{"line":190,"column":4},"end":{"line":190,"column":25}},"59":{"start":{"line":196,"column":35},"end":{"line":241,"column":1}},"60":{"start":{"line":197,"column":2},"end":{"line":240,"column":3}},"61":{"start":{"line":198,"column":23},"end":{"line":198,"column":52}},"62":{"start":{"line":199,"column":24},"end":{"line":199,"column":46}},"63":{"start":{"line":200,"column":23},"end":{"line":200,"column":44}},"64":{"start":{"line":202,"column":4},"end":{"line":207,"column":5}},"65":{"start":{"line":203,"column":6},"end":{"line":206,"column":9}},"66":{"start":{"line":209,"column":4},"end":{"line":214,"column":5}},"67":{"start":{"line":210,"column":6},"end":{"line":213,"column":9}},"68":{"start":{"line":216,"column":29},"end":{"line":221,"column":6}},"69":{"start":{"line":223,"column":4},"end":{"line":233,"column":7}},"70":{"start":{"line":235,"column":4},"end":{"line":235,"column":74}},"71":{"start":{"line":236,"column":4},"end":{"line":239,"column":7}},"72":{"start":{"line":243,"column":25},"end":{"line":324,"column":1}},"73":{"start":{"line":244,"column":2},"end":{"line":323,"column":3}},"74":{"start":{"line":245,"column":16},"end":{"line":245,"column":26}},"75":{"start":{"line":246,"column":26},"end":{"line":246,"column":72}},"76":{"start":{"line":247,"column":32},"end":{"line":247,"column":69}},"77":{"start":{"line":249,"column":27},"end":{"line":249,"column":104}},"78":{"start":{"line":250,"column":27},"end":{"line":250,"column":72}},"79":{"start":{"line":252,"column":4},"end":{"line":257,"column":5}},"80":{"start":{"line":253,"column":6},"end":{"line":256,"column":9}},"81":{"start":{"line":259,"column":24},"end":{"line":259,"column":39}},"82":{"start":{"line":260,"column":25},"end":{"line":260,"column":27}},"83":{"start":{"line":261,"column":28},"end":{"line":261,"column":30}},"84":{"start":{"line":263,"column":4},"end":{"line":266,"column":5}},"85":{"start":{"line":264,"column":6},"end":{"line":264,"column":56}},"86":{"start":{"line":265,"column":6},"end":{"line":265,"column":39}},"87":{"start":{"line":268,"column":4},"end":{"line":271,"column":5}},"88":{"start":{"line":269,"column":6},"end":{"line":269,"column":52}},"89":{"start":{"line":270,"column":6},"end":{"line":270,"column":44}},"90":{"start":{"line":273,"column":19},"end":{"line":291,"column":5}},"91":{"start":{"line":293,"column":20},"end":{"line":303,"column":6}},"92":{"start":{"line":293,"column":47},"end":{"line":298,"column":5}},"93":{"start":{"line":305,"column":4},"end":{"line":316,"column":7}},"94":{"start":{"line":318,"column":4},"end":{"line":318,"column":72}},"95":{"start":{"line":319,"column":4},"end":{"line":322,"column":7}},"96":{"start":{"line":326,"column":27},"end":{"line":415,"column":1}},"97":{"start":{"line":327,"column":2},"end":{"line":327,"column":40}},"98":{"start":{"line":328,"column":2},"end":{"line":414,"column":3}},"99":{"start":{"line":329,"column":26},"end":{"line":329,"column":36}},"100":{"start":{"line":331,"column":4},"end":{"line":336,"column":5}},"101":{"start":{"line":332,"column":6},"end":{"line":335,"column":9}},"102":{"start":{"line":338,"column":26},"end":{"line":361,"column":5}},"103":{"start":{"line":362,"column":4},"end":{"line":362,"column":35}},"104":{"start":{"line":364,"column":4},"end":{"line":369,"column":5}},"105":{"start":{"line":365,"column":6},"end":{"line":368,"column":9}},"106":{"start":{"line":371,"column":20},"end":{"line":371,"column":34}},"107":{"start":{"line":373,"column":25},"end":{"line":378,"column":5}},"108":{"start":{"line":379,"column":4},"end":{"line":379,"column":31}},"109":{"start":{"line":381,"column":27},"end":{"line":392,"column":5}},"110":{"start":{"line":392,"column":6},"end":{"line":392,"column":36}},"111":{"start":{"line":394,"column":22},"end":{"line":398,"column":6}},"112":{"start":{"line":399,"column":4},"end":{"line":399,"column":35}},"113":{"start":{"line":401,"column":4},"end":{"line":401,"column":53}},"114":{"start":{"line":402,"column":4},"end":{"line":405,"column":6}},"115":{"start":{"line":407,"column":4},"end":{"line":407,"column":31}},"116":{"start":{"line":409,"column":4},"end":{"line":409,"column":67}},"117":{"start":{"line":410,"column":4},"end":{"line":413,"column":7}},"118":{"start":{"line":417,"column":0},"end":{"line":423,"column":2}}},"fnMap":{"0":{"name":"(anonymous_0)","decl":{"start":{"line":9,"column":22},"end":{"line":9,"column":23}},"loc":{"start":{"line":9,"column":42},"end":{"line":192,"column":1}},"line":9},"1":{"name":"(anonymous_1)","decl":{"start":{"line":51,"column":16},"end":{"line":51,"column":17}},"loc":{"start":{"line":51,"column":26},"end":{"line":51,"column":74}},"line":51},"2":{"name":"(anonymous_2)","decl":{"start":{"line":52,"column":13},"end":{"line":52,"column":14}},"loc":{"start":{"line":52,"column":24},"end":{"line":59,"column":9}},"line":52},"3":{"name":"(anonymous_3)","decl":{"start":{"line":60,"column":16},"end":{"line":60,"column":17}},"loc":{"start":{"line":60,"column":26},"end":{"line":60,"column":65}},"line":60},"4":{"name":"(anonymous_4)","decl":{"start":{"line":111,"column":18},"end":{"line":111,"column":19}},"loc":{"start":{"line":111,"column":28},"end":{"line":111,"column":76}},"line":111},"5":{"name":"(anonymous_5)","decl":{"start":{"line":112,"column":15},"end":{"line":112,"column":16}},"loc":{"start":{"line":112,"column":25},"end":{"line":112,"column":92}},"line":112},"6":{"name":"(anonymous_6)","decl":{"start":{"line":125,"column":50},"end":{"line":125,"column":51}},"loc":{"start":{"line":125,"column":59},"end":{"line":133,"column":7}},"line":125},"7":{"name":"(anonymous_7)","decl":{"start":{"line":146,"column":48},"end":{"line":146,"column":49}},"loc":{"start":{"line":146,"column":62},"end":{"line":146,"column":77}},"line":146},"8":{"name":"(anonymous_8)","decl":{"start":{"line":147,"column":48},"end":{"line":147,"column":49}},"loc":{"start":{"line":147,"column":62},"end":{"line":147,"column":83}},"line":147},"9":{"name":"(anonymous_9)","decl":{"start":{"line":196,"column":35},"end":{"line":196,"column":36}},"loc":{"start":{"line":196,"column":55},"end":{"line":241,"column":1}},"line":196},"10":{"name":"(anonymous_10)","decl":{"start":{"line":243,"column":25},"end":{"line":243,"column":26}},"loc":{"start":{"line":243,"column":45},"end":{"line":324,"column":1}},"line":243},"11":{"name":"(anonymous_11)","decl":{"start":{"line":293,"column":32},"end":{"line":293,"column":33}},"loc":{"start":{"line":293,"column":47},"end":{"line":298,"column":5}},"line":293},"12":{"name":"(anonymous_12)","decl":{"start":{"line":326,"column":27},"end":{"line":326,"column":28}},"loc":{"start":{"line":326,"column":47},"end":{"line":415,"column":1}},"line":326}},"branchMap":{"0":{"loc":{"start":{"line":20,"column":6},"end":{"line":20,"column":19}},"type":"default-arg","locations":[{"start":{"line":20,"column":17},"end":{"line":20,"column":19}}],"line":20},"1":{"loc":{"start":{"line":21,"column":6},"end":{"line":21,"column":23}},"type":"default-arg","locations":[{"start":{"line":21,"column":21},"end":{"line":21,"column":23}}],"line":21},"2":{"loc":{"start":{"line":24,"column":4},"end":{"line":29,"column":5}},"type":"if","locations":[{"start":{"line":24,"column":4},"end":{"line":29,"column":5}},{"start":{},"end":{}}],"line":24},"3":{"loc":{"start":{"line":24,"column":8},"end":{"line":24,"column":53}},"type":"binary-expr","locations":[{"start":{"line":24,"column":8},"end":{"line":24,"column":20}},{"start":{"line":24,"column":24},"end":{"line":24,"column":37}},{"start":{"line":24,"column":41},"end":{"line":24,"column":53}}],"line":24},"4":{"loc":{"start":{"line":31,"column":4},"end":{"line":36,"column":5}},"type":"if","locations":[{"start":{"line":31,"column":4},"end":{"line":36,"column":5}},{"start":{},"end":{}}],"line":31},"5":{"loc":{"start":{"line":38,"column":24},"end":{"line":38,"column":82}},"type":"cond-expr","locations":[{"start":{"line":38,"column":61},"end":{"line":38,"column":70}},{"start":{"line":38,"column":73},"end":{"line":38,"column":82}}],"line":38},"6":{"loc":{"start":{"line":39,"column":26},"end":{"line":39,"column":54}},"type":"binary-expr","locations":[{"start":{"line":39,"column":26},"end":{"line":39,"column":49}},{"start":{"line":39,"column":53},"end":{"line":39,"column":54}}],"line":39},"7":{"loc":{"start":{"line":40,"column":28},"end":{"line":40,"column":58}},"type":"binary-expr","locations":[{"start":{"line":40,"column":28},"end":{"line":40,"column":53}},{"start":{"line":40,"column":57},"end":{"line":40,"column":58}}],"line":40},"8":{"loc":{"start":{"line":42,"column":4},"end":{"line":47,"column":5}},"type":"if","locations":[{"start":{"line":42,"column":4},"end":{"line":47,"column":5}},{"start":{},"end":{}}],"line":42},"9":{"loc":{"start":{"line":42,"column":8},"end":{"line":42,"column":48}},"type":"binary-expr","locations":[{"start":{"line":42,"column":8},"end":{"line":42,"column":25}},{"start":{"line":42,"column":29},"end":{"line":42,"column":48}}],"line":42},"10":{"loc":{"start":{"line":49,"column":25},"end":{"line":61,"column":10}},"type":"cond-expr","locations":[{"start":{"line":50,"column":8},"end":{"line":60,"column":66}},{"start":{"line":61,"column":8},"end":{"line":61,"column":10}}],"line":49},"11":{"loc":{"start":{"line":51,"column":26},"end":{"line":51,"column":74}},"type":"binary-expr","locations":[{"start":{"line":51,"column":26},"end":{"line":51,"column":30}},{"start":{"line":51,"column":34},"end":{"line":51,"column":74}}],"line":51},"12":{"loc":{"start":{"line":54,"column":30},"end":{"line":54,"column":66}},"type":"binary-expr","locations":[{"start":{"line":54,"column":30},"end":{"line":54,"column":61}},{"start":{"line":54,"column":65},"end":{"line":54,"column":66}}],"line":54},"13":{"loc":{"start":{"line":55,"column":17},"end":{"line":55,"column":40}},"type":"binary-expr","locations":[{"start":{"line":55,"column":17},"end":{"line":55,"column":35}},{"start":{"line":55,"column":39},"end":{"line":55,"column":40}}],"line":55},"14":{"loc":{"start":{"line":56,"column":27},"end":{"line":56,"column":60}},"type":"binary-expr","locations":[{"start":{"line":56,"column":27},"end":{"line":56,"column":55}},{"start":{"line":56,"column":59},"end":{"line":56,"column":60}}],"line":56},"15":{"loc":{"start":{"line":57,"column":28},"end":{"line":57,"column":62}},"type":"binary-expr","locations":[{"start":{"line":57,"column":28},"end":{"line":57,"column":57}},{"start":{"line":57,"column":61},"end":{"line":57,"column":62}}],"line":57},"16":{"loc":{"start":{"line":58,"column":23},"end":{"line":58,"column":52}},"type":"binary-expr","locations":[{"start":{"line":58,"column":23},"end":{"line":58,"column":47}},{"start":{"line":58,"column":51},"end":{"line":58,"column":52}}],"line":58},"17":{"loc":{"start":{"line":60,"column":26},"end":{"line":60,"column":65}},"type":"binary-expr","locations":[{"start":{"line":60,"column":26},"end":{"line":60,"column":40}},{"start":{"line":60,"column":44},"end":{"line":60,"column":65}}],"line":60},"18":{"loc":{"start":{"line":72,"column":22},"end":{"line":72,"column":54}},"type":"binary-expr","locations":[{"start":{"line":72,"column":22},"end":{"line":72,"column":48}},{"start":{"line":72,"column":52},"end":{"line":72,"column":54}}],"line":72},"19":{"loc":{"start":{"line":73,"column":27},"end":{"line":76,"column":5}},"type":"binary-expr","locations":[{"start":{"line":73,"column":27},"end":{"line":73,"column":51}},{"start":{"line":73,"column":55},"end":{"line":76,"column":5}}],"line":73},"20":{"loc":{"start":{"line":77,"column":58},"end":{"line":77,"column":92}},"type":"binary-expr","locations":[{"start":{"line":77,"column":58},"end":{"line":77,"column":87}},{"start":{"line":77,"column":91},"end":{"line":77,"column":92}}],"line":77},"21":{"loc":{"start":{"line":78,"column":62},"end":{"line":78,"column":98}},"type":"binary-expr","locations":[{"start":{"line":78,"column":62},"end":{"line":78,"column":93}},{"start":{"line":78,"column":97},"end":{"line":78,"column":98}}],"line":78},"22":{"loc":{"start":{"line":94,"column":4},"end":{"line":100,"column":5}},"type":"if","locations":[{"start":{"line":94,"column":4},"end":{"line":100,"column":5}},{"start":{},"end":{}}],"line":94},"23":{"loc":{"start":{"line":109,"column":29},"end":{"line":113,"column":10}},"type":"cond-expr","locations":[{"start":{"line":110,"column":8},"end":{"line":112,"column":93}},{"start":{"line":113,"column":8},"end":{"line":113,"column":10}}],"line":109},"24":{"loc":{"start":{"line":109,"column":29},"end":{"line":109,"column":75}},"type":"binary-expr","locations":[{"start":{"line":109,"column":29},"end":{"line":109,"column":52}},{"start":{"line":109,"column":56},"end":{"line":109,"column":75}}],"line":109},"25":{"loc":{"start":{"line":111,"column":28},"end":{"line":111,"column":76}},"type":"binary-expr","locations":[{"start":{"line":111,"column":28},"end":{"line":111,"colum
[...]
,"C:\\Users\\danie\\OneDrive\\Documentos\\Daniel\\proyeto II\\DSVPayroll\\backend-nomina\\src\\modules\\users\\users.helpers.js": {"path":"C:\\Users\\danie\\OneDrive\\Documentos\\Daniel\\proyeto II\\DSVPayroll\\backend-nomina\\src\\modules\\users\\users.helpers.js","statementMap":{"0":{"start":{"line":2,"column":22},"end":{"line":3,"column":45}},"1":{"start":{"line":3,"column":2},"end":{"line":3,"column":45}},"2":{"start":{"line":6,"column":29},"end":{"line":26,"column":1}},"3":{"start":{"line":7,"column":18},"end":{"line":7,"column":20}},"4":{"start":{"line":8,"column":17},"end":{"line":8,"column":19}},"5":{"start":{"line":10,"column":2},"end":{"line":13,"column":3}},"6":{"start":{"line":11,"column":4},"end":{"line":11,"column":30}},"7":{"start":{"line":12,"column":4},"end":{"line":12,"column":23}},"8":{"start":{"line":15,"column":2},"end":{"line":18,"column":3}},"9":{"start":{"line":16,"column":4},"end":{"line":16,"column":31}},"10":{"start":{"line":17,"column":4},"end":{"line":17,"column":24}},"11":{"start":{"line":20,"column":2},"end":{"line":23,"column":3}},"12":{"start":{"line":21,"column":4},"end":{"line":21,"column":36}},"13":{"start":{"line":22,"column":4},"end":{"line":22,"column":36}},"14":{"start":{"line":25,"column":2},"end":{"line":25,"column":29}},"15":{"start":{"line":28,"column":0},"end":{"line":31,"column":2}}},"fnMap":{"0":{"name":"(anonymous_0)","decl":{"start":{"line":2,"column":22},"end":{"line":2,"column":23}},"loc":{"start":{"line":3,"column":2},"end":{"line":3,"column":45}},"line":3},"1":{"name":"(anonymous_1)","decl":{"start":{"line":6,"column":29},"end":{"line":6,"column":30}},"loc":{"start":{"line":6,"column":84},"end":{"line":26,"column":1}},"line":6}},"branchMap":{"0":{"loc":{"start":{"line":10,"column":2},"end":{"line":13,"column":3}},"type":"if","locations":[{"start":{"line":10,"column":2},"end":{"line":13,"column":3}},{"start":{},"end":{}}],"line":10},"1":{"loc":{"start":{"line":15,"column":2},"end":{"line":18,"column":3}},"type":"if","locations":[{"start":{"line":15,"column":2},"end":{"line":18,"column":3}},{"start":{},"end":{}}],"line":15},"2":{"loc":{"start":{"line":20,"column":2},"end":{"line":23,"column":3}},"type":"if","locations":[{"start":{"line":20,"column":2},"end":{"line":23,"column":3}},{"start":{},"end":{}}],"line":20},"3":{"loc":{"start":{"line":22,"column":16},"end":{"line":22,"column":34}},"type":"binary-expr","locations":[{"start":{"line":22,"column":16},"end":{"line":22,"column":26}},{"start":{"line":22,"column":30},"end":{"line":22,"column":34}}],"line":22}},"s":{"0":0,"1":0,"2":0,"3":0,"4":0,"5":0,"6":0,"7":0,"8":0,"9":0,"10":0,"11":0,"12":0,"13":0,"14":0,"15":0},"f":{"0":0,"1":0},"b":{"0":[0,0],"1":[0,0],"2":[0,0],"3":[0,0]}}
,"C:\\Users\\danie\\OneDrive\\Documentos\\Daniel\\proyeto II\\DSVPayroll\\backend-nomina\\src\\modules\\users\\users.routes.js": {"path":"C:\\Users\\danie\\OneDrive\\Documentos\\Daniel\\proyeto II\\DSVPayroll\\backend-nomina\\src\\modules\\users\\users.routes.js","statementMap":{"0":{"start":{"line":1,"column":16},"end":{"line":1,"column":34}},"1":{"start":{"line":2,"column":15},"end":{"line":2,"column":31}},"2":{"start":{"line":10,"column":4},"end":{"line":10,"column":33}},"3":{"start":{"line":15,"column":4},"end":{"line":15,"column":46}},"4":{"start":{"line":18,"column":0},"end":{"line":18,"column":24}},"5":{"start":{"line":19,"column":0},"end":{"line":19,"column":24}},"6":{"start":{"line":21,"column":0},"end":{"line":21,"column":29}},"7":{"start":{"line":22,"column":0},"end":{"line":22,"column":32}},"8":{"start":{"line":23,"column":0},"end":{"line":23,"column":31}},"9":{"start":{"line":24,"column":0},"end":{"line":24,"column":34}},"10":{"start":{"line":25,"column":0},"end":{"line":25,"column":53}},"11":{"start":{"line":27,"column":0},"end":{"line":27,"column":24}}},"fnMap":{},"branchMap":{},"s":{"0":0,"1":0,"2":0,"3":0,"4":0,"5":0,"6":0,"7":0,"8":0,"9":0,"10":0,"11":0},"f":{},"b":{}}
,"C:\\Users\\danie\\OneDrive\\Documentos\\Daniel\\proyeto II\\DSVPayroll\\backend-nomina\\src\\utils\\validators.js": {"path":"C:\\Users\\danie\\OneDrive\\Documentos\\Daniel\\proyeto II\\DSVPayroll\\backend-nomina\\src\\utils\\validators.js","statementMap":{"0":{"start":{"line":11,"column":21},"end":{"line":34,"column":1}},"1":{"start":{"line":12,"column":2},"end":{"line":14,"column":3}},"2":{"start":{"line":13,"column":4},"end":{"line":13,"column":52}},"3":{"start":{"line":16,"column":17},"end":{"line":16,"column":37}},"4":{"start":{"line":19,"column":2},"end":{"line":21,"column":3}},"5":{"start":{"line":20,"column":4},"end":{"line":20,"column":93}},"6":{"start":{"line":23,"column":2},"end":{"line":25,"column":3}},"7":{"start":{"line":24,"column":4},"end":{"line":24,"column":89}},"8":{"start":{"line":28,"column":20},"end":{"line":28,"column":49}},"9":{"start":{"line":29,"column":2},"end":{"line":31,"column":3}},"10":{"start":{"line":30,"column":4},"end":{"line":30,"column":88}},"11":{"start":{"line":33,"column":2},"end":{"line":33,"column":40}},"12":{"start":{"line":41,"column":22},"end":{"line":58,"column":1}},"13":{"start":{"line":42,"column":2},"end":{"line":44,"column":3}},"14":{"start":{"line":43,"column":4},"end":{"line":43,"column":52}},"15":{"start":{"line":47,"column":2},"end":{"line":49,"column":3}},"16":{"start":{"line":48,"column":4},"end":{"line":48,"column":64}},"17":{"start":{"line":52,"column":21},"end":{"line":52,"column":49}},"18":{"start":{"line":53,"column":2},"end":{"line":55,"column":3}},"19":{"start":{"line":54,"column":4},"end":{"line":54,"column":66}},"20":{"start":{"line":57,"column":2},"end":{"line":57,"column":40}},"21":{"start":{"line":65,"column":25},"end":{"line":82,"column":1}},"22":{"start":{"line":66,"column":2},"end":{"line":68,"column":3}},"23":{"start":{"line":67,"column":4},"end":{"line":67,"column":52}},"24":{"start":{"line":70,"column":17},"end":{"line":70,"column":32}},"25":{"start":{"line":73,"column":2},"end":{"line":75,"column":3}},"26":{"start":{"line":74,"column":4},"end":{"line":74,"column":83}},"27":{"start":{"line":77,"column":2},"end":{"line":79,"column":3}},"28":{"start":{"line":78,"column":4},"end":{"line":78,"column":84}},"29":{"start":{"line":81,"column":2},"end":{"line":81,"column":40}},"30":{"start":{"line":90,"column":30},"end":{"line":96,"column":1}},"31":{"start":{"line":91,"column":2},"end":{"line":93,"column":3}},"32":{"start":{"line":92,"column":4},"end":{"line":92,"column":69}},"33":{"start":{"line":95,"column":2},"end":{"line":95,"column":40}},"34":{"start":{"line":103,"column":37},"end":{"line":115,"column":1}},"35":{"start":{"line":104,"column":2},"end":{"line":106,"column":3}},"36":{"start":{"line":105,"column":4},"end":{"line":105,"column":75}},"37":{"start":{"line":109,"column":18},"end":{"line":109,"column":30}},"38":{"start":{"line":110,"column":2},"end":{"line":112,"column":3}},"39":{"start":{"line":111,"column":4},"end":{"line":111,"column":74}},"40":{"start":{"line":114,"column":2},"end":{"line":114,"column":40}},"41":{"start":{"line":124,"column":29},"end":{"line":144,"column":1}},"42":{"start":{"line":125,"column":2},"end":{"line":127,"column":3}},"43":{"start":{"line":126,"column":4},"end":{"line":126,"column":65}},"44":{"start":{"line":129,"column":14},"end":{"line":129,"column":31}},"45":{"start":{"line":131,"column":2},"end":{"line":133,"column":3}},"46":{"start":{"line":132,"column":4},"end":{"line":132,"column":66}},"47":{"start":{"line":135,"column":2},"end":{"line":137,"column":3}},"48":{"start":{"line":136,"column":4},"end":{"line":136,"column":71}},"49":{"start":{"line":139,"column":2},"end":{"line":141,"column":3}},"50":{"start":{"line":140,"column":4},"end":{"line":140,"column":71}},"51":{"start":{"line":143,"column":2},"end":{"line":143,"column":40}},"52":{"start":{"line":151,"column":21},"end":{"line":167,"column":1}},"53":{"start":{"line":152,"column":2},"end":{"line":154,"column":3}},"54":{"start":{"line":153,"column":4},"end":{"line":153,"column":56}},"55":{"start":{"line":156,"column":20},"end":{"line":156,"column":41}},"56":{"start":{"line":157,"column":2},"end":{"line":159,"column":3}},"57":{"start":{"line":158,"column":4},"end":{"line":158,"column":83}},"58":{"start":{"line":161,"column":18},"end":{"line":161,"column":32}},"59":{"start":{"line":162,"column":2},"end":{"line":164,"column":3}},"60":{"start":{"line":163,"column":4},"end":{"line":163,"column":55}},"61":{"start":{"line":166,"column":2},"end":{"line":166,"column":40}},"62":{"start":{"line":175,"column":27},"end":{"line":195,"column":1}},"63":{"start":{"line":176,"column":25},"end":{"line":176,"column":48}},"64":{"start":{"line":177,"column":2},"end":{"line":179,"column":3}},"65":{"start":{"line":178,"column":4},"end":{"line":178,"column":26}},"66":{"start":{"line":181,"column":16},"end":{"line":181,"column":26}},"67":{"start":{"line":182,"column":16},"end":{"line":182,"column":35}},"68":{"start":{"line":183,"column":12},"end":{"line":183,"column":53}},"69":{"start":{"line":184,"column":20},"end":{"line":184,"column":55}},"70":{"start":{"line":186,"column":2},"end":{"line":188,"column":3}},"71":{"start":{"line":187,"column":4},"end":{"line":187,"column":10}},"72":{"start":{"line":190,"column":2},"end":{"line":192,"column":3}},"73":{"start":{"line":191,"column":4},"end":{"line":191,"column":75}},"74":{"start":{"line":194,"column":2},"end":{"line":194,"column":40}},"75":{"start":{"line":197,"column":0},"end":{"line":206,"column":2}}},"fnMap":{"0":{"name":"(anonymous_0)","decl":{"start":{"line":11,"column":21},"end":{"line":11,"column":22}},"loc":{"start":{"line":11,"column":33},"end":{"line":34,"column":1}},"line":11},"1":{"name":"(anonymous_1)","decl":{"start":{"line":41,"column":22},"end":{"line":41,"column":23}},"loc":{"start":{"line":41,"column":33},"end":{"line":58,"column":1}},"line":41},"2":{"name":"(anonymous_2)","decl":{"start":{"line":65,"column":25},"end":{"line":65,"column":26}},"loc":{"start":{"line":65,"column":39},"end":{"line":82,"column":1}},"line":65},"3":{"name":"(anonymous_3)","decl":{"start":{"line":90,"column":30},"end":{"line":90,"column":31}},"loc":{"start":{"line":90,"column":61},"end":{"line":96,"column":1}},"line":90},"4":{"name":"(anonymous_4)","decl":{"start":{"line":103,"column":37},"end":{"line":103,"column":38}},"loc":{"start":{"line":103,"column":49},"end":{"line":115,"column":1}},"line":103},"5":{"name":"(anonymous_5)","decl":{"start":{"line":124,"column":29},"end":{"line":124,"column":30}},"loc":{"start":{"line":124,"column":61},"end":{"line":144,"column":1}},"line":124},"6":{"name":"(anonymous_6)","decl":{"start":{"line":151,"column":21},"end":{"line":151,"column":22}},"loc":{"start":{"line":151,"column":31},"end":{"line":167,"column":1}},"line":151},"7":{"name":"(anonymous_7)","decl":{"start":{"line":175,"column":27},"end":{"line":175,"column":28}},"loc":{"start":{"line":175,"column":55},"end":{"line":195,"column":1}},"line":175}},"branchMap":{"0":{"loc":{"start":{"line":12,"column":2},"end":{"line":14,"column":3}},"type":"if","locations":[{"start":{"line":12,"column":2},"end":{"line":14,"column":3}},{"start":{},"end":{}}],"line":12},"1":{"loc":{"start":{"line":12,"column":6},"end":{"line":12,"column":37}},"type":"binary-expr","locations":[{"start":{"line":12,"column":6},"end":{"line":12,"column":13}},{"start":{"line":12,"column":17},"end":{"line":12,"column":37}}],"line":12},"2":{"loc":{"start":{"line":19,"column":2},"end":{"line":21,"column":3}},"type":"if","locations":[{"start":{"line":19,"column":2},"end":{"line":21,"column":3}},{"start":{},"end":{}}],"line":19},"3":{"loc":{"start":{"line":23,"column":2},"end":{"line":25,"column":3}},"type":"if","locations":[{"start":{"line":23,"column":2},"end":{"line":25,"column":3}},{"start":{},"end":{}}],"line":23},"4":{"loc":{"start":{"line":29,"column":2},"end":{"line":31,"column":3}},"type":"if","locations":[{"start":{"line":29,"column":2},"end":{"line":31,"column":3}},{"start":{},"end":{}}],"line":29},"5":{"loc":{"start":{"line":42,"column":2},"end":{"line":44,"column":3}},"type":"if","locations":[{"start":{"line":42,"column":2},"end":{"line":44,"column":3}},{"start":{},"end":{}}],"line":42},"6":{"loc":{"start":{"line":42,"column":6},"end":{"line":42,"column":35}},"type":"binary-expr","locations":[{"start":{"line":42,"column":6},"end":{"line":42,"column":12}},{"start":{"line":42,"column":16},"end":{"line":42,"column":35}}],"line":42},"7":{"loc":{"start":{"line":47,"column":2},"end":{"line":49,"column":3}},"type":"if","locations":[{"start":{"line":47,"column":2},"end":{"line":49,"column":3}},{"start":{},"end":{}}],"line":47},"8":{"loc":{"start":{"line":53,"column":2},"end":{"line":55,"column":3}},"type":"if","locations":[{"start":{"line":53,"column":2},"end":{"line":55,"column":3}},{"start":{},"end":{}}],"line":53},"9":{"loc":{"start":{"line":66,"column":2},"end":{"line":68,"column":3}},"type":"if","locations":[{"start":{"line":66,"column":2},"end":{"line":68,"column":3}},{"start":{},"end":{}}],"line":66},"10":{"loc":{"start":{"line":66,"column":6},"end":{"line":66,"column":41}},"type":"binary-expr","locations":[{"start":{"line":66,"column":6},"end":{"line":66,"column":15}},{"start":{"line":66,"column":19},"end":{"line":66,"column":41}}],"line":66},"11":{"loc":{"start":{"line":73,"column":2},"end":{"line":75,"column":3}},"type":"if","locations":[{"start":{"line":73,"column":2},"end":{"line":75,"column":3}},{"start":{},"end":{}}],"line":73},"12":{"loc":{"start":{"line":77,"column":2},"end":{"line":79,"column":3}},"type":"if","locations":[{"start":{"line":77,"column":2},"end":{"line":79,"column":3}},{"start":{},"end":{}}],"line":77},"13":{"loc":{"start":{"line":91,"column":2},"end":{"line":93,"column":3}},"type":"if","locations":[{"start":{"line":91,"column":2},"end":{"line":93,"column":3}},{"start":{},"end":{}}],"line":91},"14":{"loc":{"start":{"line":104,"column":2},"end":{"line":106,"column":3}},"type":"if","locations":[{"start":{"line":104,"column":2},"end":{"line":106,"column":3}},{"start":{},"end":{}}],"line":104},"15":{"loc":{"start":{"line":104,"column":6},"end":{"line":104,"column":37}},"type":"binary-expr","locations":[{"start":{"line":104,"column":6},"end":{"line":104,"column":13}},{"start":{"line":104,"column":17},"end":{"line":104,"column":37}}],"line":104},"16":{"loc":{"start":{"line":110,"column":2},"end":{"line":112,"column":3}},"type":"if","locations":[{"start":{"line":110,"column":2},"end":{"line":112,"column":3}},{"start":{},"end":{}}],"line":110},"17":{"loc":{"start":{"line":124,"column":37},"end":{"line":124,"column":44}},"type":"default-arg","locations":[{"start":{"line":124,"column":43},"end":{"line":124,"column":44}}],"line":124},"18":{"loc":{"start":{"line":124,"column":46},"end":{"line":124,"column":56}},"type":"default-arg","locations":[{"start":{"line":124,"column":52},"end":{"line":124,"column":56}}],"line":124},"19":{"loc":{"start":{"line":125,"column":2},"end":{"line":127,"column":3}},"type":"if","locations":[{"start":{"line":125,"column":2},"end":{"line":127,"column":3}},{"start":{},"end":{}}],"line":125},"20":{"loc":{"start":{"line":125,"column":6},"end":{"line":125,"column":59}},"type":"binary-expr","locations":[{"start":{"line":125,"column":6},"end":{"line":125,"column":25}},{"start":{"line":125,"column":29},"end":{"line":125,"column":43}},{"start":{"line":125,"column":47},"end":{"line":125,"column":59}}],"line":125},"21":{"loc":{"start":{"line":131,"column":2},"end":{"line":133,"column":3}},"type":"if","locations":[{"start":{"line":131,"column":2},"end":{"line":133,"column":3}},{"start":{},"end":{}}],"line":131},"22":{"loc":{"start":{"line":135,"column":2},"end":{"line":137,"column":3}},"type":"if","locations":[{"start":{"line":135,"column":2},"end":{"line":137,"column":3}},{"start":{},"end":{}}],"line":135},"23":{"loc":{"start":{"line":139,"column":2},"end":{"line":141,"column":3}},"type":"if","locations":[{"start":{"line":139,"column":2},"end":{"line":141,"column":3}},{"start":{},"end":{}}],"line":139},"24":{"loc":{"start":{"line":139,"column":6},"end":{"line":139,"column":31}},"type":"binary-expr","locations":[{"start":{"line":139,"column":6},"end":{"line":139,"column":18}},{"start":{"line":139,"column":22},"end":{"line":139,"column":31}}],"line":139},"25":{"loc":{"start":{"line":152,"column":2},"end":{"line":154,"column":3}},"type":"if","locations":[{"start":{"line":152,"column":2},"end":{"line":154,"column":3}},{"start":{},"end":{}}],"line":152},"26":{"loc":{"start":{"line":157,"column":2},"end":{"line":159,"column":3}},"type":"if","locations":[{"start":{"line":157,"column":2},"end":{"line":159,"column":3}},{"start":{},"end":{}}],"line":157},"27":{"loc":{"start":{"line":162,"column":2},"end":{"line":164,"column":3}},"type":"if","locations":[{"start":{"line":162,"column":2},"end":{"line":164,"column":3}},{"start":{},"end":{}}],"line":162},"28":{"loc":{"start":{"line":175,"column":39},"end":{"line":175,"column":50}},"type":"default-arg","locations":[{"start":{"line":175,"column":48},"end":{"line":175,"column":50}}],"line":175},"29":{"loc":{"start":{"line":177,"column":2},"end":{"line":179,"column":3}},"type":"if","locations":[{"start":{"line":177,"column":2},"end":{"line":179,"column":3}},{"start":{},"end":{}}],"line":177},"30":{"loc":{"start":{"line":186,"column":2},"end":{"line":188,"column":3}},"type":"if","locations":[{"start":{"line":186,"column":2},"end":{"line":188,"column":3}},{"start":{},"end":{}}],"line":186},"31":{"loc":{"start":{"line":186,"column":6},"end":{"line":186,"column":77}},"type":"binary-expr","locations":[{"start":{"line":186,"column":6},"end":{"line":186,"column":19}},{"start":{"line":186,"column":24},"end":{"line":186,"column":39}},{"start":{"line":186,"column":43},"end":{"line":186,"column":76}}],"line":186},"32":{"loc":{"start":{"line":190,"column":2},"end":{"line":192,"column":3}},"type":"if","locations":[{"start":{"line":190,"column":2},"end":{"line":192,"column":3}},{"start":{},"end":{}}],"line":190}},"s":{"0":1,"1":12,"2":2,"3":10,"4":10,"5":1,"6":9,"7":1,"8":8,"9":8,"10":2,"11":6,"12":1,"13":6,"14":1,"15":5,"16":1,"17":4,"18":4,"19":2,"20":2,"21":1,"22":6,"23":1,"24":5,"25":5,"26":1,"27":4,"28":1,"29":3,"30":1,"31":3,"32":2,"33":1,"34":1,"35":4,"36":1,"37":3,"38":3,"39":1,"40":2,"41":1,"42":6,"43":1,"44":5,"45":5,"46":1,"47":4,"48":1,"49":3,"50":1,"51":2,"52":1,"53":7,"54":1,"55":6,"56":6,"57":1,"58":5,"59":5,"60":0,"61":5,"62":1,"63":3,"64":3,"65":0,"66":3,"67":3,"68":3,"69":3,"70":3,"71":0,"72":3,"73":1,"74":2,"75":1},"f":{"0":12,"1":6,"2":6,"3":3,"4":4,"5":6,"6":7,"7":3},"b":{"0":[2,10],"1":[12,11],"2":[1,9],"3":[1,8],"4":[2,6],"5":[1,5],"6":[6,5],"7":[1,4],"8":[2,2],"9":[1,5],"10":[6,5],"11":[1,4],"12":[1,3],"13":[2,1],"14":[1,3],"15":[4,3],"16":[1,2],"17":[0],"18":[4],"19":[1,5],"20":[6,6,6],"21":[1,4],"22":[1,3],"23":[1,2],"24":[3,1],"25":[1,6],"26":[1,5],"27":[0,5],"28":[0],"29":[0,3],"30":[0,3],"31":[3,3,3],"32":[1,2]},"_coverageSchema":"1a1c01bbd47fc00a2c39e90264f33305004495a9","hash":"7c0bed4987f4c865230349ba5824cd5293116bc1"}
}
