TN:
SF:src\middleware\authMiddleware.js
FN:5,(anonymous_0)
FN:85,(anonymous_1)
FN:86,(anonymous_2)
FNF:3
FNH:0
FNDA:0,(anonymous_0)
FNDA:0,(anonymous_1)
FNDA:0,(anonymous_2)
DA:1,0
DA:2,0
DA:5,0
DA:6,0
DA:7,0
DA:9,0
DA:10,0
DA:16,0
DA:18,0
DA:19,0
DA:25,0
DA:27,0
DA:35,0
DA:36,0
DA:42,0
DA:44,0
DA:45,0
DA:51,0
DA:59,0
DA:61,0
DA:63,0
DA:64,0
DA:70,0
DA:71,0
DA:77,0
DA:85,0
DA:86,0
DA:87,0
DA:88,0
DA:94,0
DA:96,0
DA:97,0
DA:105,0
DA:110,0
DA:113,0
DA:115,0
LF:36
LH:0
BRDA:9,0,0,0
BRDA:9,0,1,0
BRDA:18,1,0,0
BRDA:18,1,1,0
BRDA:35,2,0,0
BRDA:35,2,1,0
BRDA:44,3,0,0
BRDA:44,3,1,0
BRDA:63,4,0,0
BRDA:63,4,1,0
BRDA:70,5,0,0
BRDA:70,5,1,0
BRDA:87,6,0,0
BRDA:87,6,1,0
BRDA:96,7,0,0
BRDA:96,7,1,0
BRF:16
BRH:0
end_of_record
TN:
SF:src\modules\auth\auth.constants.js
FNF:0
FNH:0
DA:2,0
DA:3,0
DA:4,0
DA:6,0
LF:4
LH:0
BRF:0
BRH:0
end_of_record
TN:
SF:src\modules\auth\auth.controller.js
FN:21,(anonymous_0)
FN:104,(anonymous_1)
FN:204,(anonymous_2)
FN:270,(anonymous_3)
FN:365,(anonymous_4)
FNF:5
FNH:0
FNDA:0,(anonymous_0)
FNDA:0,(anonymous_1)
FNDA:0,(anonymous_2)
FNDA:0,(anonymous_3)
FNDA:0,(anonymous_4)
DA:1,0
DA:2,0
DA:3,0
DA:4,0
DA:8,0
DA:13,0
DA:18,0
DA:21,0
DA:22,0
DA:23,0
DA:25,0
DA:26,0
DA:33,0
DA:42,0
DA:43,0
DA:50,0
DA:52,0
DA:53,0
DA:60,0
DA:62,0
DA:63,0
DA:70,0
DA:80,0
DA:94,0
DA:95,0
DA:104,0
DA:105,0
DA:106,0
DA:108,0
DA:109,0
DA:117,0
DA:118,0
DA:119,0
DA:127,0
DA:128,0
DA:129,0
DA:137,0
DA:138,0
DA:139,0
DA:140,0
DA:148,0
DA:153,0
DA:154,0
DA:161,0
DA:166,0
DA:167,0
DA:174,0
DA:176,0
DA:182,0
DA:194,0
DA:195,0
DA:204,0
DA:205,0
DA:206,0
DA:208,0
DA:209,0
DA:215,0
DA:220,0
DA:221,0
DA:227,0
DA:228,0
DA:229,0
DA:231,0
DA:237,0
DA:243,0
DA:244,0
DA:246,0
DA:249,0
DA:261,0
DA:262,0
DA:270,0
DA:271,0
DA:272,0
DA:274,0
DA:275,0
DA:282,0
DA:283,0
DA:290,0
DA:295,0
DA:296,0
DA:303,0
DA:305,0
DA:314,0
DA:315,0
DA:322,0
DA:324,0
DA:325,0
DA:331,0
DA:332,0
DA:338,0
DA:340,0
DA:345,0
DA:350,0
DA:356,0
DA:357,0
DA:365,0
DA:366,0
DA:367,0
DA:382,0
DA:383,0
DA:390,0
DA:396,0
DA:397,0
DA:404,0
LF:104
LH:0
BRDA:25,0,0,0
BRDA:25,0,1,0
BRDA:25,1,0,0
BRDA:25,1,1,0
BRDA:42,2,0,0
BRDA:42,2,1,0
BRDA:52,3,0,0
BRDA:52,3,1,0
BRDA:62,4,0,0
BRDA:62,4,1,0
BRDA:108,5,0,0
BRDA:108,5,1,0
BRDA:108,6,0,0
BRDA:108,6,1,0
BRDA:108,6,2,0
BRDA:108,6,3,0
BRDA:118,7,0,0
BRDA:118,7,1,0
BRDA:128,8,0,0
BRDA:128,8,1,0
BRDA:137,9,0,0
BRDA:137,9,1,0
BRDA:139,10,0,0
BRDA:139,10,1,0
BRDA:153,11,0,0
BRDA:153,11,1,0
BRDA:166,12,0,0
BRDA:166,12,1,0
BRDA:179,13,0,0
BRDA:179,13,1,0
BRDA:208,14,0,0
BRDA:208,14,1,0
BRDA:220,15,0,0
BRDA:220,15,1,0
BRDA:243,16,0,0
BRDA:243,16,1,0
BRDA:252,17,0,0
BRDA:252,17,1,0
BRDA:274,18,0,0
BRDA:274,18,1,0
BRDA:274,19,0,0
BRDA:274,19,1,0
BRDA:274,19,2,0
BRDA:282,20,0,0
BRDA:282,20,1,0
BRDA:295,21,0,0
BRDA:295,21,1,0
BRDA:314,22,0,0
BRDA:314,22,1,0
BRDA:324,23,0,0
BRDA:324,23,1,0
BRDA:331,24,0,0
BRDA:331,24,1,0
BRDA:382,25,0,0
BRDA:382,25,1,0
BRF:55
BRH:0
end_of_record
TN:
SF:src\modules\auth\auth.helpers.js
FN:7,(anonymous_0)
FN:10,(anonymous_1)
FN:14,(anonymous_2)
FNF:3
FNH:0
FNDA:0,(anonymous_0)
FNDA:0,(anonymous_1)
FNDA:0,(anonymous_2)
DA:1,0
DA:4,0
DA:7,0
DA:10,0
DA:11,0
DA:14,0
DA:15,0
DA:17,0
LF:8
LH:0
BRF:0
BRH:0
end_of_record
TN:
SF:src\modules\auth\auth.routes.js
FN:27,(anonymous_0)
FNF:1
FNH:0
FNDA:0,(anonymous_0)
DA:1,0
DA:2,0
DA:10,0
DA:15,0
DA:18,0
DA:19,0
DA:20,0
DA:23,0
DA:24,0
DA:27,0
DA:28,0
DA:45,0
LF:12
LH:0
BRF:0
BRH:0
end_of_record
TN:
SF:src\modules\catalogs\catalogs.controller.js
FN:4,(anonymous_0)
FN:27,(anonymous_1)
FN:50,(anonymous_2)
FNF:3
FNH:0
FNDA:0,(anonymous_0)
FNDA:0,(anonymous_1)
FNDA:0,(anonymous_2)
DA:1,0
DA:4,0
DA:5,0
DA:6,0
DA:12,0
DA:18,0
DA:19,0
DA:27,0
DA:28,0
DA:29,0
DA:35,0
DA:41,0
DA:42,0
DA:50,0
DA:51,0
DA:52,0
DA:58,0
DA:64,0
DA:65,0
DA:72,0
LF:20
LH:0
BRF:0
BRH:0
end_of_record
TN:
SF:src\modules\catalogs\catalogs.helpers.js
FN:4,(anonymous_0)
FNF:1
FNH:0
FNDA:0,(anonymous_0)
DA:1,0
DA:4,0
DA:5,0
DA:7,0
DA:13,0
LF:5
LH:0
BRF:0
BRH:0
end_of_record
TN:
SF:src\modules\catalogs\catalogs.routes.js
FNF:0
FNH:0
DA:1,0
DA:2,0
DA:8,0
DA:10,0
DA:13,0
DA:15,0
DA:16,0
DA:17,0
DA:19,0
LF:9
LH:0
BRF:0
BRH:0
end_of_record
TN:
SF:src\modules\employees\employees.constants.js
FNF:0
FNH:0
DA:2,0
DA:3,0
DA:4,0
DA:5,0
DA:7,0
LF:5
LH:0
BRF:0
BRH:0
end_of_record
TN:
SF:src\modules\employees\employees.controller.js
FN:21,(anonymous_0)
FN:97,(anonymous_1)
FN:159,(anonymous_2)
FN:346,(anonymous_3)
FN:450,(anonymous_4)
FN:506,(anonymous_5)
FNF:6
FNH:0
FNDA:0,(anonymous_0)
FNDA:0,(anonymous_1)
FNDA:0,(anonymous_2)
FNDA:0,(anonymous_3)
FNDA:0,(anonymous_4)
FNDA:0,(anonymous_5)
DA:1,0
DA:5,0
DA:11,0
DA:18,0
DA:21,0
DA:22,0
DA:23,0
DA:24,0
DA:26,0
DA:27,0
DA:33,0
DA:35,0
DA:42,0
DA:44,0
DA:70,0
DA:74,0
DA:76,0
DA:88,0
DA:89,0
DA:97,0
DA:98,0
DA:99,0
DA:100,0
DA:101,0
DA:103,0
DA:104,0
DA:110,0
DA:111,0
DA:117,0
DA:138,0
DA:139,0
DA:145,0
DA:150,0
DA:151,0
DA:159,0
DA:160,0
DA:162,0
DA:173,0
DA:176,0
DA:186,0
DA:193,0
DA:194,0
DA:195,0
DA:202,0
DA:203,0
DA:204,0
DA:211,0
DA:212,0
DA:213,0
DA:220,0
DA:221,0
DA:222,0
DA:229,0
DA:230,0
DA:231,0
DA:238,0
DA:239,0
DA:240,0
DA:241,0
DA:247,0
DA:248,0
DA:249,0
DA:257,0
DA:258,0
DA:259,0
DA:260,0
DA:267,0
DA:272,0
DA:273,0
DA:279,0
DA:280,0
DA:282,0
DA:284,0
DA:302,0
DA:309,0
DA:311,0
DA:328,0
DA:334,0
DA:335,0
DA:336,0
DA:341,0
DA:346,0
DA:347,0
DA:348,0
DA:359,0
DA:361,0
DA:366,0
DA:367,0
DA:373,0
DA:374,0
DA:379,0
DA:380,0
DA:388,0
DA:392,0
DA:418,0
DA:435,0
DA:441,0
DA:442,0
DA:450,0
DA:451,0
DA:452,0
DA:454,0
DA:459,0
DA:460,0
DA:466,0
DA:471,0
DA:472,0
DA:478,0
DA:483,0
DA:484,0
DA:490,0
DA:492,0
DA:497,0
DA:498,0
DA:506,0
DA:507,0
DA:508,0
DA:509,0
DA:510,0
DA:512,0
DA:513,0
DA:519,0
DA:520,0
DA:526,0
DA:528,0
DA:554,0
DA:560,0
DA:561,0
DA:568,0
LF:129
LH:0
BRDA:26,0,0,0
BRDA:26,0,1,0
BRDA:35,1,0,0
BRDA:35,1,1,0
BRDA:66,2,0,0
BRDA:66,2,1,0
BRDA:70,3,0,0
BRDA:70,3,1,0
BRDA:103,4,0,0
BRDA:103,4,1,0
BRDA:110,5,0,0
BRDA:110,5,1,0
BRDA:110,6,0,0
BRDA:110,6,1,0
BRDA:138,7,0,0
BRDA:138,7,1,0
BRDA:176,8,0,0
BRDA:176,8,1,0
BRDA:177,9,0,0
BRDA:177,9,1,0
BRDA:177,9,2,0
BRDA:177,9,3,0
BRDA:177,9,4,0
BRDA:177,9,5,0
BRDA:177,9,6,0
BRDA:177,9,7,0
BRDA:194,10,0,0
BRDA:194,10,1,0
BRDA:203,11,0,0
BRDA:203,11,1,0
BRDA:212,12,0,0
BRDA:212,12,1,0
BRDA:221,13,0,0
BRDA:221,13,1,0
BRDA:230,14,0,0
BRDA:230,14,1,0
BRDA:238,15,0,0
BRDA:238,15,1,0
BRDA:240,16,0,0
BRDA:240,16,1,0
BRDA:248,17,0,0
BRDA:248,17,1,0
BRDA:257,18,0,0
BRDA:257,18,1,0
BRDA:259,19,0,0
BRDA:259,19,1,0
BRDA:272,20,0,0
BRDA:272,20,1,0
BRDA:295,21,0,0
BRDA:295,21,1,0
BRDA:296,22,0,0
BRDA:296,22,1,0
BRDA:366,23,0,0
BRDA:366,23,1,0
BRDA:373,24,0,0
BRDA:373,24,1,0
BRDA:379,25,0,0
BRDA:379,25,1,0
BRDA:388,26,0,0
BRDA:388,26,1,0
BRDA:459,27,0,0
BRDA:459,27,1,0
BRDA:471,28,0,0
BRDA:471,28,1,0
BRDA:483,29,0,0
BRDA:483,29,1,0
BRDA:512,30,0,0
BRDA:512,30,1,0
BRDA:519,31,0,0
BRDA:519,31,1,0
BRDA:519,32,0,0
BRDA:519,32,1,0
BRDA:546,33,0,0
BRDA:546,33,1,0
BRDA:549,34,0,0
BRDA:549,34,1,0
BRF:76
BRH:0
end_of_record
TN:
SF:src\modules\employees\employees.helpers.js
FN:8,(anonymous_0)
FN:31,(anonymous_1)
FN:34,(anonymous_2)
FN:47,(anonymous_3)
FNF:4
FNH:0
FNDA:0,(anonymous_0)
FNDA:0,(anonymous_1)
FNDA:0,(anonymous_2)
FNDA:0,(anonymous_3)
DA:1,0
DA:5,0
DA:8,0
DA:9,0
DA:11,0
DA:13,0
DA:18,0
DA:19,0
DA:22,0
DA:27,0
DA:31,0
DA:34,0
DA:35,0
DA:36,0
DA:43,0
DA:47,0
DA:48,0
DA:49,0
DA:51,0
DA:58,0
LF:20
LH:0
BRDA:8,0,0,0
BRDA:11,1,0,0
BRDA:11,1,1,0
BRDA:18,2,0,0
BRDA:18,2,1,0
BRDA:35,3,0,0
BRDA:35,3,1,0
BRDA:35,4,0,0
BRDA:35,4,1,0
BRDA:48,5,0,0
BRDA:48,5,1,0
BRDA:49,6,0,0
BRDA:49,6,1,0
BRF:13
BRH:0
end_of_record
TN:
SF:src\modules\employees\employees.routes.js
FNF:0
FNH:0
DA:1,0
DA:2,0
DA:11,0
DA:16,0
DA:19,0
DA:22,0
DA:23,0
DA:24,0
DA:27,0
DA:28,0
DA:29,0
DA:31,0
LF:12
LH:0
BRF:0
BRH:0
end_of_record
TN:
SF:src\modules\payroll\payroll-pdf.service.js
FN:4,(anonymous_0)
FNF:1
FNH:0
FNDA:0,(anonymous_0)
DA:1,0
DA:2,0
DA:4,0
DA:7,0
DA:8,0
DA:10,0
DA:14,0
DA:16,0
DA:20,0
DA:31,0
DA:32,0
DA:37,0
LF:12
LH:0
BRDA:31,0,0,0
BRDA:31,0,1,0
BRF:2
BRH:0
end_of_record
TN:
SF:src\modules\payroll\payroll-pdf.template.js
FN:1,(anonymous_0)
FN:10,(anonymous_1)
FN:36,(anonymous_2)
FN:37,(anonymous_3)
FN:42,(anonymous_4)
FN:44,(anonymous_5)
FN:62,(anonymous_6)
FN:63,(anonymous_7)
FN:64,(anonymous_8)
FN:71,(anonymous_9)
FNF:10
FNH:0
FNDA:0,(anonymous_0)
FNDA:0,(anonymous_1)
FNDA:0,(anonymous_2)
FNDA:0,(anonymous_3)
FNDA:0,(anonymous_4)
FNDA:0,(anonymous_5)
FNDA:0,(anonymous_6)
FNDA:0,(anonymous_7)
FNDA:0,(anonymous_8)
FNDA:0,(anonymous_9)
DA:1,0
DA:2,0
DA:10,0
DA:11,0
DA:13,0
DA:21,0
DA:24,0
DA:30,0
DA:33,0
DA:36,0
DA:37,0
DA:42,0
DA:43,0
DA:44,0
DA:62,0
DA:63,0
DA:64,0
DA:66,0
DA:67,0
DA:68,0
DA:70,0
DA:71,0
DA:86,0
DA:366,0
LF:24
LH:0
BRDA:7,0,0,0
BRDA:7,0,1,0
BRDA:11,1,0,0
BRDA:11,1,1,0
BRDA:13,2,0,0
BRDA:13,2,1,0
BRDA:14,3,0,0
BRDA:14,3,1,0
BRDA:14,3,2,0
BRDA:14,3,3,0
BRDA:14,3,4,0
BRDA:14,3,5,0
BRDA:24,4,0,0
BRDA:24,4,1,0
BRDA:25,5,0,0
BRDA:25,5,1,0
BRDA:25,5,2,0
BRDA:25,5,3,0
BRDA:43,6,0,0
BRDA:43,6,1,0
BRDA:70,7,0,0
BRDA:70,7,1,0
BRF:22
BRH:0
end_of_record
TN:
SF:src\modules\payroll\payroll.constants.js
FNF:0
FNH:0
DA:1,0
DA:2,0
DA:8,0
DA:9,0
DA:11,0
LF:5
LH:0
BRF:0
BRH:0
end_of_record
TN:
SF:src\modules\payroll\payroll.controller.js
FN:9,(anonymous_0)
FN:51,(anonymous_1)
FN:52,(anonymous_2)
FN:60,(anonymous_3)
FN:111,(anonymous_4)
FN:112,(anonymous_5)
FN:125,(anonymous_6)
FN:146,(anonymous_7)
FN:147,(anonymous_8)
FN:196,(anonymous_9)
FN:243,(anonymous_10)
FN:293,(anonymous_11)
FN:326,(anonymous_12)
FNF:13
FNH:0
FNDA:0,(anonymous_0)
FNDA:0,(anonymous_1)
FNDA:0,(anonymous_2)
FNDA:0,(anonymous_3)
FNDA:0,(anonymous_4)
FNDA:0,(anonymous_5)
FNDA:0,(anonymous_6)
FNDA:0,(anonymous_7)
FNDA:0,(anonymous_8)
FNDA:0,(anonymous_9)
FNDA:0,(anonymous_10)
FNDA:0,(anonymous_11)
FNDA:0,(anonymous_12)
DA:1,0
DA:2,0
DA:3,0
DA:7,0
DA:9,0
DA:10,0
DA:12,0
DA:22,0
DA:24,0
DA:25,0
DA:31,0
DA:32,0
DA:38,0
DA:39,0
DA:40,0
DA:42,0
DA:43,0
DA:49,0
DA:51,0
DA:52,0
DA:60,0
DA:65,0
DA:72,0
DA:73,0
DA:77,0
DA:78,0
DA:80,0
DA:83,0
DA:94,0
DA:95,0
DA:96,0
DA:102,0
DA:108,0
DA:109,0
DA:111,0
DA:112,0
DA:114,0
DA:115,0
DA:117,0
DA:118,0
DA:124,0
DA:125,0
DA:135,0
DA:143,0
DA:144,0
DA:145,0
DA:146,0
DA:147,0
DA:149,0
DA:163,0
DA:165,0
DA:172,0
DA:182,0
DA:183,0
DA:185,0
DA:190,0
DA:196,0
DA:197,0
DA:198,0
DA:199,0
DA:200,0
DA:202,0
DA:203,0
DA:209,0
DA:210,0
DA:216,0
DA:223,0
DA:235,0
DA:236,0
DA:243,0
DA:244,0
DA:245,0
DA:246,0
DA:247,0
DA:249,0
DA:250,0
DA:252,0
DA:253,0
DA:259,0
DA:260,0
DA:261,0
DA:263,0
DA:264,0
DA:265,0
DA:268,0
DA:269,0
DA:270,0
DA:273,0
DA:293,0
DA:305,0
DA:318,0
DA:319,0
DA:326,0
DA:327,0
DA:328,0
DA:329,0
DA:331,0
DA:332,0
DA:338,0
DA:362,0
DA:364,0
DA:365,0
DA:371,0
DA:373,0
DA:379,0
DA:381,0
DA:392,0
DA:394,0
DA:399,0
DA:401,0
DA:402,0
DA:407,0
DA:409,0
DA:410,0
DA:417,0
LF:115
LH:0
BRDA:20,0,0,0
BRDA:21,1,0,0
BRDA:24,2,0,0
BRDA:24,2,1,0
BRDA:24,3,0,0
BRDA:24,3,1,0
BRDA:24,3,2,0
BRDA:31,4,0,0
BRDA:31,4,1,0
BRDA:38,5,0,0
BRDA:38,5,1,0
BRDA:39,6,0,0
BRDA:39,6,1,0
BRDA:40,7,0,0
BRDA:40,7,1,0
BRDA:42,8,0,0
BRDA:42,8,1,0
BRDA:42,9,0,0
BRDA:42,9,1,0
BRDA:49,10,0,0
BRDA:49,10,1,0
BRDA:51,11,0,0
BRDA:51,11,1,0
BRDA:54,12,0,0
BRDA:54,12,1,0
BRDA:55,13,0,0
BRDA:55,13,1,0
BRDA:56,14,0,0
BRDA:56,14,1,0
BRDA:57,15,0,0
BRDA:57,15,1,0
BRDA:58,16,0,0
BRDA:58,16,1,0
BRDA:60,17,0,0
BRDA:60,17,1,0
BRDA:72,18,0,0
BRDA:72,18,1,0
BRDA:73,19,0,0
BRDA:73,19,1,0
BRDA:77,20,0,0
BRDA:77,20,1,0
BRDA:78,21,0,0
BRDA:78,21,1,0
BRDA:94,22,0,0
BRDA:94,22,1,0
BRDA:109,23,0,0
BRDA:109,23,1,0
BRDA:109,24,0,0
BRDA:109,24,1,0
BRDA:111,25,0,0
BRDA:111,25,1,0
BRDA:111,25,2,0
BRDA:117,26,0,0
BRDA:117,26,1,0
BRDA:124,27,0,0
BRDA:124,27,1,0
BRDA:202,28,0,0
BRDA:202,28,1,0
BRDA:202,29,0,0
BRDA:202,29,1,0
BRDA:202,29,2,0
BRDA:209,30,0,0
BRDA:209,30,1,0
BRDA:246,31,0,0
BRDA:246,31,1,0
BRDA:247,32,0,0
BRDA:247,32,1,0
BRDA:249,33,0,0
BRDA:249,33,1,0
BRDA:249,33,2,0
BRDA:250,34,0,0
BRDA:250,34,1,0
BRDA:252,35,0,0
BRDA:252,35,1,0
BRDA:252,36,0,0
BRDA:252,36,1,0
BRDA:252,36,2,0
BRDA:263,37,0,0
BRDA:263,37,1,0
BRDA:268,38,0,0
BRDA:268,38,1,0
BRDA:295,39,0,0
BRDA:295,39,1,0
BRDA:296,40,0,0
BRDA:296,40,1,0
BRDA:297,41,0,0
BRDA:297,41,1,0
BRDA:310,42,0,0
BRDA:310,42,1,0
BRDA:331,43,0,0
BRDA:331,43,1,0
BRDA:364,44,0,0
BRDA:364,44,1,0
BRF:93
BRH:0
end_of_record
TN:
SF:src\modules\payroll\payroll.helpers.js
FN:3,(anonymous_0)
FN:15,(anonymous_1)
FN:29,(anonymous_2)
FN:70,(anonymous_3)
FN:72,(anonymous_4)
FN:175,(anonymous_5)
FN:177,(anonymous_6)
FN:178,(anonymous_7)
FN:181,(anonymous_8)
FN:222,(anonymous_9)
FN:225,(anonymous_10)
FNF:11
FNH:0
FNDA:0,(anonymous_0)
FNDA:0,(anonymous_1)
FNDA:0,(anonymous_2)
FNDA:0,(anonymous_3)
FNDA:0,(anonymous_4)
FNDA:0,(anonymous_5)
FNDA:0,(anonymous_6)
FNDA:0,(anonymous_7)
FNDA:0,(anonymous_8)
FNDA:0,(anonymous_9)
FNDA:0,(anonymous_10)
DA:1,0
DA:3,0
DA:4,0
DA:5,0
DA:7,0
DA:8,0
DA:11,0
DA:12,0
DA:15,0
DA:16,0
DA:17,0
DA:19,0
DA:20,0
DA:23,0
DA:29,0
DA:30,0
DA:37,0
DA:38,0
DA:45,0
DA:46,0
DA:47,0
DA:53,0
DA:54,0
DA:56,0
DA:57,0
DA:58,0
DA:59,0
DA:61,0
DA:64,0
DA:67,0
DA:70,0
DA:72,0
DA:73,0
DA:80,0
DA:81,0
DA:82,0
DA:83,0
DA:84,0
DA:85,0
DA:87,0
DA:88,0
DA:91,0
DA:92,0
DA:93,0
DA:94,0
DA:95,0
DA:96,0
DA:97,0
DA:99,0
DA:100,0
DA:101,0
DA:102,0
DA:103,0
DA:104,0
DA:105,0
DA:106,0
DA:107,0
DA:108,0
DA:109,0
DA:110,0
DA:112,0
DA:113,0
DA:114,0
DA:116,0
DA:117,0
DA:118,0
DA:119,0
DA:120,0
DA:122,0
DA:123,0
DA:124,0
DA:126,0
DA:127,0
DA:128,0
DA:129,0
DA:130,0
DA:132,0
DA:134,0
DA:137,0
DA:138,0
DA:139,0
DA:141,0
DA:142,0
DA:143,0
DA:144,0
DA:145,0
DA:146,0
DA:147,0
DA:148,0
DA:149,0
DA:150,0
DA:152,0
DA:153,0
DA:154,0
DA:158,0
DA:175,0
DA:176,0
DA:177,0
DA:178,0
DA:181,0
DA:182,0
DA:190,0
DA:191,0
DA:194,0
DA:195,0
DA:197,0
DA:221,0
DA:222,0
DA:225,0
DA:226,0
DA:227,0
DA:230,0
DA:231,0
DA:234,0
DA:235,0
DA:242,0
DA:254,0
LF:117
LH:0
BRDA:7,0,0,0
BRDA:7,0,1,0
BRDA:19,1,0,0
BRDA:19,1,1,0
BRDA:37,2,0,0
BRDA:37,2,1,0
BRDA:56,3,0,0
BRDA:56,3,1,0
BRDA:58,4,0,0
BRDA:58,4,1,0
BRDA:70,5,0,0
BRDA:70,5,1,0
BRDA:82,6,0,0
BRDA:82,6,1,0
BRDA:84,7,0,0
BRDA:84,7,1,0
BRDA:87,8,0,0
BRDA:87,8,1,0
BRDA:87,9,0,0
BRDA:87,9,1,0
BRDA:99,10,0,0
BRDA:99,10,1,0
BRDA:103,11,0,0
BRDA:103,11,1,0
BRDA:104,12,0,0
BRDA:104,12,1,0
BRDA:106,13,0,0
BRDA:106,13,1,0
BRDA:109,14,0,0
BRDA:109,14,1,0
BRDA:116,15,0,0
BRDA:116,15,1,0
BRDA:119,16,0,0
BRDA:119,16,1,0
BRDA:126,17,0,0
BRDA:126,17,1,0
BRDA:127,18,0,0
BRDA:127,18,1,0
BRDA:127,19,0,0
BRDA:127,19,1,0
BRDA:138,20,0,0
BRDA:138,20,1,0
BRDA:141,21,0,0
BRDA:141,21,1,0
BRDA:142,22,0,0
BRDA:142,22,1,0
BRDA:142,23,0,0
BRDA:142,23,1,0
BRDA:146,24,0,0
BRDA:146,24,1,0
BRDA:149,25,0,0
BRDA:149,25,1,0
BRDA:165,26,0,0
BRDA:165,26,1,0
BRDA:177,27,0,0
BRDA:177,27,1,0
BRDA:177,27,2,0
BRDA:190,28,0,0
BRDA:190,28,1,0
BRDA:195,29,0,0
BRDA:195,29,1,0
BRDA:226,30,0,0
BRDA:226,30,1,0
BRDA:230,31,0,0
BRDA:230,31,1,0
BRF:65
BRH:0
end_of_record
TN:
SF:src\modules\payroll\payroll.routes.js
FNF:0
FNH:0
DA:1,0
DA:2,0
DA:9,0
DA:10,0
DA:12,0
DA:14,0
DA:15,0
DA:16,0
DA:17,0
DA:19,0
LF:10
LH:0
BRF:0
BRH:0
end_of_record
TN:
SF:src\modules\requests\requests.constants.js
FNF:0
FNH:0
DA:1,0
DA:3,0
DA:4,0
DA:5,0
DA:6,0
DA:7,0
DA:8,0
DA:9,0
DA:10,0
DA:12,0
LF:10
LH:0
BRF:0
BRH:0
end_of_record
TN:
SF:src\modules\requests\requests.controller.js
FN:21,(anonymous_0)
FN:47,(anonymous_1)
FN:213,(anonymous_2)
FN:305,(anonymous_3)
FN:502,(anonymous_4)
FN:513,(anonymous_5)
FN:524,(anonymous_6)
FN:535,(anonymous_7)
FN:593,(anonymous_8)
FN:667,(anonymous_9)
FN:726,(anonymous_10)
FN:865,(anonymous_11)
FN:950,(anonymous_12)
FN:962,(anonymous_13)
FN:974,(anonymous_14)
FN:986,(anonymous_15)
FN:998,(anonymous_16)
FN:1010,(anonymous_17)
FN:1024,(anonymous_18)
FN:1163,(anonymous_19)
FN:1175,(anonymous_20)
FN:1187,(anonymous_21)
FNF:22
FNH:0
FNDA:0,(anonymous_0)
FNDA:0,(anonymous_1)
FNDA:0,(anonymous_2)
FNDA:0,(anonymous_3)
FNDA:0,(anonymous_4)
FNDA:0,(anonymous_5)
FNDA:0,(anonymous_6)
FNDA:0,(anonymous_7)
FNDA:0,(anonymous_8)
FNDA:0,(anonymous_9)
FNDA:0,(anonymous_10)
FNDA:0,(anonymous_11)
FNDA:0,(anonymous_12)
FNDA:0,(anonymous_13)
FNDA:0,(anonymous_14)
FNDA:0,(anonymous_15)
FNDA:0,(anonymous_16)
FNDA:0,(anonymous_17)
FNDA:0,(anonymous_18)
FNDA:0,(anonymous_19)
FNDA:0,(anonymous_20)
FNDA:0,(anonymous_21)
DA:1,0
DA:9,0
DA:17,0
DA:21,0
DA:22,0
DA:42,0
DA:47,0
DA:53,0
DA:54,0
DA:62,0
DA:64,0
DA:65,0
DA:71,0
DA:72,0
DA:78,0
DA:79,0
DA:85,0
DA:95,0
DA:100,0
DA:101,0
DA:107,0
DA:109,0
DA:110,0
DA:116,0
DA:117,0
DA:123,0
DA:128,0
DA:129,0
DA:136,0
DA:144,0
DA:165,0
DA:189,0
DA:195,0
DA:197,0
DA:198,0
DA:204,0
DA:213,0
DA:221,0
DA:222,0
DA:223,0
DA:225,0
DA:226,0
DA:232,0
DA:234,0
DA:235,0
DA:241,0
DA:242,0
DA:248,0
DA:249,0
DA:255,0
DA:265,0
DA:286,0
DA:292,0
DA:293,0
DA:305,0
DA:306,0
DA:307,0
DA:315,0
DA:317,0
DA:318,0
DA:324,0
DA:325,0
DA:331,0
DA:332,0
DA:338,0
DA:344,0
DA:346,0
DA:347,0
DA:353,0
DA:354,0
DA:360,0
DA:365,0
DA:366,0
DA:373,0
DA:382,0
DA:384,0
DA:392,0
DA:393,0
DA:399,0
DA:402,0
DA:403,0
DA:414,0
DA:426,0
DA:427,0
DA:434,0
DA:455,0
DA:479,0
DA:485,0
DA:487,0
DA:488,0
DA:494,0
DA:502,0
DA:503,0
DA:513,0
DA:514,0
DA:524,0
DA:525,0
DA:535,0
DA:536,0
DA:537,0
DA:538,0
DA:544,0
DA:545,0
DA:547,0
DA:548,0
DA:549,0
DA:552,0
DA:577,0
DA:583,0
DA:584,0
DA:593,0
DA:594,0
DA:595,0
DA:596,0
DA:598,0
DA:599,0
DA:600,0
DA:603,0
DA:604,0
DA:605,0
DA:608,0
DA:609,0
DA:610,0
DA:613,0
DA:617,0
DA:646,0
DA:657,0
DA:658,0
DA:667,0
DA:668,0
DA:669,0
DA:670,0
DA:671,0
DA:673,0
DA:674,0
DA:680,0
DA:681,0
DA:687,0
DA:704,0
DA:705,0
DA:711,0
DA:716,0
DA:717,0
DA:726,0
DA:727,0
DA:729,0
DA:730,0
DA:731,0
DA:733,0
DA:734,0
DA:740,0
DA:742,0
DA:743,0
DA:749,0
DA:750,0
DA:756,0
DA:757,0
DA:763,0
DA:765,0
DA:768,0
DA:781,0
DA:782,0
DA:783,0
DA:789,0
DA:790,0
DA:791,0
DA:793,0
DA:794,0
DA:795,0
DA:801,0
DA:809,0
DA:819,0
DA:821,0
DA:846,0
DA:852,0
DA:853,0
DA:854,0
DA:859,0
DA:865,0
DA:866,0
DA:867,0
DA:868,0
DA:870,0
DA:871,0
DA:877,0
DA:879,0
DA:880,0
DA:886,0
DA:887,0
DA:893,0
DA:894,0
DA:900,0
DA:910,0
DA:935,0
DA:941,0
DA:942,0
DA:950,0
DA:951,0
DA:962,0
DA:963,0
DA:974,0
DA:975,0
DA:986,0
DA:987,0
DA:998,0
DA:999,0
DA:1010,0
DA:1011,0
DA:1024,0
DA:1025,0
DA:1027,0
DA:1028,0
DA:1029,0
DA:1031,0
DA:1032,0
DA:1038,0
DA:1040,0
DA:1041,0
DA:1047,0
DA:1048,0
DA:1054,0
DA:1055,0
DA:1061,0
DA:1064,0
DA:1065,0
DA:1067,0
DA:1079,0
DA:1080,0
DA:1081,0
DA:1087,0
DA:1088,0
DA:1089,0
DA:1091,0
DA:1092,0
DA:1093,0
DA:1099,0
DA:1108,0
DA:1118,0
DA:1120,0
DA:1145,0
DA:1151,0
DA:1152,0
DA:1153,0
DA:1158,0
DA:1163,0
DA:1164,0
DA:1175,0
DA:1176,0
DA:1187,0
DA:1188,0
DA:1198,0
LF:251
LH:0
BRDA:42,0,0,0
BRDA:42,0,1,0
BRDA:64,1,0,0
BRDA:64,1,1,0
BRDA:71,2,0,0
BRDA:71,2,1,0
BRDA:71,3,0,0
BRDA:71,3,1,0
BRDA:78,4,0,0
BRDA:78,4,1,0
BRDA:78,5,0,0
BRDA:78,5,1,0
BRDA:85,6,0,0
BRDA:85,6,1,0
BRDA:100,7,0,0
BRDA:100,7,1,0
BRDA:107,8,0,0
BRDA:107,8,1,0
BRDA:109,9,0,0
BRDA:109,9,1,0
BRDA:116,10,0,0
BRDA:116,10,1,0
BRDA:128,11,0,0
BRDA:128,11,1,0
BRDA:136,12,0,0
BRDA:136,12,1,0
BRDA:151,13,0,0
BRDA:151,13,1,0
BRDA:160,14,0,0
BRDA:160,14,1,0
BRDA:161,15,0,0
BRDA:161,15,1,0
BRDA:161,15,2,0
BRDA:197,16,0,0
BRDA:197,16,1,0
BRDA:223,17,0,0
BRDA:223,17,1,0
BRDA:223,17,2,0
BRDA:225,18,0,0
BRDA:225,18,1,0
BRDA:234,19,0,0
BRDA:234,19,1,0
BRDA:241,20,0,0
BRDA:241,20,1,0
BRDA:248,21,0,0
BRDA:248,21,1,0
BRDA:317,22,0,0
BRDA:317,22,1,0
BRDA:324,23,0,0
BRDA:324,23,1,0
BRDA:324,24,0,0
BRDA:324,24,1,0
BRDA:331,25,0,0
BRDA:331,25,1,0
BRDA:331,26,0,0
BRDA:331,26,1,0
BRDA:344,27,0,0
BRDA:344,27,1,0
BRDA:346,28,0,0
BRDA:346,28,1,0
BRDA:353,29,0,0
BRDA:353,29,1,0
BRDA:365,30,0,0
BRDA:365,30,1,0
BRDA:373,31,0,0
BRDA:373,31,1,0
BRDA:392,32,0,0
BRDA:392,32,1,0
BRDA:402,33,0,0
BRDA:402,33,1,0
BRDA:426,34,0,0
BRDA:426,34,1,0
BRDA:441,35,0,0
BRDA:441,35,1,0
BRDA:450,36,0,0
BRDA:450,36,1,0
BRDA:451,37,0,0
BRDA:451,37,1,0
BRDA:451,37,2,0
BRDA:487,38,0,0
BRDA:487,38,1,0
BRDA:537,39,0,0
BRDA:537,39,1,0
BRDA:547,40,0,0
BRDA:547,40,1,0
BRDA:598,41,0,0
BRDA:598,41,1,0
BRDA:603,42,0,0
BRDA:603,42,1,0
BRDA:608,43,0,0
BRDA:608,43,1,0
BRDA:613,44,0,0
BRDA:613,44,1,0
BRDA:651,45,0,0
BRDA:651,45,1,0
BRDA:652,46,0,0
BRDA:652,46,1,0
BRDA:653,47,0,0
BRDA:653,47,1,0
BRDA:671,48,0,0
BRDA:671,48,1,0
BRDA:673,49,0,0
BRDA:673,49,1,0
BRDA:680,50,0,0
BRDA:680,50,1,0
BRDA:680,51,0,0
BRDA:680,51,1,0
BRDA:704,52,0,0
BRDA:704,52,1,0
BRDA:731,53,0,0
BRDA:731,53,1,0
BRDA:733,54,0,0
BRDA:733,54,1,0
BRDA:742,55,0,0
BRDA:742,55,1,0
BRDA:749,56,0,0
BRDA:749,56,1,0
BRDA:756,57,0,0
BRDA:756,57,1,0
BRDA:781,58,0,0
BRDA:781,58,1,0
BRDA:790,59,0,0
BRDA:790,59,1,0
BRDA:791,60,0,0
BRDA:791,60,1,0
BRDA:793,61,0,0
BRDA:793,61,1,0
BRDA:868,62,0,0
BRDA:868,62,1,0
BRDA:870,63,0,0
BRDA:870,63,1,0
BRDA:879,64,0,0
BRDA:879,64,1,0
BRDA:886,65,0,0
BRDA:886,65,1,0
BRDA:893,66,0,0
BRDA:893,66,1,0
BRDA:1029,67,0,0
BRDA:1029,67,1,0
BRDA:1029,67,2,0
BRDA:1031,68,0,0
BRDA:1031,68,1,0
BRDA:1040,69,0,0
BRDA:1040,69,1,0
BRDA:1047,70,0,0
BRDA:1047,70,1,0
BRDA:1054,71,0,0
BRDA:1054,71,1,0
BRDA:1064,72,0,0
BRDA:1064,72,1,0
BRDA:1079,73,0,0
BRDA:1079,73,1,0
BRDA:1088,74,0,0
BRDA:1088,74,1,0
BRDA:1089,75,0,0
BRDA:1089,75,1,0
BRDA:1091,76,0,0
BRDA:1091,76,1,0
BRF:158
BRH:0
end_of_record
TN:
SF:src\modules\requests\requests.helpers.js
FN:13,(anonymous_0)
FN:20,(anonymous_1)
FN:32,(anonymous_2)
FN:41,(anonymous_3)
FN:75,(anonymous_4)
FN:130,(anonymous_5)
FN:154,(anonymous_6)
FN:162,(anonymous_7)
FNF:8
FNH:0
FNDA:0,(anonymous_0)
FNDA:0,(anonymous_1)
FNDA:0,(anonymous_2)
FNDA:0,(anonymous_3)
FNDA:0,(anonymous_4)
FNDA:0,(anonymous_5)
FNDA:0,(anonymous_6)
FNDA:0,(anonymous_7)
DA:1,0
DA:2,0
DA:10,0
DA:13,0
DA:14,0
DA:15,0
DA:16,0
DA:20,0
DA:21,0
DA:22,0
DA:24,0
DA:25,0
DA:28,0
DA:29,0
DA:32,0
DA:33,0
DA:34,0
DA:37,0
DA:38,0
DA:41,0
DA:42,0
DA:43,0
DA:44,0
DA:48,0
DA:49,0
DA:53,0
DA:54,0
DA:55,0
DA:58,0
DA:59,0
DA:60,0
DA:63,0
DA:64,0
DA:67,0
DA:75,0
DA:76,0
DA:77,0
DA:78,0
DA:82,0
DA:83,0
DA:91,0
DA:92,0
DA:94,0
DA:102,0
DA:103,0
DA:105,0
DA:113,0
DA:114,0
DA:119,0
DA:127,0
DA:130,0
DA:131,0
DA:137,0
DA:140,0
DA:144,0
DA:147,0
DA:148,0
DA:151,0
DA:154,0
DA:155,0
DA:156,0
DA:159,0
DA:162,0
DA:163,0
DA:164,0
DA:167,0
DA:174,0
DA:175,0
DA:178,0
DA:179,0
DA:180,0
DA:182,0
DA:184,0
DA:186,0
DA:187,0
DA:190,0
DA:191,0
DA:193,0
DA:196,0
LF:79
LH:0
BRDA:13,0,0,0
BRDA:24,1,0,0
BRDA:24,1,1,0
BRDA:24,2,0,0
BRDA:24,2,1,0
BRDA:33,3,0,0
BRDA:33,3,1,0
BRDA:38,4,0,0
BRDA:38,4,1,0
BRDA:42,5,0,0
BRDA:42,5,1,0
BRDA:43,6,0,0
BRDA:43,6,1,0
BRDA:44,7,0,0
BRDA:44,7,1,0
BRDA:44,8,0,0
BRDA:44,8,1,0
BRDA:44,8,2,0
BRDA:48,9,0,0
BRDA:48,9,1,0
BRDA:49,10,0,0
BRDA:49,10,1,0
BRDA:49,11,0,0
BRDA:49,11,1,0
BRDA:49,11,2,0
BRDA:53,12,0,0
BRDA:53,12,1,0
BRDA:58,13,0,0
BRDA:58,13,1,0
BRDA:60,14,0,0
BRDA:60,14,1,0
BRDA:60,15,0,0
BRDA:60,15,1,0
BRDA:63,16,0,0
BRDA:63,16,1,0
BRDA:63,17,0,0
BRDA:63,17,1,0
BRDA:63,17,2,0
BRDA:64,18,0,0
BRDA:64,18,1,0
BRDA:70,19,0,0
BRDA:70,19,1,0
BRDA:70,20,0,0
BRDA:70,20,1,0
BRDA:76,21,0,0
BRDA:76,21,1,0
BRDA:77,22,0,0
BRDA:77,22,1,0
BRDA:78,23,0,0
BRDA:78,23,1,0
BRDA:78,24,0,0
BRDA:78,24,1,0
BRDA:78,24,2,0
BRDA:82,25,0,0
BRDA:82,25,1,0
BRDA:91,26,0,0
BRDA:91,26,1,0
BRDA:95,27,0,0
BRDA:95,27,1,0
BRDA:96,28,0,0
BRDA:96,28,1,0
BRDA:102,29,0,0
BRDA:102,29,1,0
BRDA:103,30,0,0
BRDA:103,30,1,0
BRDA:103,31,0,0
BRDA:103,31,1,0
BRDA:107,32,0,0
BRDA:107,32,1,0
BRDA:113,33,0,0
BRDA:113,33,1,0
BRDA:114,34,0,0
BRDA:114,34,1,0
BRDA:114,34,2,0
BRDA:114,34,3,0
BRDA:120,35,0,0
BRDA:120,35,1,0
BRDA:121,36,0,0
BRDA:121,36,1,0
BRDA:131,37,0,0
BRDA:131,37,1,0
BRDA:132,38,0,0
BRDA:132,38,1,0
BRDA:132,38,2,0
BRDA:132,38,3,0
BRDA:140,39,0,0
BRDA:140,39,1,0
BRDA:141,40,0,0
BRDA:141,40,1,0
BRDA:141,40,2,0
BRDA:147,41,0,0
BRDA:147,41,1,0
BRDA:147,42,0,0
BRDA:147,42,1,0
BRDA:155,43,0,0
BRDA:155,43,1,0
BRDA:156,44,0,0
BRDA:156,44,1,0
BRDA:159,45,0,0
BRDA:159,45,1,0
BRDA:163,46,0,0
BRDA:163,46,1,0
BRDA:163,47,0,0
BRDA:163,47,1,0
BRDA:174,48,0,0
BRDA:174,48,1,0
BRDA:174,49,0,0
BRDA:174,49,1,0
BRDA:178,50,0,0
BRDA:178,50,1,0
BRDA:186,51,0,0
BRDA:186,51,1,0
BRF:112
BRH:0
end_of_record
TN:
SF:src\modules\requests\requests.routes.js
FNF:0
FNH:0
DA:1,0
DA:23,0
DA:24,0
DA:26,0
DA:29,0
DA:32,0
DA:35,0
DA:38,0
DA:41,0
DA:44,0
DA:47,0
DA:50,0
DA:53,0
DA:56,0
DA:59,0
DA:62,0
DA:65,0
DA:68,0
DA:71,0
DA:74,0
DA:77,0
DA:80,0
DA:83,0
DA:86,0
DA:88,0
LF:25
LH:0
BRF:0
BRH:0
end_of_record
TN:
SF:src\modules\users\users.controller.js
FN:5,(anonymous_0)
FN:40,(anonymous_1)
FN:83,(anonymous_2)
FN:181,(anonymous_3)
FN:221,(anonymous_4)
FNF:5
FNH:0
FNDA:0,(anonymous_0)
FNDA:0,(anonymous_1)
FNDA:0,(anonymous_2)
FNDA:0,(anonymous_3)
FNDA:0,(anonymous_4)
DA:1,0
DA:2,0
DA:5,0
DA:6,0
DA:7,0
DA:22,0
DA:24,0
DA:30,0
DA:31,0
DA:40,0
DA:41,0
DA:42,0
DA:44,0
DA:59,0
DA:61,0
DA:62,0
DA:68,0
DA:73,0
DA:74,0
DA:83,0
DA:84,0
DA:85,0
DA:86,0
DA:88,0
DA:93,0
DA:94,0
DA:100,0
DA:101,0
DA:106,0
DA:107,0
DA:115,0
DA:116,0
DA:121,0
DA:122,0
DA:128,0
DA:131,0
DA:132,0
DA:137,0
DA:138,0
DA:145,0
DA:152,0
DA:153,0
DA:159,0
DA:161,0
DA:166,0
DA:171,0
DA:172,0
DA:181,0
DA:182,0
DA:183,0
DA:185,0
DA:190,0
DA:191,0
DA:197,0
DA:198,0
DA:204,0
DA:206,0
DA:211,0
DA:212,0
DA:221,0
DA:222,0
DA:223,0
DA:225,0
DA:230,0
DA:231,0
DA:237,0
DA:238,0
DA:244,0
DA:246,0
DA:251,0
DA:257,0
DA:258,0
DA:266,0
LF:73
LH:0
BRDA:61,0,0,0
BRDA:61,0,1,0
BRDA:93,1,0,0
BRDA:93,1,1,0
BRDA:100,2,0,0
BRDA:100,2,1,0
BRDA:106,3,0,0
BRDA:106,3,1,0
BRDA:115,4,0,0
BRDA:115,4,1,0
BRDA:121,5,0,0
BRDA:121,5,1,0
BRDA:131,6,0,0
BRDA:131,6,1,0
BRDA:131,7,0,0
BRDA:131,7,1,0
BRDA:137,8,0,0
BRDA:137,8,1,0
BRDA:152,9,0,0
BRDA:152,9,1,0
BRDA:190,10,0,0
BRDA:190,10,1,0
BRDA:197,11,0,0
BRDA:197,11,1,0
BRDA:230,12,0,0
BRDA:230,12,1,0
BRDA:237,13,0,0
BRDA:237,13,1,0
BRDA:237,14,0,0
BRDA:237,14,1,0
BRDA:253,15,0,0
BRDA:253,15,1,0
BRF:32
BRH:0
end_of_record
TN:
SF:src\modules\users\users.helpers.js
FN:2,(anonymous_0)
FN:6,(anonymous_1)
FNF:2
FNH:0
FNDA:0,(anonymous_0)
FNDA:0,(anonymous_1)
DA:2,0
DA:3,0
DA:6,0
DA:7,0
DA:8,0
DA:10,0
DA:11,0
DA:12,0
DA:15,0
DA:16,0
DA:17,0
DA:20,0
DA:21,0
DA:22,0
DA:25,0
DA:28,0
LF:16
LH:0
BRDA:10,0,0,0
BRDA:10,0,1,0
BRDA:15,1,0,0
BRDA:15,1,1,0
BRDA:20,2,0,0
BRDA:20,2,1,0
BRDA:22,3,0,0
BRDA:22,3,1,0
BRF:8
BRH:0
end_of_record
TN:
SF:src\modules\users\users.routes.js
FNF:0
FNH:0
DA:1,0
DA:2,0
DA:10,0
DA:15,0
DA:18,0
DA:19,0
DA:21,0
DA:22,0
DA:23,0
DA:24,0
DA:25,0
DA:27,0
LF:12
LH:0
BRF:0
BRH:0
end_of_record
TN:
SF:src\utils\validators.js
FN:11,(anonymous_0)
FN:41,(anonymous_1)
FN:65,(anonymous_2)
FN:90,(anonymous_3)
FN:103,(anonymous_4)
FN:124,(anonymous_5)
FN:151,(anonymous_6)
FN:175,(anonymous_7)
FNF:8
FNH:8
FNDA:12,(anonymous_0)
FNDA:6,(anonymous_1)
FNDA:6,(anonymous_2)
FNDA:3,(anonymous_3)
FNDA:4,(anonymous_4)
FNDA:6,(anonymous_5)
FNDA:7,(anonymous_6)
FNDA:3,(anonymous_7)
DA:11,1
DA:12,12
DA:13,2
DA:16,10
DA:19,10
DA:20,1
DA:23,9
DA:24,1
DA:28,8
DA:29,8
DA:30,2
DA:33,6
DA:41,1
DA:42,6
DA:43,1
DA:47,5
DA:48,1
DA:52,4
DA:53,4
DA:54,2
DA:57,2
DA:65,1
DA:66,6
DA:67,1
DA:70,5
DA:73,5
DA:74,1
DA:77,4
DA:78,1
DA:81,3
DA:90,1
DA:91,3
DA:92,2
DA:95,1
DA:103,1
DA:104,4
DA:105,1
DA:109,3
DA:110,3
DA:111,1
DA:114,2
DA:124,1
DA:125,6
DA:126,1
DA:129,5
DA:131,5
DA:132,1
DA:135,4
DA:136,1
DA:139,3
DA:140,1
DA:143,2
DA:151,1
DA:152,7
DA:153,1
DA:156,6
DA:157,6
DA:158,1
DA:161,5
DA:162,5
DA:163,0
DA:166,5
DA:175,1
DA:176,3
DA:177,3
DA:178,0
DA:181,3
DA:182,3
DA:183,3
DA:184,3
DA:186,3
DA:187,0
DA:190,3
DA:191,1
DA:194,2
DA:197,1
LF:76
LH:73
BRDA:12,0,0,2
BRDA:12,0,1,10
BRDA:12,1,0,12
BRDA:12,1,1,11
BRDA:19,2,0,1
BRDA:19,2,1,9
BRDA:23,3,0,1
BRDA:23,3,1,8
BRDA:29,4,0,2
BRDA:29,4,1,6
BRDA:42,5,0,1
BRDA:42,5,1,5
BRDA:42,6,0,6
BRDA:42,6,1,5
BRDA:47,7,0,1
BRDA:47,7,1,4
BRDA:53,8,0,2
BRDA:53,8,1,2
BRDA:66,9,0,1
BRDA:66,9,1,5
BRDA:66,10,0,6
BRDA:66,10,1,5
BRDA:73,11,0,1
BRDA:73,11,1,4
BRDA:77,12,0,1
BRDA:77,12,1,3
BRDA:91,13,0,2
BRDA:91,13,1,1
BRDA:104,14,0,1
BRDA:104,14,1,3
BRDA:104,15,0,4
BRDA:104,15,1,3
BRDA:110,16,0,1
BRDA:110,16,1,2
BRDA:124,17,0,0
BRDA:124,18,0,4
BRDA:125,19,0,1
BRDA:125,19,1,5
BRDA:125,20,0,6
BRDA:125,20,1,6
BRDA:125,20,2,6
BRDA:131,21,0,1
BRDA:131,21,1,4
BRDA:135,22,0,1
BRDA:135,22,1,3
BRDA:139,23,0,1
BRDA:139,23,1,2
BRDA:139,24,0,3
BRDA:139,24,1,1
BRDA:152,25,0,1
BRDA:152,25,1,6
BRDA:157,26,0,1
BRDA:157,26,1,5
BRDA:162,27,0,0
BRDA:162,27,1,5
BRDA:175,28,0,0
BRDA:177,29,0,0
BRDA:177,29,1,3
BRDA:186,30,0,0
BRDA:186,30,1,3
BRDA:186,31,0,3
BRDA:186,31,1,3
BRDA:186,31,2,3
BRDA:190,32,0,1
BRDA:190,32,1,2
BRF:65
BRH:60
end_of_record
