{"C:\\Users\\danie\\OneDrive\\Documentos\\Daniel\\proyeto II\\DSVPayroll\\backend-nomina\\src\\middleware\\authMiddleware.js": {"path":"C:\\Users\\danie\\OneDrive\\Documentos\\Daniel\\proyeto II\\DSVPayroll\\backend-nomina\\src\\middleware\\authMiddleware.js","statementMap":{"0":{"start":{"line":1,"column":12},"end":{"line":1,"column":35}},"1":{"start":{"line":2,"column":17},"end":{"line":2,"column":46}},"2":{"start":{"line":5,"column":20},"end":{"line":82,"column":1}},"3":{"start":{"line":6,"column":2},"end":{"line":81,"column":3}},"4":{"start":{"line":7,"column":23},"end":{"line":7,"column":48}},"5":{"start":{"line":9,"column":4},"end":{"line":14,"column":5}},"6":{"start":{"line":10,"column":6},"end":{"line":13,"column":9}},"7":{"start":{"line":16,"column":18},"end":{"line":16,"column":42}},"8":{"start":{"line":18,"column":4},"end":{"line":23,"column":5}},"9":{"start":{"line":19,"column":6},"end":{"line":22,"column":9}},"10":{"start":{"line":25,"column":19},"end":{"line":25,"column":60}},"11":{"start":{"line":27,"column":20},"end":{"line":33,"column":5}},"12":{"start":{"line":35,"column":4},"end":{"line":40,"column":5}},"13":{"start":{"line":36,"column":6},"end":{"line":39,"column":9}},"14":{"start":{"line":42,"column":17},"end":{"line":42,"column":25}},"15":{"start":{"line":44,"column":4},"end":{"line":49,"column":5}},"16":{"start":{"line":45,"column":6},"end":{"line":48,"column":9}},"17":{"start":{"line":51,"column":4},"end":{"line":57,"column":6}},"18":{"start":{"line":59,"column":4},"end":{"line":59,"column":11}},"19":{"start":{"line":61,"column":4},"end":{"line":61,"column":58}},"20":{"start":{"line":63,"column":4},"end":{"line":68,"column":5}},"21":{"start":{"line":64,"column":6},"end":{"line":67,"column":9}},"22":{"start":{"line":70,"column":4},"end":{"line":75,"column":5}},"23":{"start":{"line":71,"column":6},"end":{"line":74,"column":9}},"24":{"start":{"line":77,"column":4},"end":{"line":80,"column":7}},"25":{"start":{"line":85,"column":20},"end":{"line":107,"column":1}},"26":{"start":{"line":86,"column":2},"end":{"line":106,"column":4}},"27":{"start":{"line":87,"column":4},"end":{"line":92,"column":5}},"28":{"start":{"line":88,"column":6},"end":{"line":91,"column":9}},"29":{"start":{"line":94,"column":26},"end":{"line":94,"column":61}},"30":{"start":{"line":96,"column":4},"end":{"line":103,"column":5}},"31":{"start":{"line":97,"column":6},"end":{"line":102,"column":9}},"32":{"start":{"line":105,"column":4},"end":{"line":105,"column":11}},"33":{"start":{"line":110,"column":26},"end":{"line":110,"column":62}},"34":{"start":{"line":113,"column":20},"end":{"line":113,"column":48}},"35":{"start":{"line":115,"column":0},"end":{"line":120,"column":2}}},"fnMap":{"0":{"name":"(anonymous_0)","decl":{"start":{"line":5,"column":20},"end":{"line":5,"column":21}},"loc":{"start":{"line":5,"column":46},"end":{"line":82,"column":1}},"line":5},"1":{"name":"(anonymous_1)","decl":{"start":{"line":85,"column":20},"end":{"line":85,"column":21}},"loc":{"start":{"line":85,"column":41},"end":{"line":107,"column":1}},"line":85},"2":{"name":"(anonymous_2)","decl":{"start":{"line":86,"column":9},"end":{"line":86,"column":10}},"loc":{"start":{"line":86,"column":29},"end":{"line":106,"column":3}},"line":86}},"branchMap":{"0":{"loc":{"start":{"line":9,"column":4},"end":{"line":14,"column":5}},"type":"if","locations":[{"start":{"line":9,"column":4},"end":{"line":14,"column":5}},{"start":{},"end":{}}],"line":9},"1":{"loc":{"start":{"line":18,"column":4},"end":{"line":23,"column":5}},"type":"if","locations":[{"start":{"line":18,"column":4},"end":{"line":23,"column":5}},{"start":{},"end":{}}],"line":18},"2":{"loc":{"start":{"line":35,"column":4},"end":{"line":40,"column":5}},"type":"if","locations":[{"start":{"line":35,"column":4},"end":{"line":40,"column":5}},{"start":{},"end":{}}],"line":35},"3":{"loc":{"start":{"line":44,"column":4},"end":{"line":49,"column":5}},"type":"if","locations":[{"start":{"line":44,"column":4},"end":{"line":49,"column":5}},{"start":{},"end":{}}],"line":44},"4":{"loc":{"start":{"line":63,"column":4},"end":{"line":68,"column":5}},"type":"if","locations":[{"start":{"line":63,"column":4},"end":{"line":68,"column":5}},{"start":{},"end":{}}],"line":63},"5":{"loc":{"start":{"line":70,"column":4},"end":{"line":75,"column":5}},"type":"if","locations":[{"start":{"line":70,"column":4},"end":{"line":75,"column":5}},{"start":{},"end":{}}],"line":70},"6":{"loc":{"start":{"line":87,"column":4},"end":{"line":92,"column":5}},"type":"if","locations":[{"start":{"line":87,"column":4},"end":{"line":92,"column":5}},{"start":{},"end":{}}],"line":87},"7":{"loc":{"start":{"line":96,"column":4},"end":{"line":103,"column":5}},"type":"if","locations":[{"start":{"line":96,"column":4},"end":{"line":103,"column":5}},{"start":{},"end":{}}],"line":96}},"s":{"0":0,"1":0,"2":0,"3":0,"4":0,"5":0,"6":0,"7":0,"8":0,"9":0,"10":0,"11":0,"12":0,"13":0,"14":0,"15":0,"16":0,"17":0,"18":0,"19":0,"20":0,"21":0,"22":0,"23":0,"24":0,"25":0,"26":0,"27":0,"28":0,"29":0,"30":0,"31":0,"32":0,"33":0,"34":0,"35":0},"f":{"0":0,"1":0,"2":0},"b":{"0":[0,0],"1":[0,0],"2":[0,0],"3":[0,0],"4":[0,0],"5":[0,0],"6":[0,0],"7":[0,0]}}
,"C:\\Users\\danie\\OneDrive\\Documentos\\Daniel\\proyeto II\\DSVPayroll\\backend-nomina\\src\\modules\\auth\\auth.constants.js": {"path":"C:\\Users\\danie\\OneDrive\\Documentos\\Daniel\\proyeto II\\DSVPayroll\\backend-nomina\\src\\modules\\auth\\auth.constants.js","statementMap":{"0":{"start":{"line":2,"column":28},"end":{"line":2,"column":29}},"1":{"start":{"line":3,"column":23},"end":{"line":3,"column":27}},"2":{"start":{"line":4,"column":42},"end":{"line":4,"column":44}},"3":{"start":{"line":6,"column":0},"end":{"line":10,"column":2}}},"fnMap":{},"branchMap":{},"s":{"0":0,"1":0,"2":0,"3":0},"f":{},"b":{}}
,"C:\\Users\\danie\\OneDrive\\Documentos\\Daniel\\proyeto II\\DSVPayroll\\backend-nomina\\src\\modules\\auth\\auth.controller.js": {"path":"C:\\Users\\danie\\OneDrive\\Documentos\\Daniel\\proyeto II\\DSVPayroll\\backend-nomina\\src\\modules\\auth\\auth.controller.js","statementMap":{"0":{"start":{"line":1,"column":15},"end":{"line":1,"column":32}},"1":{"start":{"line":2,"column":12},"end":{"line":2,"column":35}},"2":{"start":{"line":3,"column":17},"end":{"line":3,"column":52}},"3":{"start":{"line":4,"column":35},"end":{"line":4,"column":73}},"4":{"start":{"line":8,"column":4},"end":{"line":8,"column":31}},"5":{"start":{"line":13,"column":4},"end":{"line":13,"column":29}},"6":{"start":{"line":20,"column":4},"end":{"line":20,"column":37}},"7":{"start":{"line":23,"column":14},"end":{"line":105,"column":1}},"8":{"start":{"line":24,"column":2},"end":{"line":104,"column":3}},"9":{"start":{"line":25,"column":35},"end":{"line":25,"column":43}},"10":{"start":{"line":28,"column":28},"end":{"line":28,"column":66}},"11":{"start":{"line":29,"column":4},"end":{"line":35,"column":5}},"12":{"start":{"line":30,"column":6},"end":{"line":34,"column":9}},"13":{"start":{"line":37,"column":20},"end":{"line":44,"column":5}},"14":{"start":{"line":46,"column":4},"end":{"line":52,"column":5}},"15":{"start":{"line":47,"column":6},"end":{"line":51,"column":9}},"16":{"start":{"line":54,"column":17},"end":{"line":54,"column":25}},"17":{"start":{"line":56,"column":4},"end":{"line":62,"column":5}},"18":{"start":{"line":57,"column":6},"end":{"line":61,"column":9}},"19":{"start":{"line":64,"column":26},"end":{"line":64,"column":71}},"20":{"start":{"line":66,"column":4},"end":{"line":72,"column":5}},"21":{"start":{"line":67,"column":6},"end":{"line":71,"column":9}},"22":{"start":{"line":74,"column":18},"end":{"line":82,"column":5}},"23":{"start":{"line":84,"column":4},"end":{"line":96,"column":7}},"24":{"start":{"line":98,"column":4},"end":{"line":98,"column":44}},"25":{"start":{"line":99,"column":4},"end":{"line":103,"column":7}},"26":{"start":{"line":108,"column":17},"end":{"line":189,"column":1}},"27":{"start":{"line":109,"column":2},"end":{"line":188,"column":3}},"28":{"start":{"line":110,"column":60},"end":{"line":110,"column":68}},"29":{"start":{"line":112,"column":4},"end":{"line":118,"column":5}},"30":{"start":{"line":113,"column":6},"end":{"line":117,"column":9}},"31":{"start":{"line":120,"column":4},"end":{"line":126,"column":5}},"32":{"start":{"line":121,"column":6},"end":{"line":125,"column":9}},"33":{"start":{"line":128,"column":4},"end":{"line":134,"column":5}},"34":{"start":{"line":129,"column":6},"end":{"line":133,"column":9}},"35":{"start":{"line":136,"column":28},"end":{"line":139,"column":5}},"36":{"start":{"line":141,"column":4},"end":{"line":147,"column":5}},"37":{"start":{"line":142,"column":6},"end":{"line":146,"column":9}},"38":{"start":{"line":149,"column":20},"end":{"line":152,"column":5}},"39":{"start":{"line":154,"column":4},"end":{"line":160,"column":5}},"40":{"start":{"line":155,"column":6},"end":{"line":159,"column":9}},"41":{"start":{"line":162,"column":27},"end":{"line":162,"column":58}},"42":{"start":{"line":164,"column":21},"end":{"line":168,"column":5}},"43":{"start":{"line":170,"column":4},"end":{"line":180,"column":7}},"44":{"start":{"line":182,"column":4},"end":{"line":182,"column":48}},"45":{"start":{"line":183,"column":4},"end":{"line":187,"column":7}},"46":{"start":{"line":192,"column":29},"end":{"line":264,"column":1}},"47":{"start":{"line":193,"column":2},"end":{"line":263,"column":3}},"48":{"start":{"line":194,"column":22},"end":{"line":194,"column":30}},"49":{"start":{"line":196,"column":4},"end":{"line":201,"column":5}},"50":{"start":{"line":197,"column":6},"end":{"line":200,"column":9}},"51":{"start":{"line":204,"column":28},"end":{"line":204,"column":48}},"52":{"start":{"line":205,"column":4},"end":{"line":210,"column":5}},"53":{"start":{"line":206,"column":6},"end":{"line":209,"column":9}},"54":{"start":{"line":212,"column":20},"end":{"line":215,"column":5}},"55":{"start":{"line":217,"column":4},"end":{"line":222,"column":5}},"56":{"start":{"line":218,"column":6},"end":{"line":221,"column":9}},"57":{"start":{"line":224,"column":17},"end":{"line":224,"column":25}},"58":{"start":{"line":225,"column":23},"end":{"line":225,"column":51}},"59":{"start":{"line":226,"column":22},"end":{"line":226,"column":52}},"60":{"start":{"line":228,"column":4},"end":{"line":232,"column":6}},"61":{"start":{"line":234,"column":24},"end":{"line":238,"column":5}},"62":{"start":{"line":240,"column":4},"end":{"line":244,"column":5}},"63":{"start":{"line":241,"column":6},"end":{"line":241,"column":63}},"64":{"start":{"line":243,"column":6},"end":{"line":243,"column":65}},"65":{"start":{"line":246,"column":4},"end":{"line":256,"column":7}},"66":{"start":{"line":258,"column":4},"end":{"line":258,"column":59}},"67":{"start":{"line":259,"column":4},"end":{"line":262,"column":7}},"68":{"start":{"line":267,"column":22},"end":{"line":393,"column":1}},"69":{"start":{"line":268,"column":2},"end":{"line":392,"column":3}},"70":{"start":{"line":269,"column":59},"end":{"line":269,"column":67}},"71":{"start":{"line":271,"column":4},"end":{"line":277,"column":5}},"72":{"start":{"line":272,"column":6},"end":{"line":276,"column":9}},"73":{"start":{"line":280,"column":28},"end":{"line":280,"column":48}},"74":{"start":{"line":281,"column":4},"end":{"line":287,"column":5}},"75":{"start":{"line":282,"column":6},"end":{"line":286,"column":9}},"76":{"start":{"line":290,"column":28},"end":{"line":290,"column":53}},"77":{"start":{"line":291,"column":4},"end":{"line":297,"column":5}},"78":{"start":{"line":292,"column":6},"end":{"line":296,"column":9}},"79":{"start":{"line":300,"column":34},"end":{"line":300,"column":63}},"80":{"start":{"line":301,"column":4},"end":{"line":307,"column":5}},"81":{"start":{"line":302,"column":6},"end":{"line":306,"column":9}},"82":{"start":{"line":310,"column":4},"end":{"line":319,"column":5}},"83":{"start":{"line":311,"column":30},"end":{"line":311,"column":81}},"84":{"start":{"line":312,"column":6},"end":{"line":318,"column":7}},"85":{"start":{"line":313,"column":8},"end":{"line":317,"column":11}},"86":{"start":{"line":321,"column":20},"end":{"line":324,"column":5}},"87":{"start":{"line":326,"column":4},"end":{"line":332,"column":5}},"88":{"start":{"line":327,"column":6},"end":{"line":331,"column":9}},"89":{"start":{"line":334,"column":19},"end":{"line":334,"column":38}},"90":{"start":{"line":336,"column":21},"end":{"line":343,"column":5}},"91":{"start":{"line":345,"column":4},"end":{"line":351,"column":5}},"92":{"start":{"line":346,"column":6},"end":{"line":350,"column":9}},"93":{"start":{"line":353,"column":23},"end":{"line":353,"column":32}},"94":{"start":{"line":355,"column":4},"end":{"line":360,"column":5}},"95":{"start":{"line":356,"column":6},"end":{"line":359,"column":9}},"96":{"start":{"line":362,"column":4},"end":{"line":367,"column":5}},"97":{"start":{"line":363,"column":6},"end":{"line":366,"column":9}},"98":{"start":{"line":369,"column":27},"end":{"line":369,"column":61}},"99":{"start":{"line":371,"column":4},"end":{"line":374,"column":7}},"100":{"start":{"line":376,"column":4},"end":{"line":379,"column":6}},"101":{"start":{"line":381,"column":4},"end":{"line":385,"column":7}},"102":{"start":{"line":387,"column":4},"end":{"line":387,"column":53}},"103":{"start":{"line":388,"column":4},"end":{"line":391,"column":7}},"104":{"start":{"line":396,"column":19},"end":{"line":433,"column":1}},"105":{"start":{"line":397,"column":2},"end":{"line":432,"column":3}},"106":{"start":{"line":398,"column":20},"end":{"line":411,"column":5}},"107":{"start":{"line":413,"column":4},"end":{"line":419,"column":5}},"108":{"start":{"line":414,"column":6},"end":{"line":418,"column":9}},"109":{"start":{"line":421,"column":4},"end":{"line":425,"column":7}},"110":{"start":{"line":427,"column":4},"end":{"line":427,"column":49}},"111":{"start":{"line":428,"column":4},"end":{"line":431,"column":7}},"112":{"start":{"line":435,"column":0},"end":{"line":441,"column":2}}},"fnMap":{"0":{"name":"(anonymous_0)","decl":{"start":{"line":23,"column":14},"end":{"line":23,"column":15}},"loc":{"start":{"line":23,"column":34},"end":{"line":105,"column":1}},"line":23},"1":{"name":"(anonymous_1)","decl":{"start":{"line":108,"column":17},"end":{"line":108,"column":18}},"loc":{"start":{"line":108,"column":37},"end":{"line":189,"column":1}},"line":108},"2":{"name":"(anonymous_2)","decl":{"start":{"line":192,"column":29},"end":{"line":192,"column":30}},"loc":{"start":{"line":192,"column":49},"end":{"line":264,"column":1}},"line":192},"3":{"name":"(anonymous_3)","decl":{"start":{"line":267,"column":22},"end":{"line":267,"column":23}},"loc":{"start":{"line":267,"column":42},"end":{"line":393,"column":1}},"line":267},"4":{"name":"(anonymous_4)","decl":{"start":{"line":396,"column":19},"end":{"line":396,"column":20}},"loc":{"start":{"line":396,"column":39},"end":{"line":433,"column":1}},"line":396}},"branchMap":{"0":{"loc":{"start":{"line":29,"column":4},"end":{"line":35,"column":5}},"type":"if","locations":[{"start":{"line":29,"column":4},"end":{"line":35,"column":5}},{"start":{},"end":{}}],"line":29},"1":{"loc":{"start":{"line":46,"column":4},"end":{"line":52,"column":5}},"type":"if","locations":[{"start":{"line":46,"column":4},"end":{"line":52,"column":5}},{"start":{},"end":{}}],"line":46},"2":{"loc":{"start":{"line":56,"column":4},"end":{"line":62,"column":5}},"type":"if","locations":[{"start":{"line":56,"column":4},"end":{"line":62,"column":5}},{"start":{},"end":{}}],"line":56},"3":{"loc":{"start":{"line":66,"column":4},"end":{"line":72,"column":5}},"type":"if","locations":[{"start":{"line":66,"column":4},"end":{"line":72,"column":5}},{"start":{},"end":{}}],"line":66},"4":{"loc":{"start":{"line":112,"column":4},"end":{"line":118,"column":5}},"type":"if","locations":[{"start":{"line":112,"column":4},"end":{"line":118,"column":5}},{"start":{},"end":{}}],"line":112},"5":{"loc":{"start":{"line":112,"column":8},"end":{"line":112,"column":48}},"type":"binary-expr","locations":[{"start":{"line":112,"column":8},"end":{"line":112,"column":17}},{"start":{"line":112,"column":21},"end":{"line":112,"column":30}},{"start":{"line":112,"column":34},"end":{"line":112,"column":40}},{"start":{"line":112,"column":44},"end":{"line":112,"column":48}}],"line":112},"6":{"loc":{"start":{"line":120,"column":4},"end":{"line":126,"column":5}},"type":"if","locations":[{"start":{"line":120,"column":4},"end":{"line":126,"column":5}},{"start":{},"end":{}}],"line":120},"7":{"loc":{"start":{"line":128,"column":4},"end":{"line":134,"column":5}},"type":"if","locations":[{"start":{"line":128,"column":4},"end":{"line":134,"column":5}},{"start":{},"end":{}}],"line":128},"8":{"loc":{"start":{"line":141,"column":4},"end":{"line":147,"column":5}},"type":"if","locations":[{"start":{"line":141,"column":4},"end":{"line":147,"column":5}},{"start":{},"end":{}}],"line":141},"9":{"loc":{"start":{"line":154,"column":4},"end":{"line":160,"column":5}},"type":"if","locations":[{"start":{"line":154,"column":4},"end":{"line":160,"column":5}},{"start":{},"end":{}}],"line":154},"10":{"loc":{"start":{"line":167,"column":57},"end":{"line":167,"column":76}},"type":"binary-expr","locations":[{"start":{"line":167,"column":57},"end":{"line":167,"column":68}},{"start":{"line":167,"column":72},"end":{"line":167,"column":76}}],"line":167},"11":{"loc":{"start":{"line":196,"column":4},"end":{"line":201,"column":5}},"type":"if","locations":[{"start":{"line":196,"column":4},"end":{"line":201,"column":5}},{"start":{},"end":{}}],"line":196},"12":{"loc":{"start":{"line":205,"column":4},"end":{"line":210,"column":5}},"type":"if","locations":[{"start":{"line":205,"column":4},"end":{"line":210,"column":5}},{"start":{},"end":{}}],"line":205},"13":{"loc":{"start":{"line":217,"column":4},"end":{"line":222,"column":5}},"type":"if","locations":[{"start":{"line":217,"column":4},"end":{"line":222,"column":5}},{"start":{},"end":{}}],"line":217},"14":{"loc":{"start":{"line":240,"column":4},"end":{"line":244,"column":5}},"type":"if","locations":[{"start":{"line":240,"column":4},"end":{"line":244,"column":5}},{"start":{"line":242,"column":11},"end":{"line":244,"column":5}}],"line":240},"15":{"loc":{"start":{"line":249,"column":10},"end":{"line":255,"column":7}},"type":"binary-expr","locations":[{"start":{"line":249,"column":10},"end":{"line":249,"column":48}},{"start":{"line":249,"column":52},"end":{"line":255,"column":7}}],"line":249},"16":{"loc":{"start":{"line":271,"column":4},"end":{"line":277,"column":5}},"type":"if","locations":[{"start":{"line":271,"column":4},"end":{"line":277,"column":5}},{"start":{},"end":{}}],"line":271},"17":{"loc":{"start":{"line":271,"column":8},"end":{"line":271,"column":40}},"type":"binary-expr","locations":[{"start":{"line":271,"column":8},"end":{"line":271,"column":14}},{"start":{"line":271,"column":18},"end":{"line":271,"column":24}},{"start":{"line":271,"column":28},"end":{"line":271,"column":40}}],"line":271},"18":{"loc":{"start":{"line":281,"column":4},"end":{"line":287,"column":5}},"type":"if","locations":[{"start":{"line":281,"column":4},"end":{"line":287,"column":5}},{"start":{},"end":{}}],"line":281},"19":{"loc":{"start":{"line":291,"column":4},"end":{"line":297,"column":5}},"type":"if","locations":[{"start":{"line":291,"column":4},"end":{"line":297,"column":5}},{"start":{},"end":{}}],"line":291},"20":{"loc":{"start":{"line":301,"column":4},"end":{"line":307,"column":5}},"type":"if","locations":[{"start":{"line":301,"column":4},"end":{"line":307,"column":5}},{"start":{},"end":{}}],"line":301},"21":{"loc":{"start":{"line":310,"column":4},"end":{"line":319,"column":5}},"type":"if","locations":[{"start":{"line":310,"column":4},"end":{"line":319,"column":5}},{"start":{},"end":{}}],"line":310},"22":{"loc":{"start":{"line":312,"column":6},"end":{"line":318,"column":7}},"type":"if","locations":[{"start":{"line":312,"column":6},"end":{"line":318,"column":7}},{"start":{},"end":{}}],"line":312},"23":{"loc":{"start":{"line":326,"column":4},"end":{"line":332,"column":5}},"type":"if","locations":[{"start":{"line":326,"column":4},"end":{"line":332,"column":5}},{"start":{},"end":{}}],"line":326},"24":{"loc":{"start":{"line":345,"column":4},"end":{"line":351,"column":5}},"type":"if","locations":[{"start":{"line":345,"column":4},"end":{"line":351,"column":5}},{"start":{},"end":{}}],"line":345},"25":{"loc":{"start":{"line":355,"column":4},"end":{"line":360,"column":5}},"type":"if","locations":[{"start":{"line":355,"column":4},"end":{"line":360,"column":5}},{"start":{},"end":{}}],"line":355},"26":{"loc":{"start":{"line":362,"column":4},"end":{"line":367,"column":5}},"type":"if","locations":[{"start":{"line":362,"column":4},"end":{"line":367,"column":5}},{"start":{},"end":{}}],"line":362},"27":{"loc":{"start":{"line":413,"column":4},"end":{"line":419,"column":5}},"type":"if","locations":[{"start":{"line":413,"column":4},"end":{"line":419,"column":5}},{"start":{},"end":{}}],"line":413}},"s":{"0":0,"1":0,"2":0,"3":0,"4":0,"5":0,"6":0,"7":0,"8":0,"9":0,"10":0,"11":0,"12":0,"13":0,"14":0,"15":0,"16":0,"17":0,"18":0,"19":0,"20":0,"21":0,"22":0,"23":0,"24":0,"25":0,"26":0,"27":0,"28":0,"29":0,"30":0,"31":0,"32":0,"33":0,"34":0,"35":0,"36":0,"37":0,"38":0,"39":0,"40":0,"41":0,"42":0,"43":0,"44":0,"45":0,"46":0,"47":0,"48":0,"49":0,"50":0,"51":0,"52":0,"53":0,"54":0,"55":0,"56":0,"57":0,"58":0,"59":0,"60":0,"61":0,"62":0,"63":0,"64":0,"65":0,"66":0,"67":0,"68":0,"69":0,"70":0,"71":0,"72":0,"73":0,"74":0,"75":0,"76":0,"77":0,"78":0,"79":0,"80":0,"81":0,"82":0,"83":0,"84":0,"85":0,"86":0,"87":0,"88":0,"89":0,"90":0,"91":0,"92":0,"93":0,"94":0,"95":0,"96":0,"97":0,"98":0,"99":0,"100":0,"101":0,"102":0,"103":0,"104":0,"105":0,"106":0,"107":0,"108":0,"109":0,"110":0,"111":0,"112":0},"f":{"0":0,"1":0,"2":0,"3":0,"4":0},"b":{"0":[0,0],"1":[0,0],"2":[0,0],"3":[0,0],"4":[0,0],"5":[0,0,0,0],"6":[0,0],"7":[0,0],"8":[0,0],"9":[0,0],"10":[0,0],"11":[0,0],"12":[0,0],"13":[0,0],"14":[0,0],"15":[0,0],"16":[0,0],"17":[0,0,0],"18":[0,0],"19":[0,0],"20":[0,0],"21":[0,0],"22":[0,0],"23":[0,0],"24":[0,0],"25":[0,0],"26":[0,0],"27":[0,0]}}
,"C:\\Users\\danie\\OneDrive\\Documentos\\Daniel\\proyeto II\\DSVPayroll\\backend-nomina\\src\\modules\\auth\\auth.helpers.js": {"path":"C:\\Users\\danie\\OneDrive\\Documentos\\Daniel\\proyeto II\\DSVPayroll\\backend-nomina\\src\\modules\\auth\\auth.helpers.js","statementMap":{"0":{"start":{"line":1,"column":15},"end":{"line":1,"column":32}},"1":{"start":{"line":4,"column":4},"end":{"line":4,"column":31}},"2":{"start":{"line":7,"column":21},"end":{"line":7,"column":72}},"3":{"start":{"line":7,"column":32},"end":{"line":7,"column":72}},"4":{"start":{"line":10,"column":35},"end":{"line":11,"column":45}},"5":{"start":{"line":11,"column":2},"end":{"line":11,"column":45}},"6":{"start":{"line":14,"column":37},"end":{"line":15,"column":70}},"7":{"start":{"line":15,"column":2},"end":{"line":15,"column":70}},"8":{"start":{"line":17,"column":0},"end":{"line":21,"column":2}}},"fnMap":{"0":{"name":"(anonymous_0)","decl":{"start":{"line":7,"column":21},"end":{"line":7,"column":22}},"loc":{"start":{"line":7,"column":32},"end":{"line":7,"column":72}},"line":7},"1":{"name":"(anonymous_1)","decl":{"start":{"line":10,"column":35},"end":{"line":10,"column":36}},"loc":{"start":{"line":11,"column":2},"end":{"line":11,"column":45}},"line":11},"2":{"name":"(anonymous_2)","decl":{"start":{"line":14,"column":37},"end":{"line":14,"column":38}},"loc":{"start":{"line":15,"column":2},"end":{"line":15,"column":70}},"line":15}},"branchMap":{},"s":{"0":0,"1":0,"2":0,"3":0,"4":0,"5":0,"6":0,"7":0,"8":0},"f":{"0":0,"1":0,"2":0},"b":{}}
,"C:\\Users\\danie\\OneDrive\\Documentos\\Daniel\\proyeto II\\DSVPayroll\\backend-nomina\\src\\modules\\auth\\auth.routes.js": {"path":"C:\\Users\\danie\\OneDrive\\Documentos\\Daniel\\proyeto II\\DSVPayroll\\backend-nomina\\src\\modules\\auth\\auth.routes.js","statementMap":{"0":{"start":{"line":1,"column":16},"end":{"line":1,"column":34}},"1":{"start":{"line":2,"column":15},"end":{"line":2,"column":31}},"2":{"start":{"line":10,"column":4},"end":{"line":10,"column":35}},"3":{"start":{"line":15,"column":4},"end":{"line":15,"column":49}},"4":{"start":{"line":18,"column":0},"end":{"line":18,"column":29}},"5":{"start":{"line":19,"column":0},"end":{"line":19,"column":52}},"6":{"start":{"line":20,"column":0},"end":{"line":20,"column":46}},"7":{"start":{"line":23,"column":0},"end":{"line":23,"column":67}},"8":{"start":{"line":24,"column":0},"end":{"line":24,"column":48}},"9":{"start":{"line":27,"column":0},"end":{"line":43,"column":3}},"10":{"start":{"line":28,"column":2},"end":{"line":42,"column":5}},"11":{"start":{"line":45,"column":0},"end":{"line":45,"column":24}}},"fnMap":{"0":{"name":"(anonymous_0)","decl":{"start":{"line":27,"column":20},"end":{"line":27,"column":21}},"loc":{"start":{"line":27,"column":34},"end":{"line":43,"column":1}},"line":27}},"branchMap":{},"s":{"0":0,"1":0,"2":0,"3":0,"4":0,"5":0,"6":0,"7":0,"8":0,"9":0,"10":0,"11":0},"f":{"0":0},"b":{}}
,"C:\\Users\\danie\\OneDrive\\Documentos\\Daniel\\proyeto II\\DSVPayroll\\backend-nomina\\src\\modules\\catalogs\\catalogs.controller.js": {"path":"C:\\Users\\danie\\OneDrive\\Documentos\\Daniel\\proyeto II\\DSVPayroll\\backend-nomina\\src\\modules\\catalogs\\catalogs.controller.js","statementMap":{"0":{"start":{"line":1,"column":29},"end":{"line":1,"column":58}},"1":{"start":{"line":4,"column":21},"end":{"line":24,"column":1}},"2":{"start":{"line":5,"column":2},"end":{"line":23,"column":3}},"3":{"start":{"line":6,"column":19},"end":{"line":10,"column":5}},"4":{"start":{"line":12,"column":4},"end":{"line":16,"column":7}},"5":{"start":{"line":18,"column":4},"end":{"line":18,"column":53}},"6":{"start":{"line":19,"column":4},"end":{"line":22,"column":7}},"7":{"start":{"line":27,"column":28},"end":{"line":47,"column":1}},"8":{"start":{"line":28,"column":2},"end":{"line":46,"column":3}},"9":{"start":{"line":29,"column":19},"end":{"line":33,"column":5}},"10":{"start":{"line":35,"column":4},"end":{"line":39,"column":7}},"11":{"start":{"line":41,"column":4},"end":{"line":41,"column":60}},"12":{"start":{"line":42,"column":4},"end":{"line":45,"column":7}},"13":{"start":{"line":50,"column":20},"end":{"line":70,"column":1}},"14":{"start":{"line":51,"column":2},"end":{"line":69,"column":3}},"15":{"start":{"line":52,"column":19},"end":{"line":56,"column":5}},"16":{"start":{"line":58,"column":4},"end":{"line":62,"column":7}},"17":{"start":{"line":64,"column":4},"end":{"line":64,"column":52}},"18":{"start":{"line":65,"column":4},"end":{"line":68,"column":7}},"19":{"start":{"line":72,"column":0},"end":{"line":76,"column":2}}},"fnMap":{"0":{"name":"(anonymous_0)","decl":{"start":{"line":4,"column":21},"end":{"line":4,"column":22}},"loc":{"start":{"line":4,"column":41},"end":{"line":24,"column":1}},"line":4},"1":{"name":"(anonymous_1)","decl":{"start":{"line":27,"column":28},"end":{"line":27,"column":29}},"loc":{"start":{"line":27,"column":48},"end":{"line":47,"column":1}},"line":27},"2":{"name":"(anonymous_2)","decl":{"start":{"line":50,"column":20},"end":{"line":50,"column":21}},"loc":{"start":{"line":50,"column":40},"end":{"line":70,"column":1}},"line":50}},"branchMap":{},"s":{"0":0,"1":0,"2":0,"3":0,"4":0,"5":0,"6":0,"7":0,"8":0,"9":0,"10":0,"11":0,"12":0,"13":0,"14":0,"15":0,"16":0,"17":0,"18":0,"19":0},"f":{"0":0,"1":0,"2":0},"b":{}}
,"C:\\Users\\danie\\OneDrive\\Documentos\\Daniel\\proyeto II\\DSVPayroll\\backend-nomina\\src\\modules\\catalogs\\catalogs.helpers.js": {"path":"C:\\Users\\danie\\OneDrive\\Documentos\\Daniel\\proyeto II\\DSVPayroll\\backend-nomina\\src\\modules\\catalogs\\catalogs.helpers.js","statementMap":{"0":{"start":{"line":1,"column":17},"end":{"line":1,"column":52}},"1":{"start":{"line":4,"column":25},"end":{"line":11,"column":1}},"2":{"start":{"line":5,"column":17},"end":{"line":5,"column":40}},"3":{"start":{"line":7,"column":2},"end":{"line":10,"column":4}},"4":{"start":{"line":13,"column":0},"end":{"line":15,"column":2}}},"fnMap":{"0":{"name":"(anonymous_0)","decl":{"start":{"line":4,"column":25},"end":{"line":4,"column":26}},"loc":{"start":{"line":4,"column":42},"end":{"line":11,"column":1}},"line":4}},"branchMap":{},"s":{"0":0,"1":0,"2":0,"3":0,"4":0},"f":{"0":0},"b":{}}
,"C:\\Users\\danie\\OneDrive\\Documentos\\Daniel\\proyeto II\\DSVPayroll\\backend-nomina\\src\\modules\\catalogs\\catalogs.routes.js": {"path":"C:\\Users\\danie\\OneDrive\\Documentos\\Daniel\\proyeto II\\DSVPayroll\\backend-nomina\\src\\modules\\catalogs\\catalogs.routes.js","statementMap":{"0":{"start":{"line":1,"column":16},"end":{"line":1,"column":34}},"1":{"start":{"line":2,"column":15},"end":{"line":2,"column":31}},"2":{"start":{"line":8,"column":4},"end":{"line":8,"column":36}},"3":{"start":{"line":10,"column":24},"end":{"line":10,"column":66}},"4":{"start":{"line":13,"column":0},"end":{"line":13,"column":24}},"5":{"start":{"line":15,"column":0},"end":{"line":15,"column":36}},"6":{"start":{"line":16,"column":0},"end":{"line":16,"column":50}},"7":{"start":{"line":17,"column":0},"end":{"line":17,"column":34}},"8":{"start":{"line":19,"column":0},"end":{"line":19,"column":24}}},"fnMap":{},"branchMap":{},"s":{"0":0,"1":0,"2":0,"3":0,"4":0,"5":0,"6":0,"7":0,"8":0},"f":{},"b":{}}
,"C:\\Users\\danie\\OneDrive\\Documentos\\Daniel\\proyeto II\\DSVPayroll\\backend-nomina\\src\\modules\\employees\\employees.constants.js": {"path":"C:\\Users\\danie\\OneDrive\\Documentos\\Daniel\\proyeto II\\DSVPayroll\\backend-nomina\\src\\modules\\employees\\employees.constants.js","statementMap":{"0":{"start":{"line":2,"column":31},"end":{"line":2,"column":32}},"1":{"start":{"line":3,"column":32},"end":{"line":3,"column":35}},"2":{"start":{"line":4,"column":30},"end":{"line":4,"column":32}},"3":{"start":{"line":5,"column":30},"end":{"line":5,"column":32}},"4":{"start":{"line":7,"column":0},"end":{"line":12,"column":2}}},"fnMap":{},"branchMap":{},"s":{"0":0,"1":0,"2":0,"3":0,"4":0},"f":{},"b":{}}
,"C:\\Users\\danie\\OneDrive\\Documentos\\Daniel\\proyeto II\\DSVPayroll\\backend-nomina\\src\\modules\\employees\\employees.controller.js": {"path":"C:\\Users\\danie\\OneDrive\\Documentos\\Daniel\\proyeto II\\DSVPayroll\\backend-nomina\\src\\modules\\employees\\employees.controller.js","statementMap":{"0":{"start":{"line":1,"column":17},"end":{"line":1,"column":52}},"1":{"start":{"line":5,"column":4},"end":{"line":5,"column":36}},"2":{"start":{"line":11,"column":4},"end":{"line":11,"column":34}},"3":{"start":{"line":18,"column":4},"end":{"line":18,"column":37}},"4":{"start":{"line":21,"column":24},"end":{"line":96,"column":1}},"5":{"start":{"line":22,"column":2},"end":{"line":95,"column":3}},"6":{"start":{"line":23,"column":27},"end":{"line":23,"column":51}},"7":{"start":{"line":24,"column":29},"end":{"line":24,"column":66}},"8":{"start":{"line":26,"column":4},"end":{"line":31,"column":5}},"9":{"start":{"line":27,"column":6},"end":{"line":30,"column":9}},"10":{"start":{"line":33,"column":36},"end":{"line":33,"column":62}},"11":{"start":{"line":34,"column":28},"end":{"line":34,"column":64}},"12":{"start":{"line":36,"column":26},"end":{"line":41,"column":118}},"13":{"start":{"line":43,"column":18},"end":{"line":43,"column":38}},"14":{"start":{"line":45,"column":27},"end":{"line":70,"column":23}},"15":{"start":{"line":72,"column":24},"end":{"line":74,"column":23}},"16":{"start":{"line":76,"column":24},"end":{"line":76,"column":69}},"17":{"start":{"line":78,"column":4},"end":{"line":88,"column":7}},"18":{"start":{"line":90,"column":4},"end":{"line":90,"column":54}},"19":{"start":{"line":91,"column":4},"end":{"line":94,"column":7}},"20":{"start":{"line":99,"column":24},"end":{"line":162,"column":1}},"21":{"start":{"line":100,"column":2},"end":{"line":161,"column":3}},"22":{"start":{"line":101,"column":19},"end":{"line":101,"column":29}},"23":{"start":{"line":102,"column":27},"end":{"line":102,"column":51}},"24":{"start":{"line":103,"column":29},"end":{"line":103,"column":66}},"25":{"start":{"line":105,"column":4},"end":{"line":110,"column":5}},"26":{"start":{"line":106,"column":6},"end":{"line":109,"column":9}},"27":{"start":{"line":112,"column":4},"end":{"line":117,"column":5}},"28":{"start":{"line":113,"column":6},"end":{"line":116,"column":9}},"29":{"start":{"line":121,"column":24},"end":{"line":121,"column":114}},"30":{"start":{"line":123,"column":24},"end":{"line":142,"column":5}},"31":{"start":{"line":144,"column":4},"end":{"line":149,"column":5}},"32":{"start":{"line":145,"column":6},"end":{"line":148,"column":9}},"33":{"start":{"line":151,"column":4},"end":{"line":154,"column":7}},"34":{"start":{"line":156,"column":4},"end":{"line":156,"column":54}},"35":{"start":{"line":157,"column":4},"end":{"line":160,"column":7}},"36":{"start":{"line":165,"column":23},"end":{"line":349,"column":1}},"37":{"start":{"line":166,"column":21},"end":{"line":166,"column":47}},"38":{"start":{"line":168,"column":2},"end":{"line":348,"column":3}},"39":{"start":{"line":179,"column":8},"end":{"line":179,"column":16}},"40":{"start":{"line":182,"column":4},"end":{"line":196,"column":5}},"41":{"start":{"line":192,"column":6},"end":{"line":195,"column":9}},"42":{"start":{"line":199,"column":30},"end":{"line":199,"column":51}},"43":{"start":{"line":200,"column":4},"end":{"line":205,"column":5}},"44":{"start":{"line":201,"column":6},"end":{"line":204,"column":9}},"45":{"start":{"line":208,"column":32},"end":{"line":208,"column":55}},"46":{"start":{"line":209,"column":4},"end":{"line":214,"column":5}},"47":{"start":{"line":210,"column":6},"end":{"line":213,"column":9}},"48":{"start":{"line":217,"column":25},"end":{"line":217,"column":76}},"49":{"start":{"line":218,"column":4},"end":{"line":223,"column":5}},"50":{"start":{"line":219,"column":6},"end":{"line":222,"column":9}},"51":{"start":{"line":226,"column":29},"end":{"line":226,"column":60}},"52":{"start":{"line":227,"column":4},"end":{"line":232,"column":5}},"53":{"start":{"line":228,"column":6},"end":{"line":231,"column":9}},"54":{"start":{"line":235,"column":28},"end":{"line":235,"column":54}},"55":{"start":{"line":236,"column":4},"end":{"line":241,"column":5}},"56":{"start":{"line":237,"column":6},"end":{"line":240,"column":9}},"57":{"start":{"line":244,"column":4},"end":{"line":260,"column":5}},"58":{"start":{"line":245,"column":34},"end":{"line":245,"column":64}},"59":{"start":{"line":246,"column":6},"end":{"line":251,"column":7}},"60":{"start":{"line":247,"column":8},"end":{"line":250,"column":11}},"61":{"start":{"line":253,"column":28},"end":{"line":253,"column":68}},"62":{"start":{"line":254,"column":6},"end":{"line":259,"column":7}},"63":{"start":{"line":255,"column":8},"end":{"line":258,"column":11}},"64":{"start":{"line":263,"column":4},"end":{"line":271,"column":5}},"65":{"start":{"line":264,"column":36},"end":{"line":264,"column":63}},"66":{"start":{"line":265,"column":6},"end":{"line":270,"column":7}},"67":{"start":{"line":266,"column":8},"end":{"line":269,"column":11}},"68":{"start":{"line":273,"column":23},"end":{"line":276,"column":5}},"69":{"start":{"line":278,"column":4},"end":{"line":283,"column":5}},"70":{"start":{"line":279,"column":6},"end":{"line":282,"column":9}},"71":{"start":{"line":285,"column":28},"end":{"line":285,"column":80}},"72":{"start":{"line":286,"column":24},"end":{"line":286,"column":51}},"73":{"start":{"line":288,"column":4},"end":{"line":288,"column":40}},"74":{"start":{"line":290,"column":21},"end":{"line":306,"column":5}},"75":{"start":{"line":308,"column":4},"end":{"line":313,"column":6}},"76":{"start":{"line":315,"column":4},"end":{"line":315,"column":30}},"77":{"start":{"line":317,"column":26},"end":{"line":332,"column":5}},"78":{"start":{"line":334,"column":4},"end":{"line":338,"column":7}},"79":{"start":{"line":340,"column":4},"end":{"line":340,"column":32}},"80":{"start":{"line":341,"column":4},"end":{"line":341,"column":53}},"81":{"start":{"line":342,"column":4},"end":{"line":345,"column":7}},"82":{"start":{"line":347,"column":4},"end":{"line":347,"column":25}},"83":{"start":{"line":352,"column":23},"end":{"line":453,"column":1}},"84":{"start":{"line":353,"column":2},"end":{"line":452,"column":3}},"85":{"start":{"line":354,"column":19},"end":{"line":354,"column":29}},"86":{"start":{"line":365,"column":8},"end":{"line":365,"column":16}},"87":{"start":{"line":367,"column":23},"end":{"line":370,"column":5}},"88":{"start":{"line":372,"column":4},"end":{"line":377,"column":5}},"89":{"start":{"line":373,"column":6},"end":{"line":376,"column":9}},"90":{"start":{"line":379,"column":4},"end":{"line":391,"column":5}},"91":{"start":{"line":380,"column":26},"end":{"line":383,"column":7}},"92":{"start":{"line":385,"column":6},"end":{"line":390,"column":7}},"93":{"start":{"line":386,"column":8},"end":{"line":389,"column":11}},"94":{"start":{"line":394,"column":6},"end":{"line":396,"column":19}},"95":{"start":{"line":398,"column":4},"end":{"line":422,"column":6}},"96":{"start":{"line":424,"column":22},"end":{"line":439,"column":5}},"97":{"start":{"line":441,"column":4},"end":{"line":445,"column":7}},"98":{"start":{"line":447,"column":4},"end":{"line":447,"column":53}},"99":{"start":{"line":448,"column":4},"end":{"line":451,"column":7}},"100":{"start":{"line":458,"column":23},"end":{"line":563,"column":1}},"101":{"start":{"line":459,"column":2},"end":{"line":562,"column":3}},"102":{"start":{"line":460,"column":19},"end":{"line":460,"column":29}},"103":{"start":{"line":461,"column":26},"end":{"line":461,"column":35}},"104":{"start":{"line":462,"column":21},"end":{"line":462,"column":33}},"105":{"start":{"line":465,"column":23},"end":{"line":468,"column":5}},"106":{"start":{"line":470,"column":4},"end":{"line":475,"column":5}},"107":{"start":{"line":471,"column":6},"end":{"line":474,"column":9}},"108":{"start":{"line":478,"column":4},"end":{"line":483,"column":5}},"109":{"start":{"line":479,"column":6},"end":{"line":482,"column":9}},"110":{"start":{"line":486,"column":4},"end":{"line":528,"column":5}},"111":{"start":{"line":487,"column":6},"end":{"line":492,"column":7}},"112":{"start":{"line":488,"column":8},"end":{"line":491,"column":11}},"113":{"start":{"line":495,"column":24},"end":{"line":498,"column":7}},"114":{"start":{"line":500,"column":6},"end":{"line":505,"column":7}},"115":{"start":{"line":501,"column":8},"end":{"line":504,"column":11}},"116":{"start":{"line":507,"column":26},"end":{"line":510,"column":7}},"117":{"start":{"line":512,"column":6},"end":{"line":517,"column":7}},"118":{"start":{"line":513,"column":8},"end":{"line":516,"column":11}},"119":{"start":{"line":520,"column":6},"end":{"line":520,"column":84}},"120":{"start":{"line":521,"column":6},"end":{"line":521,"column":76}},"121":{"start":{"line":523,"column":6},"end":{"line":527,"column":9}},"122":{"start":{"line":531,"column":4},"end":{"line":536,"column":5}},"123":{"start":{"line":532,"column":6},"end":{"line":535,"column":9}},"124":{"start":{"line":539,"column":4},"end":{"line":542,"column":6}},"125":{"start":{"line":545,"column":4},"end":{"line":548,"column":6}},"126":{"start":{"line":550,"column":4},"end":{"line":555,"column":7}},"127":{"start":{"line":557,"column":4},"end":{"line":557,"column":53}},"128":{"start":{"line":558,"column":4},"end":{"line":561,"column":7}},"129":{"start":{"line":566,"column":27},"end":{"line":624,"column":1}},"130":{"start":{"line":567,"column":2},"end":{"line":623,"column":3}},"131":{"start":{"line":568,"column":19},"end":{"line":568,"column":29}},"132":{"start":{"line":569,"column":21},"end":{"line":569,"column":33}},"133":{"start":{"line":572,"column":4},"end":{"line":577,"column":5}},"134":{"start":{"line":573,"column":6},"end":{"line":576,"column":9}},"135":{"start":{"line":580,"column":23},"end":{"line":583,"column":5}},"136":{"start":{"line":585,"column":4},"end":{"line":590,"column":5}},"137":{"start":{"line":586,"column":6},"end":{"line":589,"column":9}},"138":{"start":{"line":593,"column":4},"end":{"line":598,"column":5}},"139":{"start":{"line":594,"column":6},"end":{"line":597,"column":9}},"140":{"start":{"line":601,"column":4},"end":{"line":604,"column":6}},"141":{"start":{"line":607,"column":4},"end":{"line":610,"column":6}},"142":{"start":{"line":612,"column":4},"end":{"line":616,"column":7}},"143":{"start":{"line":618,"column":4},"end":{"line":618,"column":57}},"144":{"start":{"line":619,"column":4},"end":{"line":622,"column":7}},"145":{"start":{"line":627,"column":24},"end":{"line":687,"column":1}},"146":{"start":{"line":628,"column":2},"end":{"line":686,"column":3}},"147":{"start":{"line":629,"column":18},"end":{"line":629,"column":27}},"148":{"start":{"line":630,"column":27},"end":{"line":630,"column":51}},"149":{"start":{"line":631,"column":29},"end":{"line":631,"column":66}},"150":{"start":{"line":633,"column":4},"end":{"line":638,"column":5}},"151":{"start":{"line":634,"column":6},"end":{"line":637,"column":9}},"152":{"start":{"line":640,"column":4},"end":{"line":645,"column":5}},"153":{"start":{"line":641,"column":6},"end":{"line":644,"column":9}},"154":{"start":{"line":647,"column":23},"end":{"line":647,"column":31}},"155":{"start":{"line":649,"column":24},"end":{"line":673,"column":5}},"156":{"start":{"line":675,"column":4},"end":{"line":679,"column":7}},"157":{"start":{"line":681,"column":4},"end":{"line":681,"column":54}},"158":{"start":{"line":682,"column":4},"end":{"line":685,"column":7}},"159":{"start":{"line":689,"column":0},"end":{"line":697,"column":2}}},"fnMap":{"0":{"name":"(anonymous_0)","decl":{"start":{"line":21,"column":24},"end":{"line":21,"column":25}},"loc":{"start":{"line":21,"column":44},"end":{"line":96,"column":1}},"line":21},"1":{"name":"(anonymous_1)","decl":{"start":{"line":99,"column":24},"end":{"line":99,"column":25}},"loc":{"start":{"line":99,"column":44},"end":{"line":162,"column":1}},"line":99},"2":{"name":"(anonymous_2)","decl":{"start":{"line":165,"column":23},"end":{"line":165,"column":24}},"loc":{"start":{"line":165,"column":43},"end":{"line":349,"column":1}},"line":165},"3":{"name":"(anonymous_3)","decl":{"start":{"line":352,"column":23},"end":{"line":352,"column":24}},"loc":{"start":{"line":352,"column":43},"end":{"line":453,"column":1}},"line":352},"4":{"name":"(anonymous_4)","decl":{"start":{"line":458,"column":23},"end":{"line":458,"column":24}},"loc":{"start":{"line":458,"column":43},"end":{"line":563,"column":1}},"line":458},"5":{"name":"(anonymous_5)","decl":{"start":{"line":566,"column":27},"end":{"line":566,"column":28}},"loc":{"start":{"line":566,"column":47},"end":{"line":624,"column":1}},"line":566},"6":{"name":"(anonymous_6)","decl":{"start":{"line":627,"column":24},"end":{"line":627,"column":25}},"loc":{"start":{"line":627,"column":44},"end":{"line":687,"column":1}},"line":627}},"branchMap":{"0":{"loc":{"start":{"line":26,"column":4},"end":{"line":31,"column":5}},"type":"if","locations":[{"start":{"line":26,"column":4},"end":{"line":31,"column":5}},{"start":{},"end":{}}],"line":26},"1":{"loc":{"start":{"line":36,"column":26},"end":{"line":41,"column":118}},"type":"cond-expr","locations":[{"start":{"line":37,"column":8},"end":{"line":40,"column":9}},{"start":{"line":41,"column":8},"end":{"line":41,"column":118}}],"line":36},"2":{"loc":{"start":{"line":41,"column":74},"end":{"line":41,"column":115}},"type":"cond-expr","locations":[{"start":{"line":41,"column":92},"end":{"line":41,"column":97}},{"start":{"line":41,"column":100},"end":{"line":41,"column":115}}],"line":41},"3":{"loc":{"start":{"line":68,"column":14},"end":{"line":68,"column":57}},"type":"cond-expr","locations":[{"start":{"line":68,"column":32},"end":{"line":68,"column":37}},{"start":{"line":68,"column":40},"end":{"line":68,"column":57}}],"line":68},"4":{"loc":{"start":{"line":68,"column":61},"end":{"line":68,"column":106}},"type":"cond-expr","locations":[{"start":{"line":68,"column":78},"end":{"line":68,"column":101}},{"start":{"line":68,"column":104},"end":{"line":68,"column":106}}],"line":68},"5":{"loc":{"start":{"line":72,"column":24},"end":{"line":74,"column":23}},"type":"cond-expr","locations":[{"start":{"line":73,"column":8},"end":{"line":73,"column":45}},{"start":{"line":74,"column":8},"end":{"line":74,"column":23}}],"line":72},"6":{"loc":{"start":{"line":105,"column":4},"end":{"line":110,"column":5}},"type":"if","locations":[{"start":{"line":105,"column":4},"end":{"line":110,"column":5}},{"start":{},"end":{}}],"line":105},"7":{"loc":{"start":{"line":112,"column":4},"end":{"line":117,"column":5}},"type":"if","locations":[{"start":{"line":112,"column":4},"end":{"line":117,"column":5}},{"start":{},"end":{}}],"line":112},"8":{"loc":{"start":{"line":112,"column":8},"end":{"line":112,"column":69}},"type":"binary-expr","locations":[{"start":{"line":112,"column":8},"end":{"line":112,"column":22}},{"start":{"line":112,"column":26},"end":{"line":112,"column":69}}],"line":112},"9":{"loc":{"start":{"line":121,"column":24},"end":{"line":121,"column":114}},"type":"cond-expr","locations":[{"start":{"line":121,"column":41},"end":{"line":121,"column":86}},{"start":{"line":121,"column":89},"end":{"line":121,"column":114}}],"line":121},"10":{"loc":{"start":{"line":144,"column":4},"end":{"line":149,"column":5}},"type":"if","locations":[{"start":{"line":144,"column":4},"end":{"line":149,"column":5}},{"start":{},"end":{}}],"line":144},"11":{"loc":{"start":{"line":182,"column":4},"end":{"line":196,"column":5}},"type":"if","locations":[{"start":{"line":182,"column":4},"end":{"line":196,"column":5}},{"start":{},"end":{}}],"line":182},"12":{"loc":{"start":{"line":183,"column":6},"end":{"line":190,"column":27}},"type":"binary-expr","locations":[{"start":{"line":183,"column":6},"end":{"line":183,"column":14}},{"start":{"line":184,"column":6},"end":{"line":184,"column":16}},{"start":{"line":185,"column":6},"end":{"line":185,"column":26}},{"start":{"line":186,"column":6},"end":{"line":186,"column":28}},{"start":{"line":187,"column":6},"end":{"line":187,"column":26}},{"start":{"line":188,"column":6},"end":{"line":188,"column":21}},{"start":{"line":189,"column":6},"end":{"line":189,"column":19}},{"start":{"line":190,"column":6},"end":{"line":190,"column":27}}],"line":183},"13":{"loc":{"start":{"line":200,"column":4},"end":{"line":205,"column":5}},"type":"if","locations":[{"start":{"line":200,"column":4},"end":{"line":205,"column":5}},{"start":{},"end":{}}],"line":200},"14":{"loc":{"start":{"line":209,"column":4},"end":{"line":214,"column":5}},"type":"if","locations":[{"start":{"line":209,"column":4},"end":{"line":214,"column":5}},{"start":{},"end":{}}],"line":209},"15":{"loc":{"start":{"line":218,"column":4},"end":{"line":223,"column":5}},"type":"if","locations":[{"start":{"line":218,"column":4},"end":{"line":223,"column":5}},{"start":{},"end":{}}],"line":218},"16":{"loc":{"start":{"line":227,"column":4},"end":{"line":232,"column":5}},"type":"if","locations":[{"start":{"line":227,"column":4},"end":{"line":232,"column":5}},{"start":{},"end":{}}],"line":227},"17":{"loc":{"start":{"line":236,"column":4},"end":{"line":241,"column":5}},"type":"if","locations":[{"start":{"line":236,"column":4},"end":{"line":241,"column":5}},{"start":{},"end":{}}],"line":236},"18":{"loc":{"start":{"line":244,"column":4},"end":{"line":260,"column":5}},"type":"if","locations":[{"start":{"line":244,"column":4},"end":{"line":260,"column":5}},{"start":{},"end":{}}],"line":244},"19":{"loc":{"start":{"line":246,"column":6},"end":{"line":251,"column":7}},"type":"if","locations":[{"start":{"line":246,"column":6},"end":{"line":251,"column":7}},{"start":{},"end":{}}],"line":246},"20":{"loc":{"start":{"line":254,"column":6},"end":{"line":259,"column":7}},"type":"if","locations":[{"start":{"line":254,"column":6},"end":{"line":259,"column":7}},{"start":{},"end":{}}],"line":254},"21":{"loc":{"start":{"line":263,"column":4},"end":{"line":271,"column":5}},"type":"if","locations":[{"start":{"line":263,"column":4},"end":{"line":271,"column":5}},{"start":{},"end":{}}],"line":263},"22":{"loc":{"start":{"line":265,"column":6},"end":{"line":270,"column":7}},"type":"if","locations":[{"start":{"line":265,"column":6},"end":{"line":270,"column":7}},{"start":{},"end":{}}],"line":265},"23":{"loc":{"start":{"line":278,"column":4},"end":{"line":283,"column":5}},"type":"if","locations":[{"start":{"line":278,"column":4},"end":{"line":283,"column":5}},{"start":{},"end":{}}],"line":278},"24":{"loc":{"start":{"line":301,"column":8},"end":{"line":301,"column":32}},"type":"binary-expr","locations":[{"start":{"line":301,"column":8},"end":{"line":301,"column":24}},{"start":{"line":301,"column":28},"end":{"line":301,"column":32}}],"line":301},"25":{"loc":{"start":{"line":302,"column":8},"end":{"line":302,"column":35}},"type":"binary-expr","locations":[{"start":{"line":302,"column":8},"end":{"line":302,"column":21}},{"start":{"line":302,"column":25},"end":{"line":302,"column":35}}],"line":302},"26":{"loc":{"start":{"line":372,"column":4},"end":{"line":377,"column":5}},"type":"if","locations":[{"start":{"line":372,"column":4},"end":{"line":377,"column":5}},{"start":{},"end":{}}],"line":372},"27":{"loc":{"start":{"line":379,"column":4},"end":{"line":391,"column":5}},"type":"if","locations":[{"start":{"line":379,"column":4},"end":{"line":391,"column":5}},{"start":{},"end":{}}],"line":379},"28":{"loc":{"start":{"line":385,"column":6},"end":{"line":390,"column":7}},"type":"if","locations":[{"start":{"line":385,"column":6},"end":{"line":390,"column":7}},{"start":{},"end":{}}],"line":385},"29":{"loc":{"start":{"line":394,"column":6},"end":{"line":396,"column":19}},"type":"cond-expr","locations":[{"start":{"line":395,"column":10},"end":{"line":395,"column":50}},{"start":{"line":396,"column":10},"end":{"line":396,"column":19}}],"line":394},"30":{"loc":{"start":{"line":470,"column":4},"end":{"line":475,"column":5}},"type":"if","locations":[{"start":{"line":470,"column":4},"end":{"line":475,"column":5}},{"start":{},"end":{}}],"line":470},"31":{"loc":{"start":{"line":478,"column":4},"end":{"line":483,"column":5}},"type":"if","locations":[{"start":{"line":478,"column":4},"end":{"line":483,"column":5}},{"start":{},"end":{}}],"line":478},"32":{"loc":{"start":{"line":478,"column":8},"end":{"line":478,"column":41}},"type":"binary-expr","locations":[{"start":{"line":478,"column":8},"end":{"line":478,"column":27}},{"start":{"line":478,"column":31},"end":{"line":478,"column":41}}],"line":478},"33":{"loc":{"start":{"line":486,"column":4},"end":{"line":528,"column":5}},"type":"if","locations":[{"start":{"line":486,"column":4},"end":{"line":528,"column":5}},{"start":{},"end":{}}],"line":486},"34":{"loc":{"start":{"line":487,"column":6},"end":{"line":492,"column":7}},"type":"if","locations":[{"start":{"line":487,"column":6},"end":{"line":492,"column":7}},{"start":{},"end":{}}],"line":487},"35":{"loc":{"start":{"line":500,"column":6},"end":{"line":505,"column":7}},"type":"if","locations":[{"start":{"line":500,"column":6},"end":{"line":505,"column":7}},{"start":{},"end":{}}],"line":500},"36":{"loc":{"start":{"line":512,"column":6},"end":{"line":517,"column":7}},"type":"if","locations":[{"start":{"line":512,"column":6},"end":{"line":517,"column":7}},{"start":{},"end":{}}],"line":512},"37":{"loc":{"start":{"line":531,"column":4},"end":{"line":536,"column":5}},"type":"if","locations":[{"start":{"line":531,"column":4},"end":{"line":536,"column":5}},{"start":{},"end":{}}],"line":531},"38":{"loc":{"start":{"line":531,"column":8},"end":{"line":531,"column":59}},"type":"binary-expr","locations":[{"start":{"line":531,"column":8},"end":{"line":531,"column":36}},{"start":{"line":531,"column":40},"end":{"line":531,"column":59}}],"line":531},"39":{"loc":{"start":{"line":572,"column":4},"end":{"line":577,"column":5}},"type":"if","locations":[{"start":{"line":572,"column":4},"end":{"line":577,"column":5}},{"start":{},"end":{}}],"line":572},"40":{"loc":{"start":{"line":572,"column":8},"end":{"line":572,"column":59}},"type":"binary-expr","locations":[{"start":{"line":572,"column":8},"end":{"line":572,"column":36}},{"start":{"line":572,"column":40},"end":{"line":572,"column":59}}],"line":572},"41":{"loc":{"start":{"line":585,"column":4},"end":{"line":590,"column":5}},"type":"if","locations":[{"start":{"line":585,"column":4},"end":{"line":590,"column":5}},{"start":{},"end":{}}],"line":585},"42":{"loc":{"start":{"line":593,"column":4},"end":{"line":598,"column":5}},"type":"if","locations":[{"start":{"line":593,"column":4},"end":{"line":598,"column":5}},{"start":{},"end":{}}],"line":593},"43":{"loc":{"start":{"line":633,"column":4},"end":{"line":638,"column":5}},"type":"if","locations":[{"start":{"line":633,"column":4},"end":{"line":638,"column":5}},{"start":{},"end":{}}],"line":633},"44":{"loc":{"start":{"line":640,"column":4},"end":{"line":645,"column":5}},"type":"if","locations":[{"start":{"line":640,"column":4},"end":{"line":645,"column":5}},{"start":{},"end":{}}],"line":640},"45":{"loc":{"start":{"line":640,"column":8},"end":{"line":640,"column":29}},"type":"binary-expr","locations":[{"start":{"line":640,"column":8},"end":{"line":640,"column":10}},{"start":{"line":640,"column":14},"end":{"line":640,"column":29}}],"line":640},"46":{"loc":{"start":{"line":667,"column":10},"end":{"line":667,"column":55}},"type":"cond-expr","locations":[{"start":{"line":667,"column":27},"end":{"line":667,"column":50}},{"start":{"line":667,"column":53},"end":{"line":667,"column":55}}],"line":667},"47":{"loc":{"start":{"line":670,"column":6},"end":{"line":672,"column":69}},"type":"cond-expr","locations":[{"start":{"line":671,"column":10},"end":{"line":671,"column":91}},{"start":{"line":672,"column":10},"end":{"line":672,"column":69}}],"line":670}},"s":{"0":0,"1":0,"2":0,"3":0,"4":0,"5":0,"6":0,"7":0,"8":0,"9":0,"10":0,"11":0,"12":0,"13":0,"14":0,"15":0,"16":0,"17":0,"18":0,"19":0,"20":0,"21":0,"22":0,"23":0,"24":0,"25":0,"26":0,"27":0,"28":0,"29":0,"30":0,"31":0,"32":0,"33":0,"34":0,"35":0,"36":0,"37":0,"38":0,"39":0,"40":0,"41":0,"42":0,"43":0,"44":0,"45":0,"46":0,"47":0,"48":0,"49":0,"50":0,"51":0,"52":0,"53":0,"54":0,"55":0,"56":0,"57":0,"58":0,"59":0,"60":0,"61":0,"62":0,"63":0,"64":0,"65":0,"66":0,"67":0,"68":0,"69":0,"70":0,"71":0,"72":0,"73":0,"74":0,"75":0,"76":0,"77":0,"78":0,"79":0,"80":0,"81":0,"82":0,"83":0,"84":0,"85":0,"86":0,"87":0,"88":0,"89":0,"90":0,"91":0,"92":0,"93":0,"94":0,"95":0,"96":0,"97":0,"98":0,"99":0,"100":0,"101":0,"102":0,"103":0,"104":0,"105":0,"106":0,"107":0,"108":0,"109":0,"110":0,"111":0,"112":0,"113":0,"114":0,"115":0,"116":0,"117":0,"118":0,"119":0,"120":0,"121":0,"122":0,"123":0,"124":0,"125":0,"126":0,"127":0,"128":0,"129":0,"130":0,"131":0,"132":0,"133":0,"134":0,"135":0,"136":0,"137":0,"138":0,"139":0,"140":0,"141":0,"142":0,"143":0,"144":0,"145":0,"146":0,"147":0,"148":0,"149":0,"150":0,"151":0,"152":0,"153":0,"154":0,"155":0,"156":0,"157":0,"158":0,"159":0},"f":{"0":0,"1":0,"2":0,"3":0,"4":0,"5":0,"6":0},"b":{"0":[0,0],"1":[0,0],"2":[0,0],"3":[0,0],"4":[0,0],"5":[0,0],"6":[0,0],"7":[0,0],"8":[0,0],"9":[0,0],"10":[0,0],"11":[0,0],"12":[0,0,0,0,0,0,0,0],"13":[0,0],"14":[0,0],"15":[0,0],"16":[0,0],"17":[0,0],"18":[0,0],"19":[0,0],"20":[0,0],"21":[0,0],"22":[0,0],"23":[0,0],"24":[0,0],"25":[0,0],"26":[0,0],"27":[0,0],"28":[0,0],"29":[0,0],"30":[0,0],"31":[0,0],"32":[0,0],"33":[0,0],"34":[0,0],"35":[0,0],"36":[0,0],"37":[0,0],"38":[0,0],"39":[0,0],"40":[0,0],"41":[0,0],"42":[0,0],"43":[0,0],"44":[0,0],"45":[0,0],"46":[0,0],"47":[0,0]}}
,"C:\\Users\\danie\\OneDrive\\Documentos\\Daniel\\proyeto II\\DSVPayroll\\backend-nomina\\src\\modules\\employees\\employees.helpers.js": {"path":"C:\\Users\\danie\\OneDrive\\Documentos\\Daniel\\proyeto II\\DSVPayroll\\backend-nomina\\src\\modules\\employees\\employees.helpers.js","statementMap":{"0":{"start":{"line":1,"column":17},"end":{"line":1,"column":52}},"1":{"start":{"line":5,"column":4},"end":{"line":5,"column":36}},"2":{"start":{"line":8,"column":29},"end":{"line":28,"column":1}},"3":{"start":{"line":9,"column":22},"end":{"line":9,"column":41}},"4":{"start":{"line":11,"column":2},"end":{"line":11,"column":32}},"5":{"start":{"line":11,"column":20},"end":{"line":11,"column":32}},"6":{"start":{"line":13,"column":26},"end":{"line":16,"column":3}},"7":{"start":{"line":18,"column":2},"end":{"line":20,"column":3}},"8":{"start":{"line":19,"column":4},"end":{"line":19,"column":37}},"9":{"start":{"line":22,"column":19},"end":{"line":25,"column":3}},"10":{"start":{"line":27,"column":2},"end":{"line":27,"column":25}},"11":{"start":{"line":31,"column":23},"end":{"line":31,"column":57}},"12":{"start":{"line":31,"column":33},"end":{"line":31,"column":57}},"13":{"start":{"line":34,"column":36},"end":{"line":44,"column":1}},"14":{"start":{"line":35,"column":2},"end":{"line":41,"column":3}},"15":{"start":{"line":36,"column":4},"end":{"line":40,"column":6}},"16":{"start":{"line":43,"column":2},"end":{"line":43,"column":27}},"17":{"start":{"line":47,"column":24},"end":{"line":56,"column":1}},"18":{"start":{"line":48,"column":15},"end":{"line":48,"column":65}},"19":{"start":{"line":49,"column":16},"end":{"line":49,"column":68}},"20":{"start":{"line":51,"column":2},"end":{"line":55,"column":4}},"21":{"start":{"line":58,"column":0},"end":{"line":63,"column":2}}},"fnMap":{"0":{"name":"(anonymous_0)","decl":{"start":{"line":8,"column":29},"end":{"line":8,"column":30}},"loc":{"start":{"line":8,"column":71},"end":{"line":28,"column":1}},"line":8},"1":{"name":"(anonymous_1)","decl":{"start":{"line":31,"column":23},"end":{"line":31,"column":24}},"loc":{"start":{"line":31,"column":33},"end":{"line":31,"column":57}},"line":31},"2":{"name":"(anonymous_2)","decl":{"start":{"line":34,"column":36},"end":{"line":34,"column":37}},"loc":{"start":{"line":34,"column":46},"end":{"line":44,"column":1}},"line":34},"3":{"name":"(anonymous_3)","decl":{"start":{"line":47,"column":24},"end":{"line":47,"column":25}},"loc":{"start":{"line":47,"column":35},"end":{"line":56,"column":1}},"line":47}},"branchMap":{"0":{"loc":{"start":{"line":8,"column":49},"end":{"line":8,"column":66}},"type":"default-arg","locations":[{"start":{"line":8,"column":62},"end":{"line":8,"column":66}}],"line":8},"1":{"loc":{"start":{"line":11,"column":2},"end":{"line":11,"column":32}},"type":"if","locations":[{"start":{"line":11,"column":2},"end":{"line":11,"column":32}},{"start":{},"end":{}}],"line":11},"2":{"loc":{"start":{"line":18,"column":2},"end":{"line":20,"column":3}},"type":"if","locations":[{"start":{"line":18,"column":2},"end":{"line":20,"column":3}},{"start":{},"end":{}}],"line":18},"3":{"loc":{"start":{"line":35,"column":2},"end":{"line":41,"column":3}},"type":"if","locations":[{"start":{"line":35,"column":2},"end":{"line":41,"column":3}},{"start":{},"end":{}}],"line":35},"4":{"loc":{"start":{"line":35,"column":6},"end":{"line":35,"column":48}},"type":"binary-expr","locations":[{"start":{"line":35,"column":6},"end":{"line":35,"column":26}},{"start":{"line":35,"column":30},"end":{"line":35,"column":48}}],"line":35},"5":{"loc":{"start":{"line":48,"column":15},"end":{"line":48,"column":65}},"type":"binary-expr","locations":[{"start":{"line":48,"column":15},"end":{"line":48,"column":39}},{"start":{"line":48,"column":43},"end":{"line":48,"column":65}}],"line":48},"6":{"loc":{"start":{"line":49,"column":16},"end":{"line":49,"column":68}},"type":"binary-expr","locations":[{"start":{"line":49,"column":16},"end":{"line":49,"column":41}},{"start":{"line":49,"column":45},"end":{"line":49,"column":68}}],"line":49}},"s":{"0":0,"1":0,"2":0,"3":0,"4":0,"5":0,"6":0,"7":0,"8":0,"9":0,"10":0,"11":0,"12":0,"13":0,"14":0,"15":0,"16":0,"17":0,"18":0,"19":0,"20":0,"21":0},"f":{"0":0,"1":0,"2":0,"3":0},"b":{"0":[0],"1":[0,0],"2":[0,0],"3":[0,0],"4":[0,0],"5":[0,0],"6":[0,0]}}
,"C:\\Users\\danie\\OneDrive\\Documentos\\Daniel\\proyeto II\\DSVPayroll\\backend-nomina\\src\\modules\\employees\\employees.routes.js": {"path":"C:\\Users\\danie\\OneDrive\\Documentos\\Daniel\\proyeto II\\DSVPayroll\\backend-nomina\\src\\modules\\employees\\employees.routes.js","statementMap":{"0":{"start":{"line":1,"column":16},"end":{"line":1,"column":34}},"1":{"start":{"line":2,"column":15},"end":{"line":2,"column":31}},"2":{"start":{"line":12,"column":4},"end":{"line":12,"column":37}},"3":{"start":{"line":17,"column":4},"end":{"line":17,"column":46}},"4":{"start":{"line":20,"column":0},"end":{"line":20,"column":24}},"5":{"start":{"line":23,"column":0},"end":{"line":23,"column":33}},"6":{"start":{"line":24,"column":0},"end":{"line":24,"column":39}},"7":{"start":{"line":25,"column":0},"end":{"line":25,"column":36}},"8":{"start":{"line":28,"column":0},"end":{"line":28,"column":52}},"9":{"start":{"line":29,"column":0},"end":{"line":29,"column":54}},"10":{"start":{"line":30,"column":0},"end":{"line":30,"column":69}},"11":{"start":{"line":31,"column":0},"end":{"line":31,"column":57}},"12":{"start":{"line":33,"column":0},"end":{"line":33,"column":24}}},"fnMap":{},"branchMap":{},"s":{"0":0,"1":0,"2":0,"3":0,"4":0,"5":0,"6":0,"7":0,"8":0,"9":0,"10":0,"11":0,"12":0},"f":{},"b":{}}
,"C:\\Users\\danie\\OneDrive\\Documentos\\Daniel\\proyeto II\\DSVPayroll\\backend-nomina\\src\\modules\\payroll\\payroll-pdf.service.js": {"path":"C:\\Users\\danie\\OneDrive\\Documentos\\Daniel\\proyeto II\\DSVPayroll\\backend-nomina\\src\\modules\\payroll\\payroll-pdf.service.js","statementMap":{"0":{"start":{"line":1,"column":18},"end":{"line":1,"column":38}},"1":{"start":{"line":2,"column":36},"end":{"line":2,"column":69}},"2":{"start":{"line":4,"column":33},"end":{"line":35,"column":1}},"3":{"start":{"line":7,"column":2},"end":{"line":34,"column":3}},"4":{"start":{"line":8,"column":17},"end":{"line":8,"column":79}},"5":{"start":{"line":10,"column":4},"end":{"line":12,"column":7}},"6":{"start":{"line":14,"column":17},"end":{"line":14,"column":40}},"7":{"start":{"line":16,"column":4},"end":{"line":18,"column":7}},"8":{"start":{"line":20,"column":4},"end":{"line":29,"column":7}},"9":{"start":{"line":31,"column":4},"end":{"line":33,"column":5}},"10":{"start":{"line":32,"column":6},"end":{"line":32,"column":28}},"11":{"start":{"line":37,"column":0},"end":{"line":39,"column":2}}},"fnMap":{"0":{"name":"(anonymous_0)","decl":{"start":{"line":4,"column":33},"end":{"line":4,"column":34}},"loc":{"start":{"line":4,"column":82},"end":{"line":35,"column":1}},"line":4}},"branchMap":{"0":{"loc":{"start":{"line":31,"column":4},"end":{"line":33,"column":5}},"type":"if","locations":[{"start":{"line":31,"column":4},"end":{"line":33,"column":5}},{"start":{},"end":{}}],"line":31}},"s":{"0":0,"1":0,"2":0,"3":0,"4":0,"5":0,"6":0,"7":0,"8":0,"9":0,"10":0,"11":0},"f":{"0":0},"b":{"0":[0,0]}}
,"C:\\Users\\danie\\OneDrive\\Documentos\\Daniel\\proyeto II\\DSVPayroll\\backend-nomina\\src\\modules\\payroll\\payroll-pdf.template.js": {"path":"C:\\Users\\danie\\OneDrive\\Documentos\\Daniel\\proyeto II\\DSVPayroll\\backend-nomina\\src\\modules\\payroll\\payroll-pdf.template.js","statementMap":{"0":{"start":{"line":1,"column":23},"end":{"line":8,"column":1}},"1":{"start":{"line":2,"column":2},"end":{"line":7,"column":32}},"2":{"start":{"line":10,"column":23},"end":{"line":34,"column":1}},"3":{"start":{"line":11,"column":28},"end":{"line":11,"column":70}},"4":{"start":{"line":13,"column":2},"end":{"line":22,"column":3}},"5":{"start":{"line":21,"column":4},"end":{"line":21,"column":23}},"6":{"start":{"line":24,"column":2},"end":{"line":31,"column":3}},"7":{"start":{"line":30,"column":4},"end":{"line":30,"column":21}},"8":{"start":{"line":33,"column":2},"end":{"line":33,"column":21}},"9":{"start":{"line":36,"column":32},"end":{"line":364,"column":1}},"10":{"start":{"line":37,"column":33},"end":{"line":40,"column":5}},"11":{"start":{"line":37,"column":59},"end":{"line":40,"column":3}},"12":{"start":{"line":42,"column":25},"end":{"line":60,"column":3}},"13":{"start":{"line":43,"column":4},"end":{"line":59,"column":5}},"14":{"start":{"line":44,"column":27},"end":{"line":52,"column":5}},"15":{"start":{"line":62,"column":24},"end":{"line":62,"column":94}},"16":{"start":{"line":62,"column":64},"end":{"line":62,"column":93}},"17":{"start":{"line":63,"column":22},"end":{"line":63,"column":90}},"18":{"start":{"line":63,"column":62},"end":{"line":63,"column":89}},"19":{"start":{"line":64,"column":24},"end":{"line":64,"column":94}},"20":{"start":{"line":64,"column":64},"end":{"line":64,"column":93}},"21":{"start":{"line":66,"column":25},"end":{"line":66,"column":112}},"22":{"start":{"line":67,"column":24},"end":{"line":67,"column":107}},"23":{"start":{"line":68,"column":26},"end":{"line":68,"column":102}},"24":{"start":{"line":70,"column":23},"end":{"line":84,"column":5}},"25":{"start":{"line":71,"column":33},"end":{"line":77,"column":5}},"26":{"start":{"line":86,"column":2},"end":{"line":363,"column":4}},"27":{"start":{"line":366,"column":0},"end":{"line":368,"column":2}}},"fnMap":{"0":{"name":"(anonymous_0)","decl":{"start":{"line":1,"column":23},"end":{"line":1,"column":24}},"loc":{"start":{"line":1,"column":34},"end":{"line":8,"column":1}},"line":1},"1":{"name":"(anonymous_1)","decl":{"start":{"line":10,"column":23},"end":{"line":10,"column":24}},"loc":{"start":{"line":10,"column":36},"end":{"line":34,"column":1}},"line":10},"2":{"name":"(anonymous_2)","decl":{"start":{"line":36,"column":32},"end":{"line":36,"column":33}},"loc":{"start":{"line":36,"column":75},"end":{"line":364,"column":1}},"line":36},"3":{"name":"(anonymous_3)","decl":{"start":{"line":37,"column":48},"end":{"line":37,"column":49}},"loc":{"start":{"line":37,"column":59},"end":{"line":40,"column":3}},"line":37},"4":{"name":"(anonymous_4)","decl":{"start":{"line":42,"column":25},"end":{"line":42,"column":26}},"loc":{"start":{"line":43,"column":4},"end":{"line":59,"column":5}},"line":43},"5":{"name":"(anonymous_5)","decl":{"start":{"line":44,"column":17},"end":{"line":44,"column":18}},"loc":{"start":{"line":44,"column":27},"end":{"line":52,"column":5}},"line":44},"6":{"name":"(anonymous_6)","decl":{"start":{"line":62,"column":54},"end":{"line":62,"column":55}},"loc":{"start":{"line":62,"column":64},"end":{"line":62,"column":93}},"line":62},"7":{"name":"(anonymous_7)","decl":{"start":{"line":63,"column":52},"end":{"line":63,"column":53}},"loc":{"start":{"line":63,"column":62},"end":{"line":63,"column":89}},"line":63},"8":{"name":"(anonymous_8)","decl":{"start":{"line":64,"column":54},"end":{"line":64,"column":55}},"loc":{"start":{"line":64,"column":64},"end":{"line":64,"column":93}},"line":64},"9":{"name":"(anonymous_9)","decl":{"start":{"line":71,"column":23},"end":{"line":71,"column":24}},"loc":{"start":{"line":71,"column":33},"end":{"line":77,"column":5}},"line":71}},"branchMap":{"0":{"loc":{"start":{"line":7,"column":12},"end":{"line":7,"column":30}},"type":"binary-expr","locations":[{"start":{"line":7,"column":12},"end":{"line":7,"column":25}},{"start":{"line":7,"column":29},"end":{"line":7,"column":30}}],"line":7},"1":{"loc":{"start":{"line":11,"column":35},"end":{"line":11,"column":48}},"type":"binary-expr","locations":[{"start":{"line":11,"column":35},"end":{"line":11,"column":42}},{"start":{"line":11,"column":46},"end":{"line":11,"column":48}}],"line":11},"2":{"loc":{"start":{"line":13,"column":2},"end":{"line":22,"column":3}},"type":"if","locations":[{"start":{"line":13,"column":2},"end":{"line":22,"column":3}},{"start":{},"end":{}}],"line":13},"3":{"loc":{"start":{"line":14,"column":4},"end":{"line":19,"column":48}},"type":"binary-expr","locations":[{"start":{"line":14,"column":4},"end":{"line":14,"column":43}},{"start":{"line":15,"column":4},"end":{"line":15,"column":39}},{"start":{"line":16,"column":4},"end":{"line":16,"column":41}},{"start":{"line":17,"column":4},"end":{"line":17,"column":52}},{"start":{"line":18,"column":4},"end":{"line":18,"column":49}},{"start":{"line":19,"column":4},"end":{"line":19,"column":48}}],"line":14},"4":{"loc":{"start":{"line":24,"column":2},"end":{"line":31,"column":3}},"type":"if","locations":[{"start":{"line":24,"column":2},"end":{"line":31,"column":3}},{"start":{},"end":{}}],"line":24},"5":{"loc":{"start":{"line":25,"column":4},"end":{"line":28,"column":41}},"type":"binary-expr","locations":[{"start":{"line":25,"column":4},"end":{"line":25,"column":44}},{"start":{"line":26,"column":4},"end":{"line":26,"column":42}},{"start":{"line":27,"column":4},"end":{"line":27,"column":45}},{"start":{"line":28,"column":4},"end":{"line":28,"column":41}}],"line":25},"6":{"loc":{"start":{"line":43,"column":4},"end":{"line":59,"column":5}},"type":"cond-expr","locations":[{"start":{"line":44,"column":8},"end":{"line":52,"column":15}},{"start":{"line":53,"column":8},"end":{"line":59,"column":5}}],"line":43},"7":{"loc":{"start":{"line":70,"column":23},"end":{"line":84,"column":5}},"type":"cond-expr","locations":[{"start":{"line":71,"column":6},"end":{"line":77,"column":15}},{"start":{"line":78,"column":6},"end":{"line":84,"column":5}}],"line":70}},"s":{"0":0,"1":0,"2":0,"3":0,"4":0,"5":0,"6":0,"7":0,"8":0,"9":0,"10":0,"11":0,"12":0,"13":0,"14":0,"15":0,"16":0,"17":0,"18":0,"19":0,"20":0,"21":0,"22":0,"23":0,"24":0,"25":0,"26":0,"27":0},"f":{"0":0,"1":0,"2":0,"3":0,"4":0,"5":0,"6":0,"7":0,"8":0,"9":0},"b":{"0":[0,0],"1":[0,0],"2":[0,0],"3":[0,0,0,0,0,0],"4":[0,0],"5":[0,0,0,0],"6":[0,0],"7":[0,0]}}
,"C:\\Users\\danie\\OneDrive\\Documentos\\Daniel\\proyeto II\\DSVPayroll\\backend-nomina\\src\\modules\\payroll\\payroll.constants.js": {"path":"C:\\Users\\danie\\OneDrive\\Documentos\\Daniel\\proyeto II\\DSVPayroll\\backend-nomina\\src\\modules\\payroll\\payroll.constants.js","statementMap":{"0":{"start":{"line":1,"column":28},"end":{"line":1,"column":61}},"1":{"start":{"line":2,"column":29},"end":{"line":7,"column":2}},"2":{"start":{"line":8,"column":24},"end":{"line":8,"column":34}},"3":{"start":{"line":9,"column":19},"end":{"line":9,"column":38}},"4":{"start":{"line":10,"column":28},"end":{"line":10,"column":34}},"5":{"start":{"line":12,"column":0},"end":{"line":18,"column":2}}},"fnMap":{},"branchMap":{},"s":{"0":0,"1":0,"2":0,"3":0,"4":0,"5":0},"f":{},"b":{}}
,"C:\\Users\\danie\\OneDrive\\Documentos\\Daniel\\proyeto II\\DSVPayroll\\backend-nomina\\src\\modules\\payroll\\payroll.controller.js": {"path":"C:\\Users\\danie\\OneDrive\\Documentos\\Daniel\\proyeto II\\DSVPayroll\\backend-nomina\\src\\modules\\payroll\\payroll.controller.js","statementMap":{"0":{"start":{"line":1,"column":17},"end":{"line":1,"column":49}},"1":{"start":{"line":2,"column":37},"end":{"line":2,"column":69}},"2":{"start":{"line":3,"column":54},"end":{"line":3,"column":84}},"3":{"start":{"line":7,"column":4},"end":{"line":7,"column":32}},"4":{"start":{"line":9,"column":29},"end":{"line":12,"column":1}},"5":{"start":{"line":10,"column":17},"end":{"line":10,"column":30}},"6":{"start":{"line":11,"column":2},"end":{"line":11,"column":53}},"7":{"start":{"line":14,"column":32},"end":{"line":35,"column":1}},"8":{"start":{"line":15,"column":25},"end":{"line":15,"column":70}},"9":{"start":{"line":17,"column":2},"end":{"line":34,"column":4}},"10":{"start":{"line":37,"column":29},"end":{"line":40,"column":1}},"11":{"start":{"line":38,"column":17},"end":{"line":38,"column":68}},"12":{"start":{"line":39,"column":2},"end":{"line":39,"column":53}},"13":{"start":{"line":42,"column":28},"end":{"line":52,"column":1}},"14":{"start":{"line":43,"column":16},"end":{"line":43,"column":35}},"15":{"start":{"line":44,"column":14},"end":{"line":44,"column":31}},"16":{"start":{"line":46,"column":2},"end":{"line":48,"column":3}},"17":{"start":{"line":47,"column":4},"end":{"line":47,"column":13}},"18":{"start":{"line":50,"column":17},"end":{"line":50,"column":48}},"19":{"start":{"line":51,"column":2},"end":{"line":51,"column":56}},"20":{"start":{"line":54,"column":36},"end":{"line":59,"column":2}},"21":{"start":{"line":54,"column":49},"end":{"line":59,"column":1}},"22":{"start":{"line":61,"column":32},"end":{"line":103,"column":1}},"23":{"start":{"line":62,"column":17},"end":{"line":81,"column":3}},"24":{"start":{"line":83,"column":2},"end":{"line":100,"column":3}},"25":{"start":{"line":84,"column":4},"end":{"line":99,"column":6}},"26":{"start":{"line":102,"column":2},"end":{"line":102,"column":17}},"27":{"start":{"line":105,"column":29},"end":{"line":120,"column":1}},"28":{"start":{"line":106,"column":2},"end":{"line":119,"column":3}},"29":{"start":{"line":107,"column":16},"end":{"line":107,"column":51}},"30":{"start":{"line":109,"column":4},"end":{"line":112,"column":7}},"31":{"start":{"line":114,"column":4},"end":{"line":114,"column":75}},"32":{"start":{"line":115,"column":4},"end":{"line":118,"column":7}},"33":{"start":{"line":122,"column":32},"end":{"line":304,"column":1}},"34":{"start":{"line":123,"column":2},"end":{"line":303,"column":3}},"35":{"start":{"line":124,"column":20},"end":{"line":124,"column":34}},"36":{"start":{"line":125,"column":27},"end":{"line":125,"column":74}},"37":{"start":{"line":126,"column":31},"end":{"line":126,"column":82}},"38":{"start":{"line":128,"column":4},"end":{"line":133,"column":5}},"39":{"start":{"line":129,"column":6},"end":{"line":132,"column":9}},"40":{"start":{"line":135,"column":4},"end":{"line":140,"column":5}},"41":{"start":{"line":136,"column":6},"end":{"line":139,"column":9}},"42":{"start":{"line":142,"column":19},"end":{"line":154,"column":5}},"43":{"start":{"line":156,"column":29},"end":{"line":166,"column":5}},"44":{"start":{"line":168,"column":25},"end":{"line":168,"column":72}},"45":{"start":{"line":168,"column":62},"end":{"line":168,"column":71}},"46":{"start":{"line":169,"column":4},"end":{"line":174,"column":5}},"47":{"start":{"line":170,"column":6},"end":{"line":173,"column":9}},"48":{"start":{"line":176,"column":27},"end":{"line":181,"column":5}},"49":{"start":{"line":183,"column":22},"end":{"line":183,"column":59}},"50":{"start":{"line":185,"column":4},"end":{"line":250,"column":5}},"51":{"start":{"line":186,"column":29},"end":{"line":215,"column":7}},"52":{"start":{"line":217,"column":6},"end":{"line":217,"column":42}},"53":{"start":{"line":219,"column":6},"end":{"line":249,"column":8}},"54":{"start":{"line":252,"column":32},"end":{"line":252,"column":67}},"55":{"start":{"line":253,"column":4},"end":{"line":268,"column":6}},"56":{"start":{"line":270,"column":24},"end":{"line":290,"column":5}},"57":{"start":{"line":292,"column":4},"end":{"line":296,"column":7}},"58":{"start":{"line":298,"column":4},"end":{"line":298,"column":77}},"59":{"start":{"line":299,"column":4},"end":{"line":302,"column":7}},"60":{"start":{"line":306,"column":22},"end":{"line":587,"column":1}},"61":{"start":{"line":307,"column":21},"end":{"line":307,"column":47}},"62":{"start":{"line":309,"column":2},"end":{"line":586,"column":3}},"63":{"start":{"line":316,"column":8},"end":{"line":316,"column":16}},"64":{"start":{"line":318,"column":4},"end":{"line":323,"column":5}},"65":{"start":{"line":319,"column":6},"end":{"line":322,"column":9}},"66":{"start":{"line":325,"column":22},"end":{"line":325,"column":44}},"67":{"start":{"line":326,"column":20},"end":{"line":326,"column":41}},"68":{"start":{"line":328,"column":4},"end":{"line":333,"column":5}},"69":{"start":{"line":329,"column":6},"end":{"line":332,"column":9}},"70":{"start":{"line":335,"column":4},"end":{"line":340,"column":5}},"71":{"start":{"line":336,"column":6},"end":{"line":339,"column":9}},"72":{"start":{"line":342,"column":4},"end":{"line":347,"column":5}},"73":{"start":{"line":343,"column":6},"end":{"line":346,"column":9}},"74":{"start":{"line":349,"column":4},"end":{"line":354,"column":5}},"75":{"start":{"line":350,"column":6},"end":{"line":353,"column":9}},"76":{"start":{"line":356,"column":31},"end":{"line":359,"column":6}},"77":{"start":{"line":357,"column":20},"end":{"line":357,"column":39}},"78":{"start":{"line":358,"column":6},"end":{"line":358,"column":104}},"79":{"start":{"line":361,"column":4},"end":{"line":366,"column":5}},"80":{"start":{"line":362,"column":6},"end":{"line":365,"column":9}},"81":{"start":{"line":368,"column":24},"end":{"line":368,"column":33}},"82":{"start":{"line":369,"column":23},"end":{"line":369,"column":69}},"83":{"start":{"line":371,"column":4},"end":{"line":376,"column":5}},"84":{"start":{"line":372,"column":6},"end":{"line":375,"column":9}},"85":{"start":{"line":378,"column":26},"end":{"line":378,"column":67}},"86":{"start":{"line":379,"column":32},"end":{"line":384,"column":6}},"87":{"start":{"line":386,"column":27},"end":{"line":392,"column":5}},"88":{"start":{"line":394,"column":4},"end":{"line":399,"column":5}},"89":{"start":{"line":395,"column":6},"end":{"line":398,"column":9}},"90":{"start":{"line":401,"column":24},"end":{"line":401,"column":59}},"91":{"start":{"line":403,"column":4},"end":{"line":408,"column":5}},"92":{"start":{"line":404,"column":6},"end":{"line":407,"column":9}},"93":{"start":{"line":410,"column":37},"end":{"line":410,"column":109}},"94":{"start":{"line":411,"column":21},"end":{"line":411,"column":37}},"95":{"start":{"line":412,"column":26},"end":{"line":412,"column":64}},"96":{"start":{"line":414,"column":25},"end":{"line":432,"column":10}},"97":{"start":{"line":417,"column":24},"end":{"line":417,"column":47}},"98":{"start":{"line":418,"column":36},"end":{"line":418,"column":96}},"99":{"start":{"line":419,"column":33},"end":{"line":419,"column":101}},"100":{"start":{"line":420,"column":29},"end":{"line":420,"column":72}},"101":{"start":{"line":422,"column":10},"end":{"line":429,"column":12}},"102":{"start":{"line":431,"column":26},"end":{"line":431,"column":40}},"103":{"start":{"line":434,"column":28},"end":{"line":434,"column":81}},"104":{"start":{"line":434,"column":62},"end":{"line":434,"column":77}},"105":{"start":{"line":435,"column":28},"end":{"line":435,"column":87}},"106":{"start":{"line":435,"column":62},"end":{"line":435,"column":83}},"107":{"start":{"line":436,"column":30},"end":{"line":436,"column":72}},"108":{"start":{"line":437,"column":31},"end":{"line":437,"column":89}},"109":{"start":{"line":438,"column":36},"end":{"line":438,"column":71}},"110":{"start":{"line":439,"column":26},"end":{"line":439,"column":138}},"111":{"start":{"line":440,"column":28},"end":{"line":440,"column":142}},"112":{"start":{"line":441,"column":25},"end":{"line":441,"column":138}},"113":{"start":{"line":442,"column":27},"end":{"line":442,"column":141}},"114":{"start":{"line":443,"column":23},"end":{"line":443,"column":136}},"115":{"start":{"line":444,"column":26},"end":{"line":444,"column":103}},"116":{"start":{"line":445,"column":28},"end":{"line":445,"column":80}},"117":{"start":{"line":449,"column":29},"end":{"line":454,"column":6}},"118":{"start":{"line":456,"column":22},"end":{"line":456,"column":54}},"119":{"start":{"line":457,"column":27},"end":{"line":460,"column":5}},"120":{"start":{"line":461,"column":27},"end":{"line":461,"column":106}},"121":{"start":{"line":462,"column":29},"end":{"line":462,"column":112}},"122":{"start":{"line":464,"column":4},"end":{"line":469,"column":5}},"123":{"start":{"line":465,"column":6},"end":{"line":468,"column":9}},"124":{"start":{"line":471,"column":4},"end":{"line":471,"column":40}},"125":{"start":{"line":474,"column":34},"end":{"line":483,"column":5}},"126":{"start":{"line":485,"column":4},"end":{"line":491,"column":5}},"127":{"start":{"line":486,"column":6},"end":{"line":486,"column":34}},"128":{"start":{"line":487,"column":6},"end":{"line":490,"column":9}},"129":{"start":{"line":493,"column":28},"end":{"line":497,"column":5}},"130":{"start":{"line":499,"column":21},"end":{"line":499,"column":43}},"131":{"start":{"line":500,"column":28},"end":{"line":500,"column":118}},"132":{"start":{"line":500,"column":54},"end":{"line":500,"column":117}},"133":{"start":{"line":501,"column":29},"end":{"line":510,"column":44}},"134":{"start":{"line":510,"column":23},"end":{"line":510,"column":43}},"135":{"start":{"line":511,"column":30},"end":{"line":511,"column":80}},"136":{"start":{"line":512,"column":29},"end":{"line":512,"column":72}},"137":{"start":{"line":514,"column":4},"end":{"line":519,"column":5}},"138":{"start":{"line":515,"column":6},"end":{"line":518,"column":8}},"139":{"start":{"line":521,"column":4},"end":{"line":538,"column":5}},"140":{"start":{"line":522,"column":33},"end":{"line":530,"column":8}},"141
[...]
":3}},"38":{"start":{"line":107,"column":4},"end":{"line":107,"column":69}},"39":{"start":{"line":110,"column":2},"end":{"line":110,"column":40}},"40":{"start":{"line":118,"column":37},"end":{"line":130,"column":1}},"41":{"start":{"line":119,"column":2},"end":{"line":121,"column":3}},"42":{"start":{"line":120,"column":4},"end":{"line":120,"column":75}},"43":{"start":{"line":124,"column":18},"end":{"line":124,"column":30}},"44":{"start":{"line":125,"column":2},"end":{"line":127,"column":3}},"45":{"start":{"line":126,"column":4},"end":{"line":126,"column":74}},"46":{"start":{"line":129,"column":2},"end":{"line":129,"column":40}},"47":{"start":{"line":139,"column":29},"end":{"line":159,"column":1}},"48":{"start":{"line":140,"column":2},"end":{"line":142,"column":3}},"49":{"start":{"line":141,"column":4},"end":{"line":141,"column":65}},"50":{"start":{"line":144,"column":14},"end":{"line":144,"column":31}},"51":{"start":{"line":146,"column":2},"end":{"line":148,"column":3}},"52":{"start":{"line":147,"column":4},"end":{"line":147,"column":66}},"53":{"start":{"line":150,"column":2},"end":{"line":152,"column":3}},"54":{"start":{"line":151,"column":4},"end":{"line":151,"column":71}},"55":{"start":{"line":154,"column":2},"end":{"line":156,"column":3}},"56":{"start":{"line":155,"column":4},"end":{"line":155,"column":71}},"57":{"start":{"line":158,"column":2},"end":{"line":158,"column":40}},"58":{"start":{"line":166,"column":21},"end":{"line":191,"column":1}},"59":{"start":{"line":167,"column":2},"end":{"line":169,"column":3}},"60":{"start":{"line":168,"column":4},"end":{"line":168,"column":56}},"61":{"start":{"line":171,"column":20},"end":{"line":171,"column":41}},"62":{"start":{"line":172,"column":2},"end":{"line":174,"column":3}},"63":{"start":{"line":173,"column":4},"end":{"line":173,"column":83}},"64":{"start":{"line":176,"column":18},"end":{"line":176,"column":32}},"65":{"start":{"line":177,"column":2},"end":{"line":179,"column":3}},"66":{"start":{"line":178,"column":4},"end":{"line":178,"column":55}},"67":{"start":{"line":181,"column":29},"end":{"line":181,"column":56}},"68":{"start":{"line":182,"column":2},"end":{"line":188,"column":3}},"69":{"start":{"line":187,"column":4},"end":{"line":187,"column":55}},"70":{"start":{"line":190,"column":2},"end":{"line":190,"column":40}},"71":{"start":{"line":199,"column":27},"end":{"line":219,"column":1}},"72":{"start":{"line":200,"column":25},"end":{"line":200,"column":48}},"73":{"start":{"line":201,"column":2},"end":{"line":203,"column":3}},"74":{"start":{"line":202,"column":4},"end":{"line":202,"column":26}},"75":{"start":{"line":205,"column":16},"end":{"line":205,"column":26}},"76":{"start":{"line":206,"column":16},"end":{"line":206,"column":35}},"77":{"start":{"line":207,"column":12},"end":{"line":207,"column":53}},"78":{"start":{"line":208,"column":20},"end":{"line":208,"column":55}},"79":{"start":{"line":210,"column":2},"end":{"line":212,"column":3}},"80":{"start":{"line":211,"column":4},"end":{"line":211,"column":10}},"81":{"start":{"line":214,"column":2},"end":{"line":216,"column":3}},"82":{"start":{"line":215,"column":4},"end":{"line":215,"column":75}},"83":{"start":{"line":218,"column":2},"end":{"line":218,"column":40}},"84":{"start":{"line":226,"column":25},"end":{"line":248,"column":1}},"85":{"start":{"line":227,"column":2},"end":{"line":229,"column":3}},"86":{"start":{"line":228,"column":4},"end":{"line":228,"column":59}},"87":{"start":{"line":231,"column":17},"end":{"line":231,"column":39}},"88":{"start":{"line":233,"column":2},"end":{"line":235,"column":3}},"89":{"start":{"line":234,"column":4},"end":{"line":234,"column":81}},"90":{"start":{"line":237,"column":2},"end":{"line":239,"column":3}},"91":{"start":{"line":238,"column":4},"end":{"line":238,"column":82}},"92":{"start":{"line":242,"column":24},"end":{"line":242,"column":43}},"93":{"start":{"line":243,"column":2},"end":{"line":245,"column":3}},"94":{"start":{"line":244,"column":4},"end":{"line":244,"column":110}},"95":{"start":{"line":247,"column":2},"end":{"line":247,"column":40}},"96":{"start":{"line":256,"column":27},"end":{"line":276,"column":1}},"97":{"start":{"line":257,"column":2},"end":{"line":259,"column":3}},"98":{"start":{"line":258,"column":4},"end":{"line":258,"column":58}},"99":{"start":{"line":261,"column":2},"end":{"line":263,"column":3}},"100":{"start":{"line":262,"column":4},"end":{"line":262,"column":61}},"101":{"start":{"line":266,"column":2},"end":{"line":268,"column":3}},"102":{"start":{"line":267,"column":4},"end":{"line":267,"column":57}},"103":{"start":{"line":271,"column":2},"end":{"line":273,"column":3}},"104":{"start":{"line":272,"column":4},"end":{"line":272,"column":60}},"105":{"start":{"line":275,"column":2},"end":{"line":275,"column":40}},"106":{"start":{"line":283,"column":27},"end":{"line":293,"column":1}},"107":{"start":{"line":284,"column":2},"end":{"line":286,"column":3}},"108":{"start":{"line":285,"column":4},"end":{"line":285,"column":56}},"109":{"start":{"line":288,"column":2},"end":{"line":290,"column":3}},"110":{"start":{"line":289,"column":4},"end":{"line":289,"column":55}},"111":{"start":{"line":292,"column":2},"end":{"line":292,"column":40}},"112":{"start":{"line":295,"column":0},"end":{"line":307,"column":2}}},"fnMap":{"0":{"name":"(anonymous_0)","decl":{"start":{"line":11,"column":21},"end":{"line":11,"column":22}},"loc":{"start":{"line":11,"column":33},"end":{"line":34,"column":1}},"line":11},"1":{"name":"(anonymous_1)","decl":{"start":{"line":41,"column":22},"end":{"line":41,"column":23}},"loc":{"start":{"line":41,"column":33},"end":{"line":58,"column":1}},"line":41},"2":{"name":"(anonymous_2)","decl":{"start":{"line":65,"column":25},"end":{"line":65,"column":26}},"loc":{"start":{"line":65,"column":39},"end":{"line":97,"column":1}},"line":65},"3":{"name":"(anonymous_3)","decl":{"start":{"line":105,"column":30},"end":{"line":105,"column":31}},"loc":{"start":{"line":105,"column":61},"end":{"line":111,"column":1}},"line":105},"4":{"name":"(anonymous_4)","decl":{"start":{"line":118,"column":37},"end":{"line":118,"column":38}},"loc":{"start":{"line":118,"column":49},"end":{"line":130,"column":1}},"line":118},"5":{"name":"(anonymous_5)","decl":{"start":{"line":139,"column":29},"end":{"line":139,"column":30}},"loc":{"start":{"line":139,"column":61},"end":{"line":159,"column":1}},"line":139},"6":{"name":"(anonymous_6)","decl":{"start":{"line":166,"column":21},"end":{"line":166,"column":22}},"loc":{"start":{"line":166,"column":31},"end":{"line":191,"column":1}},"line":166},"7":{"name":"(anonymous_7)","decl":{"start":{"line":199,"column":27},"end":{"line":199,"column":28}},"loc":{"start":{"line":199,"column":55},"end":{"line":219,"column":1}},"line":199},"8":{"name":"(anonymous_8)","decl":{"start":{"line":226,"column":25},"end":{"line":226,"column":26}},"loc":{"start":{"line":226,"column":39},"end":{"line":248,"column":1}},"line":226},"9":{"name":"(anonymous_9)","decl":{"start":{"line":256,"column":27},"end":{"line":256,"column":28}},"loc":{"start":{"line":256,"column":51},"end":{"line":276,"column":1}},"line":256},"10":{"name":"(anonymous_10)","decl":{"start":{"line":283,"column":27},"end":{"line":283,"column":28}},"loc":{"start":{"line":283,"column":38},"end":{"line":293,"column":1}},"line":283}},"branchMap":{"0":{"loc":{"start":{"line":12,"column":2},"end":{"line":14,"column":3}},"type":"if","locations":[{"start":{"line":12,"column":2},"end":{"line":14,"column":3}},{"start":{},"end":{}}],"line":12},"1":{"loc":{"start":{"line":12,"column":6},"end":{"line":12,"column":37}},"type":"binary-expr","locations":[{"start":{"line":12,"column":6},"end":{"line":12,"column":13}},{"start":{"line":12,"column":17},"end":{"line":12,"column":37}}],"line":12},"2":{"loc":{"start":{"line":19,"column":2},"end":{"line":21,"column":3}},"type":"if","locations":[{"start":{"line":19,"column":2},"end":{"line":21,"column":3}},{"start":{},"end":{}}],"line":19},"3":{"loc":{"start":{"line":23,"column":2},"end":{"line":25,"column":3}},"type":"if","locations":[{"start":{"line":23,"column":2},"end":{"line":25,"column":3}},{"start":{},"end":{}}],"line":23},"4":{"loc":{"start":{"line":29,"column":2},"end":{"line":31,"column":3}},"type":"if","locations":[{"start":{"line":29,"column":2},"end":{"line":31,"column":3}},{"start":{},"end":{}}],"line":29},"5":{"loc":{"start":{"line":42,"column":2},"end":{"line":44,"column":3}},"type":"if","locations":[{"start":{"line":42,"column":2},"end":{"line":44,"column":3}},{"start":{},"end":{}}],"line":42},"6":{"loc":{"start":{"line":42,"column":6},"end":{"line":42,"column":35}},"type":"binary-expr","locations":[{"start":{"line":42,"column":6},"end":{"line":42,"column":12}},{"start":{"line":42,"column":16},"end":{"line":42,"column":35}}],"line":42},"7":{"loc":{"start":{"line":47,"column":2},"end":{"line":49,"column":3}},"type":"if","locations":[{"start":{"line":47,"column":2},"end":{"line":49,"column":3}},{"start":{},"end":{}}],"line":47},"8":{"loc":{"start":{"line":53,"column":2},"end":{"line":55,"column":3}},"type":"if","locations":[{"start":{"line":53,"column":2},"end":{"line":55,"column":3}},{"start":{},"end":{}}],"line":53},"9":{"loc":{"start":{"line":66,"column":2},"end":{"line":68,"column":3}},"type":"if","locations":[{"start":{"line":66,"column":2},"end":{"line":68,"column":3}},{"start":{},"end":{}}],"line":66},"10":{"loc":{"start":{"line":66,"column":6},"end":{"line":66,"column":41}},"type":"binary-expr","locations":[{"start":{"line":66,"column":6},"end":{"line":66,"column":15}},{"start":{"line":66,"column":19},"end":{"line":66,"column":41}}],"line":66},"11":{"loc":{"start":{"line":73,"column":2},"end":{"line":75,"column":3}},"type":"if","locations":[{"start":{"line":73,"column":2},"end":{"line":75,"column":3}},{"start":{},"end":{}}],"line":73},"12":{"loc":{"start":{"line":77,"column":2},"end":{"line":79,"column":3}},"type":"if","locations":[{"start":{"line":77,"column":2},"end":{"line":79,"column":3}},{"start":{},"end":{}}],"line":77},"13":{"loc":{"start":{"line":82,"column":2},"end":{"line":84,"column":3}},"type":"if","locations":[{"start":{"line":82,"column":2},"end":{"line":84,"column":3}},{"start":{},"end":{}}],"line":82},"14":{"loc":{"start":{"line":87,"column":2},"end":{"line":89,"column":3}},"type":"if","locations":[{"start":{"line":87,"column":2},"end":{"line":89,"column":3}},{"start":{},"end":{}}],"line":87},"15":{"loc":{"start":{"line":92,"column":2},"end":{"line":94,"column":3}},"type":"if","locations":[{"start":{"line":92,"column":2},"end":{"line":94,"column":3}},{"start":{},"end":{}}],"line":92},"16":{"loc":{"start":{"line":106,"column":2},"end":{"line":108,"column":3}},"type":"if","locations":[{"start":{"line":106,"column":2},"end":{"line":108,"column":3}},{"start":{},"end":{}}],"line":106},"17":{"loc":{"start":{"line":119,"column":2},"end":{"line":121,"column":3}},"type":"if","locations":[{"start":{"line":119,"column":2},"end":{"line":121,"column":3}},{"start":{},"end":{}}],"line":119},"18":{"loc":{"start":{"line":119,"column":6},"end":{"line":119,"column":37}},"type":"binary-expr","locations":[{"start":{"line":119,"column":6},"end":{"line":119,"column":13}},{"start":{"line":119,"column":17},"end":{"line":119,"column":37}}],"line":119},"19":{"loc":{"start":{"line":125,"column":2},"end":{"line":127,"column":3}},"type":"if","locations":[{"start":{"line":125,"column":2},"end":{"line":127,"column":3}},{"start":{},"end":{}}],"line":125},"20":{"loc":{"start":{"line":139,"column":37},"end":{"line":139,"column":44}},"type":"default-arg","locations":[{"start":{"line":139,"column":43},"end":{"line":139,"column":44}}],"line":139},"21":{"loc":{"start":{"line":139,"column":46},"end":{"line":139,"column":56}},"type":"default-arg","locations":[{"start":{"line":139,"column":52},"end":{"line":139,"column":56}}],"line":139},"22":{"loc":{"start":{"line":140,"column":2},"end":{"line":142,"column":3}},"type":"if","locations":[{"start":{"line":140,"column":2},"end":{"line":142,"column":3}},{"start":{},"end":{}}],"line":140},"23":{"loc":{"start":{"line":140,"column":6},"end":{"line":140,"column":59}},"type":"binary-expr","locations":[{"start":{"line":140,"column":6},"end":{"line":140,"column":25}},{"start":{"line":140,"column":29},"end":{"line":140,"column":43}},{"start":{"line":140,"column":47},"end":{"line":140,"column":59}}],"line":140},"24":{"loc":{"start":{"line":146,"column":2},"end":{"line":148,"column":3}},"type":"if","locations":[{"start":{"line":146,"column":2},"end":{"line":148,"column":3}},{"start":{},"end":{}}],"line":146},"25":{"loc":{"start":{"line":150,"column":2},"end":{"line":152,"column":3}},"type":"if","locations":[{"start":{"line":150,"column":2},"end":{"line":152,"column":3}},{"start":{},"end":{}}],"line":150},"26":{"loc":{"start":{"line":154,"column":2},"end":{"line":156,"column":3}},"type":"if","locations":[{"start":{"line":154,"column":2},"end":{"line":156,"column":3}},{"start":{},"end":{}}],"line":154},"27":{"loc":{"start":{"line":154,"column":6},"end":{"line":154,"column":31}},"type":"binary-expr","locations":[{"start":{"line":154,"column":6},"end":{"line":154,"column":18}},{"start":{"line":154,"column":22},"end":{"line":154,"column":31}}],"line":154},"28":{"loc":{"start":{"line":167,"column":2},"end":{"line":169,"column":3}},"type":"if","locations":[{"start":{"line":167,"column":2},"end":{"line":169,"column":3}},{"start":{},"end":{}}],"line":167},"29":{"loc":{"start":{"line":172,"column":2},"end":{"line":174,"column":3}},"type":"if","locations":[{"start":{"line":172,"column":2},"end":{"line":174,"column":3}},{"start":{},"end":{}}],"line":172},"30":{"loc":{"start":{"line":177,"column":2},"end":{"line":179,"column":3}},"type":"if","locations":[{"start":{"line":177,"column":2},"end":{"line":179,"column":3}},{"start":{},"end":{}}],"line":177},"31":{"loc":{"start":{"line":182,"column":2},"end":{"line":188,"column":3}},"type":"if","locations":[{"start":{"line":182,"column":2},"end":{"line":188,"column":3}},{"start":{},"end":{}}],"line":182},"32":{"loc":{"start":{"line":183,"column":4},"end":{"line":185,"column":32}},"type":"binary-expr","locations":[{"start":{"line":183,"column":4},"end":{"line":183,"column":37}},{"start":{"line":184,"column":4},"end":{"line":184,"column":39}},{"start":{"line":185,"column":4},"end":{"line":185,"column":32}}],"line":183},"33":{"loc":{"start":{"line":199,"column":39},"end":{"line":199,"column":50}},"type":"default-arg","locations":[{"start":{"line":199,"column":48},"end":{"line":199,"column":50}}],"line":199},"34":{"loc":{"start":{"line":201,"column":2},"end":{"line":203,"column":3}},"type":"if","locations":[{"start":{"line":201,"column":2},"end":{"line":203,"column":3}},{"start":{},"end":{}}],"line":201},"35":{"loc":{"start":{"line":210,"column":2},"end":{"line":212,"column":3}},"type":"if","locations":[{"start":{"line":210,"column":2},"end":{"line":212,"column":3}},{"start":{},"end":{}}],"line":210},"36":{"loc":{"start":{"line":210,"column":6},"end":{"line":210,"column":77}},"type":"binary-expr","locations":[{"start":{"line":210,"column":6},"end":{"line":210,"column":19}},{"start":{"line":210,"column":24},"end":{"line":210,"column":39}},{"start":{"line":210,"column":43},"end":{"line":210,"column":76}}],"line":210},"37":{"loc":{"start":{"line":214,"column":2},"end":{"line":216,"column":3}},"type":"if","locations":[{"start":{"line":214,"column":2},"end":{"line":216,"column":3}},{"start":{},"end":{}}],"line":214},"38":{"loc":{"start":{"line":227,"column":2},"end":{"line":229,"column":3}},"type":"if","locations":[{"start":{"line":227,"column":2},"end":{"line":229,"column":3}},{"start":{},"end":{}}],"line":227},"39":{"loc":{"start":{"line":227,"column":6},"end":{"line":227,"column":41}},"type":"binary-expr","locations":[{"start":{"line":227,"column":6},"end":{"line":227,"column":15}},{"start":{"line":227,"column":19},"end":{"line":227,"column":41}}],"line":227},"40":{"loc":{"start":{"line":233,"column":2},"end":{"line":235,"column":3}},"type":"if","locations":[{"start":{"line":233,"column":2},"end":{"line":235,"column":3}},{"start":{},"end":{}}],"line":233},"41":{"loc":{"start":{"line":237,"column":2},"end":{"line":239,"column":3}},"type":"if","locations":[{"start":{"line":237,"column":2},"end":{"line":239,"column":3}},{"start":{},"end":{}}],"line":237},"42":{"loc":{"start":{"line":243,"column":2},"end":{"line":245,"column":3}},"type":"if","locations":[{"start":{"line":243,"column":2},"end":{"line":245,"column":3}},{"start":{},"end":{}}],"line":243},"43":{"loc":{"start":{"line":257,"column":2},"end":{"line":259,"column":3}},"type":"if","locations":[{"start":{"line":257,"column":2},"end":{"line":259,"column":3}},{"start":{},"end":{}}],"line":257},"44":{"loc":{"start":{"line":257,"column":6},"end":{"line":257,"column":41}},"type":"binary-expr","locations":[{"start":{"line":257,"column":6},"end":{"line":257,"column":15}},{"start":{"line":257,"column":19},"end":{"line":257,"column":41}}],"line":257},"45":{"loc":{"start":{"line":261,"column":2},"end":{"line":263,"column":3}},"type":"if","locations":[{"start":{"line":261,"column":2},"end":{"line":263,"column":3}},{"start":{},"end":{}}],"line":261},"46":{"loc":{"start":{"line":261,"column":6},"end":{"line":261,"column":41}},"type":"binary-expr","locations":[{"start":{"line":261,"column":6},"end":{"line":261,"column":15}},{"start":{"line":261,"column":19},"end":{"line":261,"column":41}}],"line":261},"47":{"loc":{"start":{"line":266,"column":2},"end":{"line":268,"column":3}},"type":"if","locations":[{"start":{"line":266,"column":2},"end":{"line":268,"column":3}},{"start":{},"end":{}}],"line":266},"48":{"loc":{"start":{"line":271,"column":2},"end":{"line":273,"column":3}},"type":"if","locations":[{"start":{"line":271,"column":2},"end":{"line":273,"column":3}},{"start":{},"end":{}}],"line":271},"49":{"loc":{"start":{"line":284,"column":2},"end":{"line":286,"column":3}},"type":"if","locations":[{"start":{"line":284,"column":2},"end":{"line":286,"column":3}},{"start":{},"end":{}}],"line":284},"50":{"loc":{"start":{"line":284,"column":6},"end":{"line":284,"column":35}},"type":"binary-expr","locations":[{"start":{"line":284,"column":6},"end":{"line":284,"column":12}},{"start":{"line":284,"column":16},"end":{"line":284,"column":35}}],"line":284},"51":{"loc":{"start":{"line":288,"column":2},"end":{"line":290,"column":3}},"type":"if","locations":[{"start":{"line":288,"column":2},"end":{"line":290,"column":3}},{"start":{},"end":{}}],"line":288}},"s":{"0":1,"1":12,"2":2,"3":10,"4":10,"5":1,"6":9,"7":1,"8":8,"9":8,"10":2,"11":6,"12":1,"13":6,"14":1,"15":5,"16":1,"17":4,"18":4,"19":2,"20":2,"21":1,"22":13,"23":1,"24":12,"25":12,"26":1,"27":11,"28":1,"29":10,"30":3,"31":7,"32":1,"33":6,"34":1,"35":5,"36":1,"37":3,"38":2,"39":1,"40":1,"41":4,"42":1,"43":3,"44":3,"45":1,"46":2,"47":1,"48":6,"49":1,"50":5,"51":5,"52":1,"53":4,"54":1,"55":3,"56":1,"57":2,"58":1,"59":7,"60":1,"61":6,"62":6,"63":1,"64":5,"65":5,"66":0,"67":5,"68":5,"69":1,"70":4,"71":1,"72":3,"73":3,"74":0,"75":3,"76":3,"77":3,"78":3,"79":3,"80":0,"81":3,"82":1,"83":2,"84":1,"85":0,"86":0,"87":0,"88":0,"89":0,"90":0,"91":0,"92":0,"93":0,"94":0,"95":0,"96":1,"97":0,"98":0,"99":0,"100":0,"101":0,"102":0,"103":0,"104":0,"105":0,"106":1,"107":0,"108":0,"109":0,"110":0,"111":0,"112":1},"f":{"0":12,"1":6,"2":13,"3":3,"4":4,"5":6,"6":7,"7":3,"8":0,"9":0,"10":0},"b":{"0":[2,10],"1":[12,11],"2":[1,9],"3":[1,8],"4":[2,6],"5":[1,5],"6":[6,5],"7":[1,4],"8":[2,2],"9":[1,12],"10":[13,12],"11":[1,11],"12":[1,10],"13":[3,7],"14":[1,6],"15":[1,5],"16":[2,1],"17":[1,3],"18":[4,3],"19":[1,2],"20":[0],"21":[4],"22":[1,5],"23":[6,6,6],"24":[1,4],"25":[1,3],"26":[1,2],"27":[3,1],"28":[1,6],"29":[1,5],"30":[0,5],"31":[1,4],"32":[5,5,4],"33":[0],"34":[0,3],"35":[0,3],"36":[3,3,3],"37":[1,2],"38":[0,0],"39":[0,0],"40":[0,0],"41":[0,0],"42":[0,0],"43":[0,0],"44":[0,0],"45":[0,0],"46":[0,0],"47":[0,0],"48":[0,0],"49":[0,0],"50":[0,0],"51":[0,0]},"_coverageSchema":"1a1c01bbd47fc00a2c39e90264f33305004495a9","hash":"d556a9ac81fe1fc35857de6a4cba4ad575d9c057"}
}
