TN:
SF:src\middleware\authMiddleware.js
FN:5,(anonymous_0)
FN:85,(anonymous_1)
FN:86,(anonymous_2)
FNF:3
FNH:0
FNDA:0,(anonymous_0)
FNDA:0,(anonymous_1)
FNDA:0,(anonymous_2)
DA:1,0
DA:2,0
DA:5,0
DA:6,0
DA:7,0
DA:9,0
DA:10,0
DA:16,0
DA:18,0
DA:19,0
DA:25,0
DA:27,0
DA:35,0
DA:36,0
DA:42,0
DA:44,0
DA:45,0
DA:51,0
DA:59,0
DA:61,0
DA:63,0
DA:64,0
DA:70,0
DA:71,0
DA:77,0
DA:85,0
DA:86,0
DA:87,0
DA:88,0
DA:94,0
DA:96,0
DA:97,0
DA:105,0
DA:110,0
DA:113,0
DA:115,0
LF:36
LH:0
BRDA:9,0,0,0
BRDA:9,0,1,0
BRDA:18,1,0,0
BRDA:18,1,1,0
BRDA:35,2,0,0
BRDA:35,2,1,0
BRDA:44,3,0,0
BRDA:44,3,1,0
BRDA:63,4,0,0
BRDA:63,4,1,0
BRDA:70,5,0,0
BRDA:70,5,1,0
BRDA:87,6,0,0
BRDA:87,6,1,0
BRDA:96,7,0,0
BRDA:96,7,1,0
BRF:16
BRH:0
end_of_record
TN:
SF:src\modules\auth\auth.constants.js
FNF:0
FNH:0
DA:2,0
DA:3,0
DA:4,0
DA:6,0
LF:4
LH:0
BRF:0
BRH:0
end_of_record
TN:
SF:src\modules\auth\auth.controller.js
FN:23,(anonymous_0)
FN:108,(anonymous_1)
FN:192,(anonymous_2)
FN:267,(anonymous_3)
FN:396,(anonymous_4)
FNF:5
FNH:0
FNDA:0,(anonymous_0)
FNDA:0,(anonymous_1)
FNDA:0,(anonymous_2)
FNDA:0,(anonymous_3)
FNDA:0,(anonymous_4)
DA:1,0
DA:2,0
DA:3,0
DA:4,0
DA:8,0
DA:13,0
DA:20,0
DA:23,0
DA:24,0
DA:25,0
DA:28,0
DA:29,0
DA:30,0
DA:37,0
DA:46,0
DA:47,0
DA:54,0
DA:56,0
DA:57,0
DA:64,0
DA:66,0
DA:67,0
DA:74,0
DA:84,0
DA:98,0
DA:99,0
DA:108,0
DA:109,0
DA:110,0
DA:112,0
DA:113,0
DA:120,0
DA:121,0
DA:128,0
DA:129,0
DA:136,0
DA:141,0
DA:142,0
DA:149,0
DA:154,0
DA:155,0
DA:162,0
DA:164,0
DA:170,0
DA:182,0
DA:183,0
DA:192,0
DA:193,0
DA:194,0
DA:196,0
DA:197,0
DA:204,0
DA:205,0
DA:206,0
DA:212,0
DA:217,0
DA:218,0
DA:224,0
DA:225,0
DA:226,0
DA:228,0
DA:234,0
DA:240,0
DA:241,0
DA:243,0
DA:246,0
DA:258,0
DA:259,0
DA:267,0
DA:268,0
DA:269,0
DA:271,0
DA:272,0
DA:280,0
DA:281,0
DA:282,0
DA:290,0
DA:291,0
DA:292,0
DA:300,0
DA:301,0
DA:302,0
DA:310,0
DA:311,0
DA:312,0
DA:313,0
DA:321,0
DA:326,0
DA:327,0
DA:334,0
DA:336,0
DA:345,0
DA:346,0
DA:353,0
DA:355,0
DA:356,0
DA:362,0
DA:363,0
DA:369,0
DA:371,0
DA:376,0
DA:381,0
DA:387,0
DA:388,0
DA:396,0
DA:397,0
DA:398,0
DA:413,0
DA:414,0
DA:421,0
DA:427,0
DA:428,0
DA:435,0
LF:113
LH:0
BRDA:29,0,0,0
BRDA:29,0,1,0
BRDA:46,1,0,0
BRDA:46,1,1,0
BRDA:56,2,0,0
BRDA:56,2,1,0
BRDA:66,3,0,0
BRDA:66,3,1,0
BRDA:112,4,0,0
BRDA:112,4,1,0
BRDA:112,5,0,0
BRDA:112,5,1,0
BRDA:112,5,2,0
BRDA:112,5,3,0
BRDA:120,6,0,0
BRDA:120,6,1,0
BRDA:128,7,0,0
BRDA:128,7,1,0
BRDA:141,8,0,0
BRDA:141,8,1,0
BRDA:154,9,0,0
BRDA:154,9,1,0
BRDA:167,10,0,0
BRDA:167,10,1,0
BRDA:196,11,0,0
BRDA:196,11,1,0
BRDA:205,12,0,0
BRDA:205,12,1,0
BRDA:217,13,0,0
BRDA:217,13,1,0
BRDA:240,14,0,0
BRDA:240,14,1,0
BRDA:249,15,0,0
BRDA:249,15,1,0
BRDA:271,16,0,0
BRDA:271,16,1,0
BRDA:271,17,0,0
BRDA:271,17,1,0
BRDA:271,17,2,0
BRDA:281,18,0,0
BRDA:281,18,1,0
BRDA:291,19,0,0
BRDA:291,19,1,0
BRDA:301,20,0,0
BRDA:301,20,1,0
BRDA:310,21,0,0
BRDA:310,21,1,0
BRDA:312,22,0,0
BRDA:312,22,1,0
BRDA:326,23,0,0
BRDA:326,23,1,0
BRDA:345,24,0,0
BRDA:345,24,1,0
BRDA:355,25,0,0
BRDA:355,25,1,0
BRDA:362,26,0,0
BRDA:362,26,1,0
BRDA:413,27,0,0
BRDA:413,27,1,0
BRF:59
BRH:0
end_of_record
TN:
SF:src\modules\auth\auth.helpers.js
FN:7,(anonymous_0)
FN:10,(anonymous_1)
FN:14,(anonymous_2)
FNF:3
FNH:0
FNDA:0,(anonymous_0)
FNDA:0,(anonymous_1)
FNDA:0,(anonymous_2)
DA:1,0
DA:4,0
DA:7,0
DA:10,0
DA:11,0
DA:14,0
DA:15,0
DA:17,0
LF:8
LH:0
BRF:0
BRH:0
end_of_record
TN:
SF:src\modules\auth\auth.routes.js
FN:27,(anonymous_0)
FNF:1
FNH:0
FNDA:0,(anonymous_0)
DA:1,0
DA:2,0
DA:10,0
DA:15,0
DA:18,0
DA:19,0
DA:20,0
DA:23,0
DA:24,0
DA:27,0
DA:28,0
DA:45,0
LF:12
LH:0
BRF:0
BRH:0
end_of_record
TN:
SF:src\modules\catalogs\catalogs.controller.js
FN:4,(anonymous_0)
FN:27,(anonymous_1)
FN:50,(anonymous_2)
FNF:3
FNH:0
FNDA:0,(anonymous_0)
FNDA:0,(anonymous_1)
FNDA:0,(anonymous_2)
DA:1,0
DA:4,0
DA:5,0
DA:6,0
DA:12,0
DA:18,0
DA:19,0
DA:27,0
DA:28,0
DA:29,0
DA:35,0
DA:41,0
DA:42,0
DA:50,0
DA:51,0
DA:52,0
DA:58,0
DA:64,0
DA:65,0
DA:72,0
LF:20
LH:0
BRF:0
BRH:0
end_of_record
TN:
SF:src\modules\catalogs\catalogs.helpers.js
FN:4,(anonymous_0)
FNF:1
FNH:0
FNDA:0,(anonymous_0)
DA:1,0
DA:4,0
DA:5,0
DA:7,0
DA:13,0
LF:5
LH:0
BRF:0
BRH:0
end_of_record
TN:
SF:src\modules\catalogs\catalogs.routes.js
FNF:0
FNH:0
DA:1,0
DA:2,0
DA:8,0
DA:10,0
DA:13,0
DA:15,0
DA:16,0
DA:17,0
DA:19,0
LF:9
LH:0
BRF:0
BRH:0
end_of_record
TN:
SF:src\modules\employees\employees.constants.js
FNF:0
FNH:0
DA:2,0
DA:3,0
DA:4,0
DA:5,0
DA:7,0
LF:5
LH:0
BRF:0
BRH:0
end_of_record
TN:
SF:src\modules\employees\employees.controller.js
FN:21,(anonymous_0)
FN:99,(anonymous_1)
FN:165,(anonymous_2)
FN:352,(anonymous_3)
FN:458,(anonymous_4)
FN:566,(anonymous_5)
FN:627,(anonymous_6)
FNF:7
FNH:0
FNDA:0,(anonymous_0)
FNDA:0,(anonymous_1)
FNDA:0,(anonymous_2)
FNDA:0,(anonymous_3)
FNDA:0,(anonymous_4)
FNDA:0,(anonymous_5)
FNDA:0,(anonymous_6)
DA:1,0
DA:5,0
DA:11,0
DA:18,0
DA:21,0
DA:22,0
DA:23,0
DA:24,0
DA:26,0
DA:27,0
DA:33,0
DA:34,0
DA:36,0
DA:43,0
DA:45,0
DA:72,0
DA:76,0
DA:78,0
DA:90,0
DA:91,0
DA:99,0
DA:100,0
DA:101,0
DA:102,0
DA:103,0
DA:105,0
DA:106,0
DA:112,0
DA:113,0
DA:121,0
DA:123,0
DA:144,0
DA:145,0
DA:151,0
DA:156,0
DA:157,0
DA:165,0
DA:166,0
DA:168,0
DA:179,0
DA:182,0
DA:192,0
DA:199,0
DA:200,0
DA:201,0
DA:208,0
DA:209,0
DA:210,0
DA:217,0
DA:218,0
DA:219,0
DA:226,0
DA:227,0
DA:228,0
DA:235,0
DA:236,0
DA:237,0
DA:244,0
DA:245,0
DA:246,0
DA:247,0
DA:253,0
DA:254,0
DA:255,0
DA:263,0
DA:264,0
DA:265,0
DA:266,0
DA:273,0
DA:278,0
DA:279,0
DA:285,0
DA:286,0
DA:288,0
DA:290,0
DA:308,0
DA:315,0
DA:317,0
DA:334,0
DA:340,0
DA:341,0
DA:342,0
DA:347,0
DA:352,0
DA:353,0
DA:354,0
DA:365,0
DA:367,0
DA:372,0
DA:373,0
DA:379,0
DA:380,0
DA:385,0
DA:386,0
DA:394,0
DA:398,0
DA:424,0
DA:441,0
DA:447,0
DA:448,0
DA:458,0
DA:459,0
DA:460,0
DA:461,0
DA:462,0
DA:465,0
DA:470,0
DA:471,0
DA:478,0
DA:479,0
DA:486,0
DA:487,0
DA:488,0
DA:495,0
DA:500,0
DA:501,0
DA:507,0
DA:512,0
DA:513,0
DA:520,0
DA:521,0
DA:523,0
DA:531,0
DA:532,0
DA:539,0
DA:545,0
DA:550,0
DA:557,0
DA:558,0
DA:566,0
DA:567,0
DA:568,0
DA:569,0
DA:572,0
DA:573,0
DA:580,0
DA:585,0
DA:586,0
DA:593,0
DA:594,0
DA:601,0
DA:607,0
DA:612,0
DA:618,0
DA:619,0
DA:627,0
DA:628,0
DA:629,0
DA:630,0
DA:631,0
DA:633,0
DA:634,0
DA:640,0
DA:641,0
DA:647,0
DA:649,0
DA:675,0
DA:681,0
DA:682,0
DA:689,0
LF:160
LH:0
BRDA:26,0,0,0
BRDA:26,0,1,0
BRDA:36,1,0,0
BRDA:36,1,1,0
BRDA:41,2,0,0
BRDA:41,2,1,0
BRDA:68,3,0,0
BRDA:68,3,1,0
BRDA:68,4,0,0
BRDA:68,4,1,0
BRDA:72,5,0,0
BRDA:72,5,1,0
BRDA:105,6,0,0
BRDA:105,6,1,0
BRDA:112,7,0,0
BRDA:112,7,1,0
BRDA:112,8,0,0
BRDA:112,8,1,0
BRDA:121,9,0,0
BRDA:121,9,1,0
BRDA:144,10,0,0
BRDA:144,10,1,0
BRDA:182,11,0,0
BRDA:182,11,1,0
BRDA:183,12,0,0
BRDA:183,12,1,0
BRDA:183,12,2,0
BRDA:183,12,3,0
BRDA:183,12,4,0
BRDA:183,12,5,0
BRDA:183,12,6,0
BRDA:183,12,7,0
BRDA:200,13,0,0
BRDA:200,13,1,0
BRDA:209,14,0,0
BRDA:209,14,1,0
BRDA:218,15,0,0
BRDA:218,15,1,0
BRDA:227,16,0,0
BRDA:227,16,1,0
BRDA:236,17,0,0
BRDA:236,17,1,0
BRDA:244,18,0,0
BRDA:244,18,1,0
BRDA:246,19,0,0
BRDA:246,19,1,0
BRDA:254,20,0,0
BRDA:254,20,1,0
BRDA:263,21,0,0
BRDA:263,21,1,0
BRDA:265,22,0,0
BRDA:265,22,1,0
BRDA:278,23,0,0
BRDA:278,23,1,0
BRDA:301,24,0,0
BRDA:301,24,1,0
BRDA:302,25,0,0
BRDA:302,25,1,0
BRDA:372,26,0,0
BRDA:372,26,1,0
BRDA:379,27,0,0
BRDA:379,27,1,0
BRDA:385,28,0,0
BRDA:385,28,1,0
BRDA:394,29,0,0
BRDA:394,29,1,0
BRDA:470,30,0,0
BRDA:470,30,1,0
BRDA:478,31,0,0
BRDA:478,31,1,0
BRDA:478,32,0,0
BRDA:478,32,1,0
BRDA:486,33,0,0
BRDA:486,33,1,0
BRDA:487,34,0,0
BRDA:487,34,1,0
BRDA:500,35,0,0
BRDA:500,35,1,0
BRDA:512,36,0,0
BRDA:512,36,1,0
BRDA:531,37,0,0
BRDA:531,37,1,0
BRDA:531,38,0,0
BRDA:531,38,1,0
BRDA:572,39,0,0
BRDA:572,39,1,0
BRDA:572,40,0,0
BRDA:572,40,1,0
BRDA:585,41,0,0
BRDA:585,41,1,0
BRDA:593,42,0,0
BRDA:593,42,1,0
BRDA:633,43,0,0
BRDA:633,43,1,0
BRDA:640,44,0,0
BRDA:640,44,1,0
BRDA:640,45,0,0
BRDA:640,45,1,0
BRDA:667,46,0,0
BRDA:667,46,1,0
BRDA:670,47,0,0
BRDA:670,47,1,0
BRF:102
BRH:0
end_of_record
TN:
SF:src\modules\employees\employees.helpers.js
FN:8,(anonymous_0)
FN:31,(anonymous_1)
FN:34,(anonymous_2)
FN:47,(anonymous_3)
FNF:4
FNH:0
FNDA:0,(anonymous_0)
FNDA:0,(anonymous_1)
FNDA:0,(anonymous_2)
FNDA:0,(anonymous_3)
DA:1,0
DA:5,0
DA:8,0
DA:9,0
DA:11,0
DA:13,0
DA:18,0
DA:19,0
DA:22,0
DA:27,0
DA:31,0
DA:34,0
DA:35,0
DA:36,0
DA:43,0
DA:47,0
DA:48,0
DA:49,0
DA:51,0
DA:58,0
LF:20
LH:0
BRDA:8,0,0,0
BRDA:11,1,0,0
BRDA:11,1,1,0
BRDA:18,2,0,0
BRDA:18,2,1,0
BRDA:35,3,0,0
BRDA:35,3,1,0
BRDA:35,4,0,0
BRDA:35,4,1,0
BRDA:48,5,0,0
BRDA:48,5,1,0
BRDA:49,6,0,0
BRDA:49,6,1,0
BRF:13
BRH:0
end_of_record
TN:
SF:src\modules\employees\employees.routes.js
FNF:0
FNH:0
DA:1,0
DA:2,0
DA:12,0
DA:17,0
DA:20,0
DA:23,0
DA:24,0
DA:25,0
DA:28,0
DA:29,0
DA:30,0
DA:31,0
DA:33,0
LF:13
LH:0
BRF:0
BRH:0
end_of_record
TN:
SF:src\modules\payroll\payroll-pdf.service.js
FN:4,(anonymous_0)
FNF:1
FNH:0
FNDA:0,(anonymous_0)
DA:1,0
DA:2,0
DA:4,0
DA:7,0
DA:8,0
DA:10,0
DA:14,0
DA:16,0
DA:20,0
DA:31,0
DA:32,0
DA:37,0
LF:12
LH:0
BRDA:31,0,0,0
BRDA:31,0,1,0
BRF:2
BRH:0
end_of_record
TN:
SF:src\modules\payroll\payroll-pdf.template.js
FN:1,(anonymous_0)
FN:10,(anonymous_1)
FN:36,(anonymous_2)
FN:37,(anonymous_3)
FN:42,(anonymous_4)
FN:44,(anonymous_5)
FN:62,(anonymous_6)
FN:63,(anonymous_7)
FN:64,(anonymous_8)
FN:71,(anonymous_9)
FNF:10
FNH:0
FNDA:0,(anonymous_0)
FNDA:0,(anonymous_1)
FNDA:0,(anonymous_2)
FNDA:0,(anonymous_3)
FNDA:0,(anonymous_4)
FNDA:0,(anonymous_5)
FNDA:0,(anonymous_6)
FNDA:0,(anonymous_7)
FNDA:0,(anonymous_8)
FNDA:0,(anonymous_9)
DA:1,0
DA:2,0
DA:10,0
DA:11,0
DA:13,0
DA:21,0
DA:24,0
DA:30,0
DA:33,0
DA:36,0
DA:37,0
DA:42,0
DA:43,0
DA:44,0
DA:62,0
DA:63,0
DA:64,0
DA:66,0
DA:67,0
DA:68,0
DA:70,0
DA:71,0
DA:86,0
DA:366,0
LF:24
LH:0
BRDA:7,0,0,0
BRDA:7,0,1,0
BRDA:11,1,0,0
BRDA:11,1,1,0
BRDA:13,2,0,0
BRDA:13,2,1,0
BRDA:14,3,0,0
BRDA:14,3,1,0
BRDA:14,3,2,0
BRDA:14,3,3,0
BRDA:14,3,4,0
BRDA:14,3,5,0
BRDA:24,4,0,0
BRDA:24,4,1,0
BRDA:25,5,0,0
BRDA:25,5,1,0
BRDA:25,5,2,0
BRDA:25,5,3,0
BRDA:43,6,0,0
BRDA:43,6,1,0
BRDA:70,7,0,0
BRDA:70,7,1,0
BRF:22
BRH:0
end_of_record
TN:
SF:src\modules\payroll\payroll.constants.js
FNF:0
FNH:0
DA:1,0
DA:2,0
DA:8,0
DA:9,0
DA:10,0
DA:12,0
LF:6
LH:0
BRF:0
BRH:0
end_of_record
TN:
SF:src\modules\payroll\payroll.controller.js
FN:9,(anonymous_0)
FN:14,(anonymous_1)
FN:37,(anonymous_2)
FN:42,(anonymous_3)
FN:54,(anonymous_4)
FN:61,(anonymous_5)
FN:105,(anonymous_6)
FN:122,(anonymous_7)
FN:168,(anonymous_8)
FN:306,(anonymous_9)
FN:356,(anonymous_10)
FN:416,(anonymous_11)
FN:431,(anonymous_12)
FN:434,(anonymous_13)
FN:435,(anonymous_14)
FN:500,(anonymous_15)
FN:510,(anonymous_16)
FN:522,(anonymous_17)
FN:589,(anonymous_18)
FN:649,(anonymous_19)
FN:650,(anonymous_20)
FN:765,(anonymous_21)
FN:812,(anonymous_22)
FN:919,(anonymous_23)
FN:952,(anonymous_24)
FN:1044,(anonymous_25)
FNF:26
FNH:0
FNDA:0,(anonymous_0)
FNDA:0,(anonymous_1)
FNDA:0,(anonymous_2)
FNDA:0,(anonymous_3)
FNDA:0,(anonymous_4)
FNDA:0,(anonymous_5)
FNDA:0,(anonymous_6)
FNDA:0,(anonymous_7)
FNDA:0,(anonymous_8)
FNDA:0,(anonymous_9)
FNDA:0,(anonymous_10)
FNDA:0,(anonymous_11)
FNDA:0,(anonymous_12)
FNDA:0,(anonymous_13)
FNDA:0,(anonymous_14)
FNDA:0,(anonymous_15)
FNDA:0,(anonymous_16)
FNDA:0,(anonymous_17)
FNDA:0,(anonymous_18)
FNDA:0,(anonymous_19)
FNDA:0,(anonymous_20)
FNDA:0,(anonymous_21)
FNDA:0,(anonymous_22)
FNDA:0,(anonymous_23)
FNDA:0,(anonymous_24)
FNDA:0,(anonymous_25)
DA:1,0
DA:2,0
DA:3,0
DA:7,0
DA:9,0
DA:10,0
DA:11,0
DA:14,0
DA:15,0
DA:17,0
DA:37,0
DA:38,0
DA:39,0
DA:42,0
DA:43,0
DA:44,0
DA:46,0
DA:47,0
DA:50,0
DA:51,0
DA:54,0
DA:61,0
DA:62,0
DA:83,0
DA:84,0
DA:102,0
DA:105,0
DA:106,0
DA:107,0
DA:109,0
DA:114,0
DA:115,0
DA:122,0
DA:123,0
DA:124,0
DA:125,0
DA:126,0
DA:128,0
DA:129,0
DA:135,0
DA:136,0
DA:142,0
DA:156,0
DA:168,0
DA:169,0
DA:170,0
DA:176,0
DA:183,0
DA:185,0
DA:186,0
DA:217,0
DA:219,0
DA:252,0
DA:253,0
DA:270,0
DA:292,0
DA:298,0
DA:299,0
DA:306,0
DA:307,0
DA:309,0
DA:316,0
DA:318,0
DA:319,0
DA:325,0
DA:326,0
DA:328,0
DA:329,0
DA:335,0
DA:336,0
DA:342,0
DA:343,0
DA:349,0
DA:350,0
DA:356,0
DA:357,0
DA:358,0
DA:361,0
DA:362,0
DA:368,0
DA:369,0
DA:371,0
DA:372,0
DA:378,0
DA:379,0
DA:386,0
DA:394,0
DA:395,0
DA:401,0
DA:403,0
DA:404,0
DA:410,0
DA:411,0
DA:412,0
DA:414,0
DA:417,0
DA:418,0
DA:419,0
DA:420,0
DA:422,0
DA:431,0
DA:434,0
DA:435,0
DA:436,0
DA:437,0
DA:438,0
DA:439,0
DA:440,0
DA:441,0
DA:442,0
DA:443,0
DA:444,0
DA:445,0
DA:449,0
DA:456,0
DA:457,0
DA:461,0
DA:462,0
DA:464,0
DA:465,0
DA:471,0
DA:474,0
DA:485,0
DA:486,0
DA:487,0
DA:493,0
DA:499,0
DA:500,0
DA:501,0
DA:510,0
DA:511,0
DA:512,0
DA:514,0
DA:515,0
DA:521,0
DA:522,0
DA:532,0
DA:540,0
DA:541,0
DA:542,0
DA:544,0
DA:558,0
DA:560,0
DA:567,0
DA:577,0
DA:578,0
DA:580,0
DA:585,0
DA:589,0
DA:590,0
DA:592,0
DA:593,0
DA:594,0
DA:595,0
DA:597,0
DA:598,0
DA:604,0
DA:605,0
DA:611,0
DA:612,0
DA:618,0
DA:620,0
DA:621,0
DA:623,0
DA:624,0
DA:625,0
DA:628,0
DA:629,0
DA:630,0
DA:633,0
DA:641,0
DA:642,0
DA:643,0
DA:649,0
DA:650,0
DA:651,0
DA:652,0
DA:653,0
DA:654,0
DA:657,0
DA:662,0
DA:667,0
DA:672,0
DA:673,0
DA:675,0
DA:687,0
DA:688,0
DA:690,0
DA:691,0
DA:697,0
DA:700,0
DA:711,0
DA:713,0
DA:737,0
DA:739,0
DA:752,0
DA:753,0
DA:754,0
DA:759,0
DA:765,0
DA:766,0
DA:767,0
DA:768,0
DA:769,0
DA:771,0
DA:772,0
DA:778,0
DA:779,0
DA:785,0
DA:792,0
DA:804,0
DA:805,0
DA:812,0
DA:813,0
DA:814,0
DA:815,0
DA:816,0
DA:817,0
DA:818,0
DA:819,0
DA:821,0
DA:822,0
DA:824,0
DA:825,0
DA:831,0
DA:832,0
DA:838,0
DA:839,0
DA:845,0
DA:846,0
DA:852,0
DA:854,0
DA:855,0
DA:856,0
DA:858,0
DA:859,0
DA:860,0
DA:863,0
DA:864,0
DA:865,0
DA:868,0
DA:919,0
DA:931,0
DA:944,0
DA:945,0
DA:952,0
DA:953,0
DA:954,0
DA:956,0
DA:957,0
DA:963,0
DA:989,0
DA:990,0
DA:996,0
DA:997,0
DA:998,0
DA:1000,0
DA:1001,0
DA:1007,0
DA:1014,0
DA:1027,0
DA:1036,0
DA:1037,0
DA:1044,0
DA:1045,0
DA:1046,0
DA:1047,0
DA:1049,0
DA:1050,0
DA:1056,0
DA:1080,0
DA:1082,0
DA:1083,0
DA:1089,0
DA:1091,0
DA:1092,0
DA:1093,0
DA:1095,0
DA:1096,0
DA:1102,0
DA:1108,0
DA:1110,0
DA:1121,0
DA:1123,0
DA:1128,0
DA:1130,0
DA:1131,0
DA:1136,0
DA:1138,0
DA:1139,0
DA:1146,0
LF:291
LH:0
BRDA:9,0,0,0
BRDA:11,1,0,0
BRDA:11,1,1,0
BRDA:14,2,0,0
BRDA:32,3,0,0
BRDA:32,3,1,0
BRDA:33,4,0,0
BRDA:33,4,1,0
BRDA:37,5,0,0
BRDA:38,6,0,0
BRDA:38,6,1,0
BRDA:39,7,0,0
BRDA:39,7,1,0
BRDA:46,8,0,0
BRDA:46,8,1,0
BRDA:46,9,0,0
BRDA:46,9,1,0
BRDA:46,9,2,0
BRDA:61,10,0,0
BRDA:83,11,0,0
BRDA:83,11,1,0
BRDA:124,12,0,0
BRDA:124,12,1,0
BRDA:128,13,0,0
BRDA:128,13,1,0
BRDA:135,14,0,0
BRDA:135,14,1,0
BRDA:169,15,0,0
BRDA:169,15,1,0
BRDA:183,16,0,0
BRDA:183,16,1,0
BRDA:185,17,0,0
BRDA:185,17,1,0
BRDA:213,18,0,0
BRDA:213,18,1,0
BRDA:246,19,0,0
BRDA:246,19,1,0
BRDA:315,20,0,0
BRDA:318,21,0,0
BRDA:318,21,1,0
BRDA:318,22,0,0
BRDA:318,22,1,0
BRDA:318,22,2,0
BRDA:328,23,0,0
BRDA:328,23,1,0
BRDA:328,24,0,0
BRDA:328,24,1,0
BRDA:335,25,0,0
BRDA:335,25,1,0
BRDA:342,26,0,0
BRDA:342,26,1,0
BRDA:349,27,0,0
BRDA:349,27,1,0
BRDA:358,28,0,0
BRDA:358,28,1,0
BRDA:358,28,2,0
BRDA:358,28,3,0
BRDA:361,29,0,0
BRDA:361,29,1,0
BRDA:371,30,0,0
BRDA:371,30,1,0
BRDA:394,31,0,0
BRDA:394,31,1,0
BRDA:401,32,0,0
BRDA:401,32,1,0
BRDA:403,33,0,0
BRDA:403,33,1,0
BRDA:414,34,0,0
BRDA:414,34,1,0
BRDA:417,35,0,0
BRDA:417,35,1,0
BRDA:456,36,0,0
BRDA:456,36,1,0
BRDA:457,37,0,0
BRDA:457,37,1,0
BRDA:461,38,0,0
BRDA:461,38,1,0
BRDA:462,39,0,0
BRDA:462,39,1,0
BRDA:464,40,0,0
BRDA:464,40,1,0
BRDA:464,41,0,0
BRDA:464,41,1,0
BRDA:464,41,2,0
BRDA:485,42,0,0
BRDA:485,42,1,0
BRDA:514,43,0,0
BRDA:514,43,1,0
BRDA:521,44,0,0
BRDA:521,44,1,0
BRDA:594,45,0,0
BRDA:594,45,1,0
BRDA:595,46,0,0
BRDA:595,46,1,0
BRDA:597,47,0,0
BRDA:597,47,1,0
BRDA:604,48,0,0
BRDA:604,48,1,0
BRDA:604,49,0,0
BRDA:604,49,1,0
BRDA:604,49,2,0
BRDA:611,50,0,0
BRDA:611,50,1,0
BRDA:611,51,0,0
BRDA:611,51,1,0
BRDA:611,51,2,0
BRDA:623,52,0,0
BRDA:623,52,1,0
BRDA:628,53,0,0
BRDA:628,53,1,0
BRDA:641,54,0,0
BRDA:641,54,1,0
BRDA:688,55,0,0
BRDA:688,55,1,0
BRDA:690,56,0,0
BRDA:690,56,1,0
BRDA:711,57,0,0
BRDA:711,57,1,0
BRDA:726,58,0,0
BRDA:726,58,1,0
BRDA:727,59,0,0
BRDA:727,59,1,0
BRDA:728,60,0,0
BRDA:728,60,1,0
BRDA:729,61,0,0
BRDA:729,61,1,0
BRDA:730,62,0,0
BRDA:730,62,1,0
BRDA:771,63,0,0
BRDA:771,63,1,0
BRDA:771,64,0,0
BRDA:771,64,1,0
BRDA:771,64,2,0
BRDA:778,65,0,0
BRDA:778,65,1,0
BRDA:815,66,0,0
BRDA:815,66,1,0
BRDA:816,67,0,0
BRDA:816,67,1,0
BRDA:817,68,0,0
BRDA:817,68,1,0
BRDA:819,69,0,0
BRDA:819,69,1,0
BRDA:821,70,0,0
BRDA:821,70,1,0
BRDA:821,70,2,0
BRDA:822,71,0,0
BRDA:822,71,1,0
BRDA:824,72,0,0
BRDA:824,72,1,0
BRDA:824,73,0,0
BRDA:824,73,1,0
BRDA:824,73,2,0
BRDA:831,74,0,0
BRDA:831,74,1,0
BRDA:831,75,0,0
BRDA:831,75,1,0
BRDA:838,76,0,0
BRDA:838,76,1,0
BRDA:838,77,0,0
BRDA:838,77,1,0
BRDA:845,78,0,0
BRDA:845,78,1,0
BRDA:845,79,0,0
BRDA:845,79,1,0
BRDA:852,80,0,0
BRDA:852,80,1,0
BRDA:858,81,0,0
BRDA:858,81,1,0
BRDA:863,82,0,0
BRDA:863,82,1,0
BRDA:921,83,0,0
BRDA:921,83,1,0
BRDA:922,84,0,0
BRDA:922,84,1,0
BRDA:923,85,0,0
BRDA:923,85,1,0
BRDA:936,86,0,0
BRDA:936,86,1,0
BRDA:956,87,0,0
BRDA:956,87,1,0
BRDA:989,88,0,0
BRDA:989,88,1,0
BRDA:997,89,0,0
BRDA:997,89,1,0
BRDA:998,90,0,0
BRDA:998,90,1,0
BRDA:1000,91,0,0
BRDA:1000,91,1,0
BRDA:1000,92,0,0
BRDA:1000,92,1,0
BRDA:1049,93,0,0
BRDA:1049,93,1,0
BRDA:1082,94,0,0
BRDA:1082,94,1,0
BRDA:1091,95,0,0
BRDA:1091,95,1,0
BRDA:1092,96,0,0
BRDA:1092,96,1,0
BRDA:1095,97,0,0
BRDA:1095,97,1,0
BRDA:1095,98,0,0
BRDA:1095,98,1,0
BRF:203
BRH:0
end_of_record
TN:
SF:src\modules\payroll\payroll.helpers.js
FN:3,(anonymous_0)
FN:15,(anonymous_1)
FN:29,(anonymous_2)
FN:70,(anonymous_3)
FN:72,(anonymous_4)
FN:223,(anonymous_5)
FN:225,(anonymous_6)
FN:226,(anonymous_7)
FN:229,(anonymous_8)
FN:269,(anonymous_9)
FN:271,(anonymous_10)
FNF:11
FNH:0
FNDA:0,(anonymous_0)
FNDA:0,(anonymous_1)
FNDA:0,(anonymous_2)
FNDA:0,(anonymous_3)
FNDA:0,(anonymous_4)
FNDA:0,(anonymous_5)
FNDA:0,(anonymous_6)
FNDA:0,(anonymous_7)
FNDA:0,(anonymous_8)
FNDA:0,(anonymous_9)
FNDA:0,(anonymous_10)
DA:1,0
DA:3,0
DA:4,0
DA:5,0
DA:7,0
DA:8,0
DA:11,0
DA:12,0
DA:15,0
DA:16,0
DA:17,0
DA:19,0
DA:20,0
DA:23,0
DA:29,0
DA:30,0
DA:37,0
DA:38,0
DA:45,0
DA:46,0
DA:47,0
DA:53,0
DA:54,0
DA:56,0
DA:57,0
DA:58,0
DA:59,0
DA:61,0
DA:64,0
DA:67,0
DA:70,0
DA:72,0
DA:73,0
DA:80,0
DA:81,0
DA:82,0
DA:83,0
DA:84,0
DA:85,0
DA:87,0
DA:88,0
DA:91,0
DA:92,0
DA:93,0
DA:94,0
DA:95,0
DA:96,0
DA:97,0
DA:99,0
DA:100,0
DA:101,0
DA:102,0
DA:104,0
DA:151,0
DA:152,0
DA:153,0
DA:154,0
DA:155,0
DA:156,0
DA:157,0
DA:158,0
DA:160,0
DA:161,0
DA:162,0
DA:164,0
DA:165,0
DA:166,0
DA:167,0
DA:168,0
DA:170,0
DA:171,0
DA:172,0
DA:174,0
DA:175,0
DA:176,0
DA:177,0
DA:178,0
DA:180,0
DA:182,0
DA:185,0
DA:186,0
DA:187,0
DA:189,0
DA:190,0
DA:191,0
DA:192,0
DA:193,0
DA:194,0
DA:195,0
DA:196,0
DA:197,0
DA:198,0
DA:200,0
DA:201,0
DA:202,0
DA:206,0
DA:223,0
DA:224,0
DA:225,0
DA:226,0
DA:229,0
DA:230,0
DA:238,0
DA:239,0
DA:242,0
DA:243,0
DA:245,0
DA:269,0
DA:271,0
DA:272,0
DA:273,0
DA:276,0
DA:277,0
DA:280,0
DA:281,0
DA:288,0
DA:300,0
LF:117
LH:0
BRDA:7,0,0,0
BRDA:7,0,1,0
BRDA:19,1,0,0
BRDA:19,1,1,0
BRDA:37,2,0,0
BRDA:37,2,1,0
BRDA:56,3,0,0
BRDA:56,3,1,0
BRDA:58,4,0,0
BRDA:58,4,1,0
BRDA:70,5,0,0
BRDA:70,5,1,0
BRDA:82,6,0,0
BRDA:82,6,1,0
BRDA:84,7,0,0
BRDA:84,7,1,0
BRDA:87,8,0,0
BRDA:87,8,1,0
BRDA:87,9,0,0
BRDA:87,9,1,0
BRDA:99,10,0,0
BRDA:99,10,1,0
BRDA:116,11,0,0
BRDA:116,11,1,0
BRDA:131,12,0,0
BRDA:131,12,1,0
BRDA:146,13,0,0
BRDA:146,13,1,0
BRDA:151,14,0,0
BRDA:151,14,1,0
BRDA:152,15,0,0
BRDA:152,15,1,0
BRDA:154,16,0,0
BRDA:154,16,1,0
BRDA:157,17,0,0
BRDA:157,17,1,0
BRDA:164,18,0,0
BRDA:164,18,1,0
BRDA:167,19,0,0
BRDA:167,19,1,0
BRDA:174,20,0,0
BRDA:174,20,1,0
BRDA:175,21,0,0
BRDA:175,21,1,0
BRDA:175,22,0,0
BRDA:175,22,1,0
BRDA:186,23,0,0
BRDA:186,23,1,0
BRDA:189,24,0,0
BRDA:189,24,1,0
BRDA:190,25,0,0
BRDA:190,25,1,0
BRDA:190,26,0,0
BRDA:190,26,1,0
BRDA:194,27,0,0
BRDA:194,27,1,0
BRDA:197,28,0,0
BRDA:197,28,1,0
BRDA:213,29,0,0
BRDA:213,29,1,0
BRDA:225,30,0,0
BRDA:225,30,1,0
BRDA:225,30,2,0
BRDA:238,31,0,0
BRDA:238,31,1,0
BRDA:243,32,0,0
BRDA:243,32,1,0
BRDA:272,33,0,0
BRDA:272,33,1,0
BRDA:276,34,0,0
BRDA:276,34,1,0
BRF:71
BRH:0
end_of_record
TN:
SF:src\modules\payroll\payroll.routes.js
FNF:0
FNH:0
DA:1,0
DA:2,0
DA:13,0
DA:14,0
DA:16,0
DA:17,0
DA:18,0
DA:19,0
DA:20,0
DA:21,0
DA:22,0
DA:23,0
DA:24,0
DA:26,0
LF:14
LH:0
BRF:0
BRH:0
end_of_record
TN:
SF:src\modules\requests\requests.constants.js
FNF:0
FNH:0
DA:1,0
DA:3,0
DA:4,0
DA:5,0
DA:6,0
DA:7,0
DA:8,0
DA:9,0
DA:10,0
DA:12,0
LF:10
LH:0
BRF:0
BRH:0
end_of_record
TN:
SF:src\modules\requests\requests.controller.js
FN:21,(anonymous_0)
FN:47,(anonymous_1)
FN:213,(anonymous_2)
FN:305,(anonymous_3)
FN:502,(anonymous_4)
FN:513,(anonymous_5)
FN:524,(anonymous_6)
FN:535,(anonymous_7)
FN:593,(anonymous_8)
FN:667,(anonymous_9)
FN:726,(anonymous_10)
FN:865,(anonymous_11)
FN:950,(anonymous_12)
FN:962,(anonymous_13)
FN:974,(anonymous_14)
FN:986,(anonymous_15)
FN:998,(anonymous_16)
FN:1010,(anonymous_17)
FN:1024,(anonymous_18)
FN:1163,(anonymous_19)
FN:1175,(anonymous_20)
FN:1187,(anonymous_21)
FNF:22
FNH:0
FNDA:0,(anonymous_0)
FNDA:0,(anonymous_1)
FNDA:0,(anonymous_2)
FNDA:0,(anonymous_3)
FNDA:0,(anonymous_4)
FNDA:0,(anonymous_5)
FNDA:0,(anonymous_6)
FNDA:0,(anonymous_7)
FNDA:0,(anonymous_8)
FNDA:0,(anonymous_9)
FNDA:0,(anonymous_10)
FNDA:0,(anonymous_11)
FNDA:0,(anonymous_12)
FNDA:0,(anonymous_13)
FNDA:0,(anonymous_14)
FNDA:0,(anonymous_15)
FNDA:0,(anonymous_16)
FNDA:0,(anonymous_17)
FNDA:0,(anonymous_18)
FNDA:0,(anonymous_19)
FNDA:0,(anonymous_20)
FNDA:0,(anonymous_21)
DA:1,0
DA:9,0
DA:17,0
DA:21,0
DA:22,0
DA:42,0
DA:47,0
DA:53,0
DA:54,0
DA:62,0
DA:64,0
DA:65,0
DA:71,0
DA:72,0
DA:78,0
DA:79,0
DA:85,0
DA:95,0
DA:100,0
DA:101,0
DA:107,0
DA:109,0
DA:110,0
DA:116,0
DA:117,0
DA:123,0
DA:128,0
DA:129,0
DA:136,0
DA:144,0
DA:165,0
DA:189,0
DA:195,0
DA:197,0
DA:198,0
DA:204,0
DA:213,0
DA:221,0
DA:222,0
DA:223,0
DA:225,0
DA:226,0
DA:232,0
DA:234,0
DA:235,0
DA:241,0
DA:242,0
DA:248,0
DA:249,0
DA:255,0
DA:265,0
DA:286,0
DA:292,0
DA:293,0
DA:305,0
DA:306,0
DA:307,0
DA:315,0
DA:317,0
DA:318,0
DA:324,0
DA:325,0
DA:331,0
DA:332,0
DA:338,0
DA:344,0
DA:346,0
DA:347,0
DA:353,0
DA:354,0
DA:360,0
DA:365,0
DA:366,0
DA:373,0
DA:382,0
DA:384,0
DA:392,0
DA:393,0
DA:399,0
DA:402,0
DA:403,0
DA:414,0
DA:426,0
DA:427,0
DA:434,0
DA:455,0
DA:479,0
DA:485,0
DA:487,0
DA:488,0
DA:494,0
DA:502,0
DA:503,0
DA:513,0
DA:514,0
DA:524,0
DA:525,0
DA:535,0
DA:536,0
DA:537,0
DA:538,0
DA:544,0
DA:545,0
DA:547,0
DA:548,0
DA:549,0
DA:552,0
DA:577,0
DA:583,0
DA:584,0
DA:593,0
DA:594,0
DA:595,0
DA:596,0
DA:598,0
DA:599,0
DA:600,0
DA:603,0
DA:604,0
DA:605,0
DA:608,0
DA:609,0
DA:610,0
DA:613,0
DA:617,0
DA:646,0
DA:657,0
DA:658,0
DA:667,0
DA:668,0
DA:669,0
DA:670,0
DA:671,0
DA:673,0
DA:674,0
DA:680,0
DA:681,0
DA:687,0
DA:704,0
DA:705,0
DA:711,0
DA:716,0
DA:717,0
DA:726,0
DA:727,0
DA:729,0
DA:730,0
DA:731,0
DA:733,0
DA:734,0
DA:740,0
DA:742,0
DA:743,0
DA:749,0
DA:750,0
DA:756,0
DA:757,0
DA:763,0
DA:765,0
DA:768,0
DA:781,0
DA:782,0
DA:783,0
DA:789,0
DA:790,0
DA:791,0
DA:793,0
DA:794,0
DA:795,0
DA:801,0
DA:809,0
DA:819,0
DA:821,0
DA:846,0
DA:852,0
DA:853,0
DA:854,0
DA:859,0
DA:865,0
DA:866,0
DA:867,0
DA:868,0
DA:870,0
DA:871,0
DA:877,0
DA:879,0
DA:880,0
DA:886,0
DA:887,0
DA:893,0
DA:894,0
DA:900,0
DA:910,0
DA:935,0
DA:941,0
DA:942,0
DA:950,0
DA:951,0
DA:962,0
DA:963,0
DA:974,0
DA:975,0
DA:986,0
DA:987,0
DA:998,0
DA:999,0
DA:1010,0
DA:1011,0
DA:1024,0
DA:1025,0
DA:1027,0
DA:1028,0
DA:1029,0
DA:1031,0
DA:1032,0
DA:1038,0
DA:1040,0
DA:1041,0
DA:1047,0
DA:1048,0
DA:1054,0
DA:1055,0
DA:1061,0
DA:1064,0
DA:1065,0
DA:1067,0
DA:1079,0
DA:1080,0
DA:1081,0
DA:1087,0
DA:1088,0
DA:1089,0
DA:1091,0
DA:1092,0
DA:1093,0
DA:1099,0
DA:1108,0
DA:1118,0
DA:1120,0
DA:1145,0
DA:1151,0
DA:1152,0
DA:1153,0
DA:1158,0
DA:1163,0
DA:1164,0
DA:1175,0
DA:1176,0
DA:1187,0
DA:1188,0
DA:1198,0
LF:251
LH:0
BRDA:42,0,0,0
BRDA:42,0,1,0
BRDA:64,1,0,0
BRDA:64,1,1,0
BRDA:71,2,0,0
BRDA:71,2,1,0
BRDA:71,3,0,0
BRDA:71,3,1,0
BRDA:78,4,0,0
BRDA:78,4,1,0
BRDA:78,5,0,0
BRDA:78,5,1,0
BRDA:85,6,0,0
BRDA:85,6,1,0
BRDA:100,7,0,0
BRDA:100,7,1,0
BRDA:107,8,0,0
BRDA:107,8,1,0
BRDA:109,9,0,0
BRDA:109,9,1,0
BRDA:116,10,0,0
BRDA:116,10,1,0
BRDA:128,11,0,0
BRDA:128,11,1,0
BRDA:136,12,0,0
BRDA:136,12,1,0
BRDA:151,13,0,0
BRDA:151,13,1,0
BRDA:160,14,0,0
BRDA:160,14,1,0
BRDA:161,15,0,0
BRDA:161,15,1,0
BRDA:161,15,2,0
BRDA:197,16,0,0
BRDA:197,16,1,0
BRDA:223,17,0,0
BRDA:223,17,1,0
BRDA:223,17,2,0
BRDA:225,18,0,0
BRDA:225,18,1,0
BRDA:234,19,0,0
BRDA:234,19,1,0
BRDA:241,20,0,0
BRDA:241,20,1,0
BRDA:248,21,0,0
BRDA:248,21,1,0
BRDA:317,22,0,0
BRDA:317,22,1,0
BRDA:324,23,0,0
BRDA:324,23,1,0
BRDA:324,24,0,0
BRDA:324,24,1,0
BRDA:331,25,0,0
BRDA:331,25,1,0
BRDA:331,26,0,0
BRDA:331,26,1,0
BRDA:344,27,0,0
BRDA:344,27,1,0
BRDA:346,28,0,0
BRDA:346,28,1,0
BRDA:353,29,0,0
BRDA:353,29,1,0
BRDA:365,30,0,0
BRDA:365,30,1,0
BRDA:373,31,0,0
BRDA:373,31,1,0
BRDA:392,32,0,0
BRDA:392,32,1,0
BRDA:402,33,0,0
BRDA:402,33,1,0
BRDA:426,34,0,0
BRDA:426,34,1,0
BRDA:441,35,0,0
BRDA:441,35,1,0
BRDA:450,36,0,0
BRDA:450,36,1,0
BRDA:451,37,0,0
BRDA:451,37,1,0
BRDA:451,37,2,0
BRDA:487,38,0,0
BRDA:487,38,1,0
BRDA:537,39,0,0
BRDA:537,39,1,0
BRDA:547,40,0,0
BRDA:547,40,1,0
BRDA:598,41,0,0
BRDA:598,41,1,0
BRDA:603,42,0,0
BRDA:603,42,1,0
BRDA:608,43,0,0
BRDA:608,43,1,0
BRDA:613,44,0,0
BRDA:613,44,1,0
BRDA:651,45,0,0
BRDA:651,45,1,0
BRDA:652,46,0,0
BRDA:652,46,1,0
BRDA:653,47,0,0
BRDA:653,47,1,0
BRDA:671,48,0,0
BRDA:671,48,1,0
BRDA:673,49,0,0
BRDA:673,49,1,0
BRDA:680,50,0,0
BRDA:680,50,1,0
BRDA:680,51,0,0
BRDA:680,51,1,0
BRDA:704,52,0,0
BRDA:704,52,1,0
BRDA:731,53,0,0
BRDA:731,53,1,0
BRDA:733,54,0,0
BRDA:733,54,1,0
BRDA:742,55,0,0
BRDA:742,55,1,0
BRDA:749,56,0,0
BRDA:749,56,1,0
BRDA:756,57,0,0
BRDA:756,57,1,0
BRDA:781,58,0,0
BRDA:781,58,1,0
BRDA:790,59,0,0
BRDA:790,59,1,0
BRDA:791,60,0,0
BRDA:791,60,1,0
BRDA:793,61,0,0
BRDA:793,61,1,0
BRDA:868,62,0,0
BRDA:868,62,1,0
BRDA:870,63,0,0
BRDA:870,63,1,0
BRDA:879,64,0,0
BRDA:879,64,1,0
BRDA:886,65,0,0
BRDA:886,65,1,0
BRDA:893,66,0,0
BRDA:893,66,1,0
BRDA:1029,67,0,0
BRDA:1029,67,1,0
BRDA:1029,67,2,0
BRDA:1031,68,0,0
BRDA:1031,68,1,0
BRDA:1040,69,0,0
BRDA:1040,69,1,0
BRDA:1047,70,0,0
BRDA:1047,70,1,0
BRDA:1054,71,0,0
BRDA:1054,71,1,0
BRDA:1064,72,0,0
BRDA:1064,72,1,0
BRDA:1079,73,0,0
BRDA:1079,73,1,0
BRDA:1088,74,0,0
BRDA:1088,74,1,0
BRDA:1089,75,0,0
BRDA:1089,75,1,0
BRDA:1091,76,0,0
BRDA:1091,76,1,0
BRF:158
BRH:0
end_of_record
TN:
SF:src\modules\requests\requests.helpers.js
FN:13,(anonymous_0)
FN:20,(anonymous_1)
FN:32,(anonymous_2)
FN:41,(anonymous_3)
FN:75,(anonymous_4)
FN:130,(anonymous_5)
FN:154,(anonymous_6)
FN:162,(anonymous_7)
FNF:8
FNH:0
FNDA:0,(anonymous_0)
FNDA:0,(anonymous_1)
FNDA:0,(anonymous_2)
FNDA:0,(anonymous_3)
FNDA:0,(anonymous_4)
FNDA:0,(anonymous_5)
FNDA:0,(anonymous_6)
FNDA:0,(anonymous_7)
DA:1,0
DA:2,0
DA:10,0
DA:13,0
DA:14,0
DA:15,0
DA:16,0
DA:20,0
DA:21,0
DA:22,0
DA:24,0
DA:25,0
DA:28,0
DA:29,0
DA:32,0
DA:33,0
DA:34,0
DA:37,0
DA:38,0
DA:41,0
DA:42,0
DA:43,0
DA:44,0
DA:48,0
DA:49,0
DA:53,0
DA:54,0
DA:55,0
DA:58,0
DA:59,0
DA:60,0
DA:63,0
DA:64,0
DA:67,0
DA:75,0
DA:76,0
DA:77,0
DA:78,0
DA:82,0
DA:83,0
DA:91,0
DA:92,0
DA:94,0
DA:102,0
DA:103,0
DA:105,0
DA:113,0
DA:114,0
DA:119,0
DA:127,0
DA:130,0
DA:131,0
DA:137,0
DA:140,0
DA:144,0
DA:147,0
DA:148,0
DA:151,0
DA:154,0
DA:155,0
DA:156,0
DA:159,0
DA:162,0
DA:163,0
DA:164,0
DA:167,0
DA:174,0
DA:175,0
DA:178,0
DA:179,0
DA:180,0
DA:182,0
DA:184,0
DA:186,0
DA:187,0
DA:190,0
DA:191,0
DA:193,0
DA:196,0
LF:79
LH:0
BRDA:13,0,0,0
BRDA:24,1,0,0
BRDA:24,1,1,0
BRDA:24,2,0,0
BRDA:24,2,1,0
BRDA:33,3,0,0
BRDA:33,3,1,0
BRDA:38,4,0,0
BRDA:38,4,1,0
BRDA:42,5,0,0
BRDA:42,5,1,0
BRDA:43,6,0,0
BRDA:43,6,1,0
BRDA:44,7,0,0
BRDA:44,7,1,0
BRDA:44,8,0,0
BRDA:44,8,1,0
BRDA:44,8,2,0
BRDA:48,9,0,0
BRDA:48,9,1,0
BRDA:49,10,0,0
BRDA:49,10,1,0
BRDA:49,11,0,0
BRDA:49,11,1,0
BRDA:49,11,2,0
BRDA:53,12,0,0
BRDA:53,12,1,0
BRDA:58,13,0,0
BRDA:58,13,1,0
BRDA:60,14,0,0
BRDA:60,14,1,0
BRDA:60,15,0,0
BRDA:60,15,1,0
BRDA:63,16,0,0
BRDA:63,16,1,0
BRDA:63,17,0,0
BRDA:63,17,1,0
BRDA:63,17,2,0
BRDA:64,18,0,0
BRDA:64,18,1,0
BRDA:70,19,0,0
BRDA:70,19,1,0
BRDA:70,20,0,0
BRDA:70,20,1,0
BRDA:76,21,0,0
BRDA:76,21,1,0
BRDA:77,22,0,0
BRDA:77,22,1,0
BRDA:78,23,0,0
BRDA:78,23,1,0
BRDA:78,24,0,0
BRDA:78,24,1,0
BRDA:78,24,2,0
BRDA:82,25,0,0
BRDA:82,25,1,0
BRDA:91,26,0,0
BRDA:91,26,1,0
BRDA:95,27,0,0
BRDA:95,27,1,0
BRDA:96,28,0,0
BRDA:96,28,1,0
BRDA:102,29,0,0
BRDA:102,29,1,0
BRDA:103,30,0,0
BRDA:103,30,1,0
BRDA:103,31,0,0
BRDA:103,31,1,0
BRDA:107,32,0,0
BRDA:107,32,1,0
BRDA:113,33,0,0
BRDA:113,33,1,0
BRDA:114,34,0,0
BRDA:114,34,1,0
BRDA:114,34,2,0
BRDA:114,34,3,0
BRDA:120,35,0,0
BRDA:120,35,1,0
BRDA:121,36,0,0
BRDA:121,36,1,0
BRDA:131,37,0,0
BRDA:131,37,1,0
BRDA:132,38,0,0
BRDA:132,38,1,0
BRDA:132,38,2,0
BRDA:132,38,3,0
BRDA:140,39,0,0
BRDA:140,39,1,0
BRDA:141,40,0,0
BRDA:141,40,1,0
BRDA:141,40,2,0
BRDA:147,41,0,0
BRDA:147,41,1,0
BRDA:147,42,0,0
BRDA:147,42,1,0
BRDA:155,43,0,0
BRDA:155,43,1,0
BRDA:156,44,0,0
BRDA:156,44,1,0
BRDA:159,45,0,0
BRDA:159,45,1,0
BRDA:163,46,0,0
BRDA:163,46,1,0
BRDA:163,47,0,0
BRDA:163,47,1,0
BRDA:174,48,0,0
BRDA:174,48,1,0
BRDA:174,49,0,0
BRDA:174,49,1,0
BRDA:178,50,0,0
BRDA:178,50,1,0
BRDA:186,51,0,0
BRDA:186,51,1,0
BRF:112
BRH:0
end_of_record
TN:
SF:src\modules\requests\requests.routes.js
FNF:0
FNH:0
DA:1,0
DA:23,0
DA:24,0
DA:26,0
DA:29,0
DA:32,0
DA:35,0
DA:38,0
DA:41,0
DA:44,0
DA:47,0
DA:50,0
DA:53,0
DA:56,0
DA:59,0
DA:62,0
DA:65,0
DA:68,0
DA:71,0
DA:74,0
DA:77,0
DA:80,0
DA:83,0
DA:86,0
DA:88,0
LF:25
LH:0
BRF:0
BRH:0
end_of_record
TN:
SF:src\modules\users\users.controller.js
FN:5,(anonymous_0)
FN:40,(anonymous_1)
FN:83,(anonymous_2)
FN:181,(anonymous_3)
FN:221,(anonymous_4)
FNF:5
FNH:0
FNDA:0,(anonymous_0)
FNDA:0,(anonymous_1)
FNDA:0,(anonymous_2)
FNDA:0,(anonymous_3)
FNDA:0,(anonymous_4)
DA:1,0
DA:2,0
DA:5,0
DA:6,0
DA:7,0
DA:22,0
DA:24,0
DA:30,0
DA:31,0
DA:40,0
DA:41,0
DA:42,0
DA:44,0
DA:59,0
DA:61,0
DA:62,0
DA:68,0
DA:73,0
DA:74,0
DA:83,0
DA:84,0
DA:85,0
DA:86,0
DA:88,0
DA:93,0
DA:94,0
DA:100,0
DA:101,0
DA:106,0
DA:107,0
DA:115,0
DA:116,0
DA:121,0
DA:122,0
DA:128,0
DA:131,0
DA:132,0
DA:137,0
DA:138,0
DA:145,0
DA:152,0
DA:153,0
DA:159,0
DA:161,0
DA:166,0
DA:171,0
DA:172,0
DA:181,0
DA:182,0
DA:183,0
DA:185,0
DA:190,0
DA:191,0
DA:197,0
DA:198,0
DA:204,0
DA:206,0
DA:211,0
DA:212,0
DA:221,0
DA:222,0
DA:223,0
DA:225,0
DA:230,0
DA:231,0
DA:237,0
DA:238,0
DA:244,0
DA:246,0
DA:251,0
DA:257,0
DA:258,0
DA:266,0
LF:73
LH:0
BRDA:61,0,0,0
BRDA:61,0,1,0
BRDA:93,1,0,0
BRDA:93,1,1,0
BRDA:100,2,0,0
BRDA:100,2,1,0
BRDA:106,3,0,0
BRDA:106,3,1,0
BRDA:115,4,0,0
BRDA:115,4,1,0
BRDA:121,5,0,0
BRDA:121,5,1,0
BRDA:131,6,0,0
BRDA:131,6,1,0
BRDA:131,7,0,0
BRDA:131,7,1,0
BRDA:137,8,0,0
BRDA:137,8,1,0
BRDA:152,9,0,0
BRDA:152,9,1,0
BRDA:190,10,0,0
BRDA:190,10,1,0
BRDA:197,11,0,0
BRDA:197,11,1,0
BRDA:230,12,0,0
BRDA:230,12,1,0
BRDA:237,13,0,0
BRDA:237,13,1,0
BRDA:237,14,0,0
BRDA:237,14,1,0
BRDA:253,15,0,0
BRDA:253,15,1,0
BRF:32
BRH:0
end_of_record
TN:
SF:src\modules\users\users.helpers.js
FN:2,(anonymous_0)
FN:6,(anonymous_1)
FNF:2
FNH:0
FNDA:0,(anonymous_0)
FNDA:0,(anonymous_1)
DA:2,0
DA:3,0
DA:6,0
DA:7,0
DA:8,0
DA:10,0
DA:11,0
DA:12,0
DA:15,0
DA:16,0
DA:17,0
DA:20,0
DA:21,0
DA:22,0
DA:25,0
DA:28,0
LF:16
LH:0
BRDA:10,0,0,0
BRDA:10,0,1,0
BRDA:15,1,0,0
BRDA:15,1,1,0
BRDA:20,2,0,0
BRDA:20,2,1,0
BRDA:22,3,0,0
BRDA:22,3,1,0
BRF:8
BRH:0
end_of_record
TN:
SF:src\modules\users\users.routes.js
FNF:0
FNH:0
DA:1,0
DA:2,0
DA:10,0
DA:15,0
DA:18,0
DA:19,0
DA:21,0
DA:22,0
DA:23,0
DA:24,0
DA:25,0
DA:27,0
LF:12
LH:0
BRF:0
BRH:0
end_of_record
TN:
SF:src\utils\validators.js
FN:11,(anonymous_0)
FN:41,(anonymous_1)
FN:65,(anonymous_2)
FN:105,(anonymous_3)
FN:118,(anonymous_4)
FN:139,(anonymous_5)
FN:166,(anonymous_6)
FN:199,(anonymous_7)
FN:226,(anonymous_8)
FN:256,(anonymous_9)
FN:283,(anonymous_10)
FNF:11
FNH:8
FNDA:12,(anonymous_0)
FNDA:6,(anonymous_1)
FNDA:13,(anonymous_2)
FNDA:3,(anonymous_3)
FNDA:4,(anonymous_4)
FNDA:6,(anonymous_5)
FNDA:7,(anonymous_6)
FNDA:3,(anonymous_7)
FNDA:0,(anonymous_8)
FNDA:0,(anonymous_9)
FNDA:0,(anonymous_10)
DA:11,1
DA:12,12
DA:13,2
DA:16,10
DA:19,10
DA:20,1
DA:23,9
DA:24,1
DA:28,8
DA:29,8
DA:30,2
DA:33,6
DA:41,1
DA:42,6
DA:43,1
DA:47,5
DA:48,1
DA:52,4
DA:53,4
DA:54,2
DA:57,2
DA:65,1
DA:66,13
DA:67,1
DA:70,12
DA:73,12
DA:74,1
DA:77,11
DA:78,1
DA:82,10
DA:83,3
DA:87,7
DA:88,1
DA:92,6
DA:93,1
DA:96,5
DA:105,1
DA:106,3
DA:107,2
DA:110,1
DA:118,1
DA:119,4
DA:120,1
DA:124,3
DA:125,3
DA:126,1
DA:129,2
DA:139,1
DA:140,6
DA:141,1
DA:144,5
DA:146,5
DA:147,1
DA:150,4
DA:151,1
DA:154,3
DA:155,1
DA:158,2
DA:166,1
DA:167,7
DA:168,1
DA:171,6
DA:172,6
DA:173,1
DA:176,5
DA:177,5
DA:178,0
DA:181,5
DA:182,5
DA:187,1
DA:190,4
DA:199,1
DA:200,3
DA:201,3
DA:202,0
DA:205,3
DA:206,3
DA:207,3
DA:208,3
DA:210,3
DA:211,0
DA:214,3
DA:215,1
DA:218,2
DA:226,1
DA:227,0
DA:228,0
DA:231,0
DA:233,0
DA:234,0
DA:237,0
DA:238,0
DA:242,0
DA:243,0
DA:244,0
DA:247,0
DA:256,1
DA:257,0
DA:258,0
DA:261,0
DA:262,0
DA:266,0
DA:267,0
DA:271,0
DA:272,0
DA:275,0
DA:283,1
DA:284,0
DA:285,0
DA:288,0
DA:289,0
DA:292,0
DA:295,1
LF:113
LH:85
BRDA:12,0,0,2
BRDA:12,0,1,10
BRDA:12,1,0,12
BRDA:12,1,1,11
BRDA:19,2,0,1
BRDA:19,2,1,9
BRDA:23,3,0,1
BRDA:23,3,1,8
BRDA:29,4,0,2
BRDA:29,4,1,6
BRDA:42,5,0,1
BRDA:42,5,1,5
BRDA:42,6,0,6
BRDA:42,6,1,5
BRDA:47,7,0,1
BRDA:47,7,1,4
BRDA:53,8,0,2
BRDA:53,8,1,2
BRDA:66,9,0,1
BRDA:66,9,1,12
BRDA:66,10,0,13
BRDA:66,10,1,12
BRDA:73,11,0,1
BRDA:73,11,1,11
BRDA:77,12,0,1
BRDA:77,12,1,10
BRDA:82,13,0,3
BRDA:82,13,1,7
BRDA:87,14,0,1
BRDA:87,14,1,6
BRDA:92,15,0,1
BRDA:92,15,1,5
BRDA:106,16,0,2
BRDA:106,16,1,1
BRDA:119,17,0,1
BRDA:119,17,1,3
BRDA:119,18,0,4
BRDA:119,18,1,3
BRDA:125,19,0,1
BRDA:125,19,1,2
BRDA:139,20,0,0
BRDA:139,21,0,4
BRDA:140,22,0,1
BRDA:140,22,1,5
BRDA:140,23,0,6
BRDA:140,23,1,6
BRDA:140,23,2,6
BRDA:146,24,0,1
BRDA:146,24,1,4
BRDA:150,25,0,1
BRDA:150,25,1,3
BRDA:154,26,0,1
BRDA:154,26,1,2
BRDA:154,27,0,3
BRDA:154,27,1,1
BRDA:167,28,0,1
BRDA:167,28,1,6
BRDA:172,29,0,1
BRDA:172,29,1,5
BRDA:177,30,0,0
BRDA:177,30,1,5
BRDA:182,31,0,1
BRDA:182,31,1,4
BRDA:183,32,0,5
BRDA:183,32,1,5
BRDA:183,32,2,4
BRDA:199,33,0,0
BRDA:201,34,0,0
BRDA:201,34,1,3
BRDA:210,35,0,0
BRDA:210,35,1,3
BRDA:210,36,0,3
BRDA:210,36,1,3
BRDA:210,36,2,3
BRDA:214,37,0,1
BRDA:214,37,1,2
BRDA:227,38,0,0
BRDA:227,38,1,0
BRDA:227,39,0,0
BRDA:227,39,1,0
BRDA:233,40,0,0
BRDA:233,40,1,0
BRDA:237,41,0,0
BRDA:237,41,1,0
BRDA:243,42,0,0
BRDA:243,42,1,0
BRDA:257,43,0,0
BRDA:257,43,1,0
BRDA:257,44,0,0
BRDA:257,44,1,0
BRDA:261,45,0,0
BRDA:261,45,1,0
BRDA:261,46,0,0
BRDA:261,46,1,0
BRDA:266,47,0,0
BRDA:266,47,1,0
BRDA:271,48,0,0
BRDA:271,48,1,0
BRDA:284,49,0,0
BRDA:284,49,1,0
BRDA:284,50,0,0
BRDA:284,50,1,0
BRDA:288,51,0,0
BRDA:288,51,1,0
BRF:104
BRH:71
end_of_record
